

Microchip Technology PIC18 LITE Macro Assembler V1.32 build 58300 
                                                                                               Thu Oct 04 08:19:15 2018

Microchip Technology Omniscient Code Generator (Lite mode) build 58300
     1                           	processor	18F4550
     2                           	fnconf	rparam,??,?,0
     3                           	opt	pw 120
     4                           	opt	lm
     5                           	psect	intcode_body,global,reloc=2,class=CODE,delta=1
     6                           	psect	cinit,global,reloc=2,class=CODE,delta=1
     7                           	psect	cstackCOMRAM,global,class=COMRAM,space=1,delta=1
     8                           	psect	text0,global,reloc=2,class=CODE,delta=1
     9                           	psect	intcode,global,reloc=2,class=CODE,delta=1
    10                           	psect	intsave_regs,global,class=BIGRAM,space=1,delta=1
    11                           	psect	rparam,global,class=COMRAM,space=1,delta=1
    12  0000                     _ADCON1	set	4033
    13  0000                     _INTCON2bits	set	4081
    14  0000                     _INTCONbits	set	4082
    15  0000                     _PORTD	set	3971
    16  0000                     _RCONbits	set	4048
    17  0000                     _T0CON	set	4053
    18  0000                     _TMR0H	set	4055
    19  0000                     _TMR0L	set	4054
    20  0000                     _TRISD	set	3989
    21                           
    22                           	psect	intcode_body
    23  00001C                     __pintcode_body:
    24                           	opt stack 0
    25                           
    26                           ; #config settings
    27  00001C                     int_func:
    28                           	opt stack 30
    29  00001C  0006               	pop		; remove dummy address from shadow register refresh
    30  00001E  CFEA F004          	movff	fsr0h,??_interrupcione+3
    31  000022  CFE1 F005          	movff	fsr1l,??_interrupcione+4
    32  000026  CFE2 F006          	movff	fsr1h,??_interrupcione+5
    33  00002A  CFD9 F007          	movff	fsr2l,??_interrupcione+6
    34  00002E  CFDA F008          	movff	fsr2h,??_interrupcione+7
    35  000032  CFF3 F009          	movff	prodl,??_interrupcione+8
    36  000036  CFF4 F00A          	movff	prodh,??_interrupcione+9
    37  00003A  CFF6 F00B          	movff	tblptrl,??_interrupcione+10
    38  00003E  CFF7 F00C          	movff	tblptrh,??_interrupcione+11
    39  000042  CFF8 F00D          	movff	tblptru,??_interrupcione+12
    40  000046  CFF5 F00E          	movff	tablat,??_interrupcione+13
    41                           
    42                           ;Timers.c: 38: if(INTCONbits.TMR0IF==1){
    43  00004A  A4F2               	btfss	intcon,2,c	;volatile
    44  00004C  D006               	goto	i2l28
    45                           
    46                           ;Timers.c: 39: PORTD +=1;
    47  00004E  2A83               	incf	3971,f,c	;volatile
    48                           
    49                           ;Timers.c: 40: TMR0H=0x48;
    50  000050  0E48               	movlw	72
    51  000052  6ED7               	movwf	4055,c	;volatile
    52                           
    53                           ;Timers.c: 41: TMR0L=0xE5;
    54  000054  0EE5               	movlw	229
    55  000056  6ED6               	movwf	4054,c	;volatile
    56                           
    57                           ;Timers.c: 42: INTCONbits.TMR0IF=0;
    58  000058  94F2               	bcf	intcon,2,c	;volatile
    59  00005A                     i2l28:
    60  00005A  C00E  FFF5         	movff	??_interrupcione+13,tablat
    61  00005E  C00D  FFF8         	movff	??_interrupcione+12,tblptru
    62  000062  C00C  FFF7         	movff	??_interrupcione+11,tblptrh
    63  000066  C00B  FFF6         	movff	??_interrupcione+10,tblptrl
    64  00006A  C00A  FFF4         	movff	??_interrupcione+9,prodh
    65  00006E  C009  FFF3         	movff	??_interrupcione+8,prodl
    66  000072  C008  FFDA         	movff	??_interrupcione+7,fsr2h
    67  000076  C007  FFD9         	movff	??_interrupcione+6,fsr2l
    68  00007A  C006  FFE2         	movff	??_interrupcione+5,fsr1h
    69  00007E  C005  FFE1         	movff	??_interrupcione+4,fsr1l
    70  000082  C004  FFEA         	movff	??_interrupcione+3,fsr0h
    71  000086  C003  FFE9         	movff	??_interrupcione+2,fsr0l
    72  00008A  C002  FFFB         	movff	??_interrupcione+1,pclatu
    73  00008E  C001  FFFA         	movff	??_interrupcione,pclath
    74  000092  0011               	retfie		f
    75  000094                     __end_of_interrupcione:
    76                           	opt stack 0
    77  0000                     pclatu	equ	0xFFB
    78                           pclath	equ	0xFFA
    79                           tblptru	equ	0xFF8
    80                           tblptrh	equ	0xFF7
    81                           tblptrl	equ	0xFF6
    82                           tablat	equ	0xFF5
    83                           prodh	equ	0xFF4
    84                           prodl	equ	0xFF3
    85                           intcon	equ	0xFF2
    86                           fsr0h	equ	0xFEA
    87                           fsr0l	equ	0xFE9
    88                           fsr1h	equ	0xFE2
    89                           fsr1l	equ	0xFE1
    90                           fsr2h	equ	0xFDA
    91                           fsr2l	equ	0xFD9
    92                           
    93                           	psect	cinit
    94  0000BA                     __pcinit:
    95                           	opt stack 0
    96  0000BA                     start_initialization:
    97                           	opt stack 0
    98  0000BA                     __initialization:
    99                           	opt stack 0
   100  0000BA                     end_of_initialization:
   101                           	opt stack 0
   102  0000BA                     __end_of__initialization:
   103                           	opt stack 0
   104  0000BA  0100               	movlb	0
   105  0000BC  EF4A  F000         	goto	_main	;jump to C main() function
   106                           pclatu	equ	0xFFB
   107                           pclath	equ	0xFFA
   108                           tblptru	equ	0xFF8
   109                           tblptrh	equ	0xFF7
   110                           tblptrl	equ	0xFF6
   111                           tablat	equ	0xFF5
   112                           prodh	equ	0xFF4
   113                           prodl	equ	0xFF3
   114                           intcon	equ	0xFF2
   115                           fsr0h	equ	0xFEA
   116                           fsr0l	equ	0xFE9
   117                           fsr1h	equ	0xFE2
   118                           fsr1l	equ	0xFE1
   119                           fsr2h	equ	0xFDA
   120                           fsr2l	equ	0xFD9
   121                           
   122                           	psect	cstackCOMRAM
   123  000001                     __pcstackCOMRAM:
   124                           	opt stack 0
   125  000001                     ??_interrupcione:
   126                           
   127                           ; 0 bytes @ 0x0
   128  000001                     	ds	14
   129  00000F                     pclatu	equ	0xFFB
   130                           pclath	equ	0xFFA
   131                           tblptru	equ	0xFF8
   132                           tblptrh	equ	0xFF7
   133                           tblptrl	equ	0xFF6
   134                           tablat	equ	0xFF5
   135                           prodh	equ	0xFF4
   136                           prodl	equ	0xFF3
   137                           intcon	equ	0xFF2
   138                           fsr0h	equ	0xFEA
   139                           fsr0l	equ	0xFE9
   140                           fsr1h	equ	0xFE2
   141                           fsr1l	equ	0xFE1
   142                           fsr2h	equ	0xFDA
   143                           fsr2l	equ	0xFD9
   144                           
   145                           ; 0 bytes @ 0xE
   146 ;;
   147 ;;Main: autosize = 0, tempsize = 0, incstack = 0, save=0
   148 ;;
   149 ;; *************** function _main *****************
   150 ;; Defined at:
   151 ;;		line 17 in file "Timers.c"
   152 ;; Parameters:    Size  Location     Type
   153 ;;		None
   154 ;; Auto vars:     Size  Location     Type
   155 ;;		None
   156 ;; Return value:  Size  Location     Type
   157 ;;		None               void
   158 ;; Registers used:
   159 ;;		wreg, status,2
   160 ;; Tracked objects:
   161 ;;		On entry : 0/0
   162 ;;		On exit  : 0/0
   163 ;;		Unchanged: 0/0
   164 ;; Data sizes:     COMRAM   BANK0   BANK1   BANK2   BANK3   BANK4   BANK5   BANK6   BANK7
   165 ;;      Params:         0       0       0       0       0       0       0       0       0
   166 ;;      Locals:         0       0       0       0       0       0       0       0       0
   167 ;;      Temps:          0       0       0       0       0       0       0       0       0
   168 ;;      Totals:         0       0       0       0       0       0       0       0       0
   169 ;;Total ram usage:        0 bytes
   170 ;; Hardware stack levels required when called:    1
   171 ;; This function calls:
   172 ;;		Nothing
   173 ;; This function is called by:
   174 ;;		Startup code after reset
   175 ;; This function uses a non-reentrant model
   176 ;;
   177                           
   178                           	psect	text0
   179  000094                     __ptext0:
   180                           	opt stack 0
   181  000094                     _main:
   182                           	opt stack 30
   183                           
   184                           ;Timers.c: 18: ADCON1=0b00001111;
   185                           
   186                           ;incstack = 0
   187  000094  0E0F               	movlw	15
   188  000096  6EC1               	movwf	4033,c	;volatile
   189                           
   190                           ;Timers.c: 19: TRISD=0b00000000;
   191  000098  0E00               	movlw	0
   192  00009A  6E95               	movwf	3989,c	;volatile
   193                           
   194                           ;Timers.c: 20: PORTD=0b00000000;
   195  00009C  0E00               	movlw	0
   196  00009E  6E83               	movwf	3971,c	;volatile
   197                           
   198                           ;Timers.c: 22: TMR0H=0x48;
   199  0000A0  0E48               	movlw	72
   200  0000A2  6ED7               	movwf	4055,c	;volatile
   201                           
   202                           ;Timers.c: 23: TMR0L=0xE5;
   203  0000A4  0EE5               	movlw	229
   204  0000A6  6ED6               	movwf	4054,c	;volatile
   205                           
   206                           ;Timers.c: 25: T0CON=0b10010111;
   207  0000A8  0E97               	movlw	151
   208  0000AA  6ED5               	movwf	4053,c	;volatile
   209                           
   210                           ;Timers.c: 27: INTCONbits.GIE=1;
   211  0000AC  8EF2               	bsf	intcon,7,c	;volatile
   212                           
   213                           ;Timers.c: 28: INTCONbits.PEIE=1;
   214  0000AE  8CF2               	bsf	intcon,6,c	;volatile
   215                           
   216                           ;Timers.c: 29: RCONbits.IPEN=0;
   217  0000B0  9ED0               	bcf	4048,7,c	;volatile
   218                           
   219                           ;Timers.c: 30: INTCONbits.T0IF=0;
   220  0000B2  94F2               	bcf	intcon,2,c	;volatile
   221                           
   222                           ;Timers.c: 31: INTCON2bits.T0IP=1;
   223  0000B4  84F1               	bsf	intcon2,2,c	;volatile
   224                           
   225                           ;Timers.c: 32: INTCONbits.T0IE=1;
   226  0000B6  8AF2               	bsf	intcon,5,c	;volatile
   227  0000B8                     l21:
   228  0000B8  D7FF               	goto	l21
   229  0000BA                     __end_of_main:
   230                           	opt stack 0
   231                           pclatu	equ	0xFFB
   232                           pclath	equ	0xFFA
   233                           tblptru	equ	0xFF8
   234                           tblptrh	equ	0xFF7
   235                           tblptrl	equ	0xFF6
   236                           tablat	equ	0xFF5
   237                           prodh	equ	0xFF4
   238                           prodl	equ	0xFF3
   239                           intcon	equ	0xFF2
   240                           intcon2	equ	0xFF1
   241                           fsr0h	equ	0xFEA
   242                           fsr0l	equ	0xFE9
   243                           fsr1h	equ	0xFE2
   244                           fsr1l	equ	0xFE1
   245                           fsr2h	equ	0xFDA
   246                           fsr2l	equ	0xFD9
   247                           
   248 ;; *************** function _interrupcione *****************
   249 ;; Defined at:
   250 ;;		line 37 in file "Timers.c"
   251 ;; Parameters:    Size  Location     Type
   252 ;;		None
   253 ;; Auto vars:     Size  Location     Type
   254 ;;		None
   255 ;; Return value:  Size  Location     Type
   256 ;;		None               void
   257 ;; Registers used:
   258 ;;		wreg, status,2, status,0
   259 ;; Tracked objects:
   260 ;;		On entry : 0/0
   261 ;;		On exit  : 0/0
   262 ;;		Unchanged: 0/0
   263 ;; Data sizes:     COMRAM   BANK0   BANK1   BANK2   BANK3   BANK4   BANK5   BANK6   BANK7
   264 ;;      Params:         0       0       0       0       0       0       0       0       0
   265 ;;      Locals:         0       0       0       0       0       0       0       0       0
   266 ;;      Temps:         14       0       0       0       0       0       0       0       0
   267 ;;      Totals:        14       0       0       0       0       0       0       0       0
   268 ;;Total ram usage:       14 bytes
   269 ;; Hardware stack levels used:    1
   270 ;; This function calls:
   271 ;;		Nothing
   272 ;; This function is called by:
   273 ;;		Interrupt level 2
   274 ;; This function uses a non-reentrant model
   275 ;;
   276                           
   277                           	psect	intcode
   278  000008                     __pintcode:
   279                           	opt stack 0
   280  000008                     _interrupcione:
   281                           	opt stack 30
   282                           
   283                           ;incstack = 0
   284  000008  CFFA F001          	movff	pclath,??_interrupcione
   285  00000C  CFFB F002          	movff	pclatu,??_interrupcione+1
   286  000010  CFE9 F003          	movff	fsr0l,??_interrupcione+2
   287  000014  ED0E  F000         	call	int_func,f	;refresh shadow registers
   288                           pclatu	equ	0xFFB
   289                           pclath	equ	0xFFA
   290                           tblptru	equ	0xFF8
   291                           tblptrh	equ	0xFF7
   292                           tblptrl	equ	0xFF6
   293                           tablat	equ	0xFF5
   294                           prodh	equ	0xFF4
   295                           prodl	equ	0xFF3
   296                           intcon	equ	0xFF2
   297                           intcon2	equ	0xFF1
   298                           fsr0h	equ	0xFEA
   299                           fsr0l	equ	0xFE9
   300                           fsr1h	equ	0xFE2
   301                           fsr1l	equ	0xFE1
   302                           fsr2h	equ	0xFDA
   303                           fsr2l	equ	0xFD9
   304                           pclatu	equ	0xFFB
   305                           pclath	equ	0xFFA
   306                           tblptru	equ	0xFF8
   307                           tblptrh	equ	0xFF7
   308                           tblptrl	equ	0xFF6
   309                           tablat	equ	0xFF5
   310                           prodh	equ	0xFF4
   311                           prodl	equ	0xFF3
   312                           intcon	equ	0xFF2
   313                           intcon2	equ	0xFF1
   314                           fsr0h	equ	0xFEA
   315                           fsr0l	equ	0xFE9
   316                           fsr1h	equ	0xFE2
   317                           fsr1l	equ	0xFE1
   318                           fsr2h	equ	0xFDA
   319                           fsr2l	equ	0xFD9
   320                           
   321                           	psect	rparam
   322  0000                     pclatu	equ	0xFFB
   323                           pclath	equ	0xFFA
   324                           tblptru	equ	0xFF8
   325                           tblptrh	equ	0xFF7
   326                           tblptrl	equ	0xFF6
   327                           tablat	equ	0xFF5
   328                           prodh	equ	0xFF4
   329                           prodl	equ	0xFF3
   330                           intcon	equ	0xFF2
   331                           intcon2	equ	0xFF1
   332                           fsr0h	equ	0xFEA
   333                           fsr0l	equ	0xFE9
   334                           fsr1h	equ	0xFE2
   335                           fsr1l	equ	0xFE1
   336                           fsr2h	equ	0xFDA
   337                           fsr2l	equ	0xFD9


Data Sizes:
    Strings     0
    Constant    0
    Data        0
    BSS         0
    Persistent  0
    Stack       0

Auto Spaces:
    Space          Size  Autos    Used
    COMRAM           95     14      14
    BANK0           160      0       0
    BANK1           256      0       0
    BANK2           256      0       0
    BANK3           256      0       0
    BANK4           256      0       0
    BANK5           256      0       0
    BANK6           256      0       0
    BANK7           256      0       0

Pointer List with Targets:

    None.

Critical Paths under _main in COMRAM

    None.

Critical Paths under _interrupcione in COMRAM

    None.

Critical Paths under _main in BANK0

    None.

Critical Paths under _interrupcione in BANK0

    None.

Critical Paths under _main in BANK1

    None.

Critical Paths under _interrupcione in BANK1

    None.

Critical Paths under _main in BANK2

    None.

Critical Paths under _interrupcione in BANK2

    None.

Critical Paths under _main in BANK3

    None.

Critical Paths under _interrupcione in BANK3

    None.

Critical Paths under _main in BANK4

    None.

Critical Paths under _interrupcione in BANK4

    None.

Critical Paths under _main in BANK5

    None.

Critical Paths under _interrupcione in BANK5

    None.

Critical Paths under _main in BANK6

    None.

Critical Paths under _interrupcione in BANK6

    None.

Critical Paths under _main in BANK7

    None.

Critical Paths under _interrupcione in BANK7

    None.

Call Graph Tables:

 ---------------------------------------------------------------------------------
 (Depth) Function   	        Calls       Base Space   Used Autos Params    Refs
 ---------------------------------------------------------------------------------
 (0) _main                                                 0     0      0       0
 ---------------------------------------------------------------------------------
 Estimated maximum stack depth 0
 ---------------------------------------------------------------------------------
 (Depth) Function   	        Calls       Base Space   Used Autos Params    Refs
 ---------------------------------------------------------------------------------
 (1) _interrupcione                                       14    14      0       0
                                              0 COMRAM    14    14      0
 ---------------------------------------------------------------------------------
 Estimated maximum stack depth 1
 ---------------------------------------------------------------------------------

 Call Graph Graphs:

 _main (ROOT)

 _interrupcione (ROOT)

 Address spaces:
Name               Size   Autos  Total    Cost      Usage
BITCOMRAM           5F      0       0       0        0.0%
EEDATA             100      0       0       0        0.0%
NULL                 0      0       0       0        0.0%
CODE                 0      0       0       0        0.0%
COMRAM              5F      E       E       1       14.7%
STACK                0      0       0       2        0.0%
DATA                 0      0       0       3        0.0%
BITBANK0            A0      0       0       4        0.0%
BANK0               A0      0       0       5        0.0%
BITBANK1           100      0       0       6        0.0%
BANK1              100      0       0       7        0.0%
BITBANK2           100      0       0       8        0.0%
BANK2              100      0       0       9        0.0%
BITBANK3           100      0       0      10        0.0%
BANK3              100      0       0      11        0.0%
BITBANK4           100      0       0      12        0.0%
BANK4              100      0       0      13        0.0%
BITBANK5           100      0       0      14        0.0%
BANK5              100      0       0      15        0.0%
BITBANK6           100      0       0      16        0.0%
BANK6              100      0       0      17        0.0%
BITBANK7           100      0       0      18        0.0%
BANK7              100      0       0      19        0.0%
ABS                  0      0       0      20        0.0%
BIGRAM             7FF      0       0      21        0.0%
BITSFR               0      0       0      40        0.0%
SFR                  0      0       0      40        0.0%


Microchip Technology PIC18 Macro Assembler V1.32 build 58300 
Symbol Table                                                                                   Thu Oct 04 08:19:15 2018

  __end_of_interrupcione 0094                       l21 00B8              __CFG_BORV$3 000000  
     __CFG_FOSC$XTPLL_XT 000000             __CFG_CP0$OFF 000000             __CFG_CP1$OFF 000000  
           __CFG_CP2$OFF 000000             __CFG_CP3$OFF 000000             __CFG_CPB$OFF 000000  
           __CFG_CPD$OFF 000000             __CFG_BOR$OFF 000000             __CFG_LVP$OFF 000000  
           __CFG_WDT$OFF 000000                     i2l28 005A             __CFG_PWRT$ON 000000  
                   _main 0094                     fsr0h 000FEA                     fsr1h 000FE2  
                   fsr0l 000FE9                     fsr2h 000FDA                     fsr1l 000FE1  
                   fsr2l 000FD9                     pclat 000FFA                     prodh 000FF4  
                   prodl 000FF3                     start 0018            __CFG_IESO$OFF 000000  
          __CFG_MCLRE$ON 000000            __CFG_PLLDIV$1 000000                    ?_main 0001  
                  _T0CON 000FD5                    _TMR0H 000FD7                    _TMR0L 000FD6  
                  _PORTD 000F83            __CFG_USBDIV$1 000000                    _TRISD 000F95  
          __CFG_WRT0$OFF 000000            __CFG_WRT1$OFF 000000            __CFG_WRT2$OFF 000000  
          __CFG_WRT3$OFF 000000           __CFG_EBTR0$OFF 000000           __CFG_FCMEN$OFF 000000  
         __CFG_EBTR1$OFF 000000           __CFG_EBTR2$OFF 000000           __CFG_EBTR3$OFF 000000  
          __CFG_WRTB$OFF 000000            __CFG_WRTC$OFF 000000            __CFG_WRTD$OFF 000000  
         __CFG_EBTRB$OFF 000000                    tablat 000FF5           __CFG_ICPRT$OFF 000000  
        __initialization 00BA             __end_of_main 00BA                   ??_main 000F  
          __activetblptr 000000          __CFG_CCP2MX$OFF 000000                   _ADCON1 000FC1  
         __CFG_XINST$OFF 000000                   tblptrh 000FF7                   tblptrl 000FF6  
                 tblptru 000FF8               __accesstop 0060  __end_of__initialization 00BA  
        __CFG_PBADEN$OFF 000000           __pcstackCOMRAM 0001   __size_of_interrupcione 008C  
        __CFG_VREGEN$OFF 000000                  __Hparam 0000                  __Lparam 0000  
        __CFG_STVREN$OFF 000000                  __pcinit 00BA                  __ramtop 0800  
                __ptext0 0094           __pintcode_body 001C     end_of_initialization 00BA  
                int_func 001C            _interrupcione 0008           ?_interrupcione 0001  
    start_initialization 00BA         __CFG_LPT1OSC$OFF 000000          ??_interrupcione 0001  
              __pintcode 0008                 _RCONbits 000FD0         __CFG_WDTPS$32768 000000  
            _INTCON2bits 000FF1                 __Hrparam 0000                 __Lrparam 0000  
          __size_of_main 0026    __CFG_CPUDIV$OSC1_PLL2 000000               _INTCONbits 000FF2  
               intlevel2 0000  
