

Microchip MPLAB XC8 Assembler V2.05 build -831301201 
                                                                                               Thu Jan 31 08:01:33 2019

Microchip MPLAB XC8 C Compiler v2.05 (Free license) build 20181220022703 Og1 
     1                           	processor	18F4550
     2                           	fnconf	rparam,??,?,0
     3                           	opt	pw 120
     4                           	opt	flic
     5                           	psect	cinit,global,reloc=2,class=CODE,delta=1
     6                           	psect	cstackCOMRAM,global,class=COMRAM,space=1,delta=1,noexec
     7                           	psect	text0,global,reloc=2,class=CODE,delta=1
     8                           	psect	intsave_regs,global,class=BIGRAM,space=1,delta=1,noexec
     9                           	psect	rparam,global,class=COMRAM,space=1,delta=1,noexec
    10  0000                     
    11                           ; Version 2.05
    12                           ; Generated 20/12/2018 GMT
    13                           ; 
    14                           ; Copyright © 2018, Microchip Technology Inc. and its subsidiaries ("Microchip")
    15                           ; All rights reserved.
    16                           ; 
    17                           ; This software is developed by Microchip Technology Inc. and its subsidiaries ("Microch
      +                          ip").
    18                           ; 
    19                           ; Redistribution and use in source and binary forms, with or without modification, are
    20                           ; permitted provided that the following conditions are met:
    21                           ; 
    22                           ;     1. Redistributions of source code must retain the above copyright notice, this lis
      +                          t of
    23                           ;        conditions and the following disclaimer.
    24                           ; 
    25                           ;     2. Redistributions in binary form must reproduce the above copyright notice, this 
      +                          list
    26                           ;        of conditions and the following disclaimer in the documentation and/or other
    27                           ;        materials provided with the distribution.
    28                           ; 
    29                           ;     3. Microchip's name may not be used to endorse or promote products derived from th
      +                          is
    30                           ;        software without specific prior written permission.
    31                           ; 
    32                           ; THIS SOFTWARE IS PROVIDED BY MICROCHIP "AS IS" AND ANY EXPRESS OR IMPLIED WARRANTIES,
    33                           ; INCLUDING, BUT NOT LIMITED TO, THE IMPLIED WARRANTIES OF MERCHANTABILITY AND FITNESS F
      +                          OR
    34                           ; PURPOSE ARE DISCLAIMED.  IN NO EVENT SHALL MICROCHIP BE LIABLE FOR ANY DIRECT, INDIREC
      +                          T,
    35                           ; INCIDENTAL, SPECIAL, EXEMPLARY, OR CONSEQUENTIAL DAMAGES (INCLUDING BUT NOT LIMITED TO
    36                           ; PROCUREMENT OF SUBSTITUTE GOODS OR SERVICES; LOSS OF USE, DATA OR PROFITS; OR BUSINESS
    37                           ; INTERRUPTION) HOWSOEVER CAUSED AND ON ANY THEORY OF LIABILITY, WHETHER IN CONTRACT, ST
      +                          RICT
    38                           ; LIABILITY, OR TORT (INCLUDING NEGLIGENCE OR OTHERWISE) ARISING IN ANY WAY OUT OF THE U
      +                          SE OF
    39                           ; THIS SOFTWARE, EVEN IF ADVISED OF THE POSSIBILITY OF SUCH DAMAGE.
    40                           ; 
    41                           ; 
    42                           ; Code-generator required, PIC18F4550 Definitions
    43                           ; 
    44                           ; SFR Addresses
    45  0000                     _CCP1CONbits	set	4029
    46  0000                     _CCPR1L	set	4030
    47  0000                     _T2CON	set	4042
    48  0000                     _PR2	set	4043
    49  0000                     _CCP1CON	set	4029
    50  0000                     _TRISCbits	set	3988
    51  0000                     _LATD	set	3980
    52  0000                     _TRISD	set	3989
    53  0000                     _ADCON1	set	4033
    54                           
    55                           ; #config settings
    56  0000                     
    57                           	psect	cinit
    58  007F94                     __pcinit:
    59                           	opt callstack 0
    60  007F94                     start_initialization:
    61                           	opt callstack 0
    62  007F94                     __initialization:
    63                           	opt callstack 0
    64  007F94                     end_of_initialization:
    65                           	opt callstack 0
    66  007F94                     __end_of__initialization:
    67                           	opt callstack 0
    68  007F94  0100               	movlb	0
    69  007F96  EFCD  F03F         	goto	_main	;jump to C main() function
    70                           
    71                           	psect	cstackCOMRAM
    72  000001                     __pcstackCOMRAM:
    73                           	opt callstack 0
    74  000001                     ??_main:
    75                           
    76                           ; 1 bytes @ 0x0
    77  000001                     	ds	2
    78  000003                     main@i:
    79                           	opt callstack 0
    80                           
    81                           ; 2 bytes @ 0x2
    82  000003                     	ds	2
    83                           
    84 ;;
    85 ;;Main: autosize = 0, tempsize = 2, incstack = 0, save=0
    86 ;;
    87 ;; *************** function _main *****************
    88 ;; Defined at:
    89 ;;		line 13 in file "Practica1_Martes_29_01_19.c"
    90 ;; Parameters:    Size  Location     Type
    91 ;;		None
    92 ;; Auto vars:     Size  Location     Type
    93 ;;  i               2    2[COMRAM] short 
    94 ;; Return value:  Size  Location     Type
    95 ;;                  1    wreg      void 
    96 ;; Registers used:
    97 ;;		wreg, status,2, status,0
    98 ;; Tracked objects:
    99 ;;		On entry : 0/0
   100 ;;		On exit  : 0/0
   101 ;;		Unchanged: 0/0
   102 ;; Data sizes:     COMRAM   BANK0   BANK1   BANK2   BANK3   BANK4   BANK5   BANK6   BANK7
   103 ;;      Params:         0       0       0       0       0       0       0       0       0
   104 ;;      Locals:         2       0       0       0       0       0       0       0       0
   105 ;;      Temps:          2       0       0       0       0       0       0       0       0
   106 ;;      Totals:         4       0       0       0       0       0       0       0       0
   107 ;;Total ram usage:        4 bytes
   108 ;; This function calls:
   109 ;;		Nothing
   110 ;; This function is called by:
   111 ;;		Startup code after reset
   112 ;; This function uses a non-reentrant model
   113 ;;
   114                           
   115                           	psect	text0
   116  007F9A                     __ptext0:
   117                           	opt callstack 0
   118  007F9A                     _main:
   119                           	opt callstack 31
   120                           
   121                           ;Practica1_Martes_29_01_19.c: 14:     ADCON1=0b00001111;
   122                           
   123                           ;incstack = 0
   124  007F9A  0E0F               	movlw	15
   125  007F9C  6EC1               	movwf	4033,c	;volatile
   126                           
   127                           ;Practica1_Martes_29_01_19.c: 15:     TRISD=0x00;
   128  007F9E  0E00               	movlw	0
   129  007FA0  6E95               	movwf	3989,c	;volatile
   130                           
   131                           ;Practica1_Martes_29_01_19.c: 16:     LATD=0x00;
   132  007FA2  0E00               	movlw	0
   133  007FA4  6E8C               	movwf	3980,c	;volatile
   134                           
   135                           ;Practica1_Martes_29_01_19.c: 18:     TRISCbits.RC2=0;
   136  007FA6  9494               	bcf	3988,2,c	;volatile
   137                           
   138                           ;Practica1_Martes_29_01_19.c: 19:     CCP1CON=0x0C;
   139  007FA8  0E0C               	movlw	12
   140  007FAA  6EBD               	movwf	4029,c	;volatile
   141                           
   142                           ;Practica1_Martes_29_01_19.c: 20:     PR2=62;
   143  007FAC  0E3E               	movlw	62
   144  007FAE  6ECB               	movwf	4043,c	;volatile
   145                           
   146                           ;Practica1_Martes_29_01_19.c: 21:     T2CON=0x07;
   147  007FB0  0E07               	movlw	7
   148  007FB2  6ECA               	movwf	4042,c	;volatile
   149                           
   150                           ;Practica1_Martes_29_01_19.c: 22:     CCPR1L=0x00;
   151  007FB4  0E00               	movlw	0
   152  007FB6  6EBE               	movwf	4030,c	;volatile
   153                           
   154                           ;Practica1_Martes_29_01_19.c: 23:     CCP1CONbits.DC1B1=0;
   155  007FB8  9ABD               	bcf	4029,5,c	;volatile
   156                           
   157                           ;Practica1_Martes_29_01_19.c: 24:     CCP1CONbits.DC1B0=0;
   158  007FBA  98BD               	bcf	4029,4,c	;volatile
   159  007FBC                     l25:
   160                           
   161                           ;Practica1_Martes_29_01_19.c: 26:         short int i;;Practica1_Martes_29_01_19.c: 27: 
      +                                  for(i=0;i<=62;i+=6){
   162  007FBC  0E00               	movlw	0
   163  007FBE  6E04               	movwf	main@i+1,c
   164  007FC0  0E00               	movlw	0
   165  007FC2  6E03               	movwf	main@i,c
   166  007FC4                     l718:
   167                           
   168                           ;Practica1_Martes_29_01_19.c: 28:             _delay((unsigned long)((300)*(8000000/4000
      +                          .0)));
   169  007FC4  0E04               	movlw	4
   170  007FC6  6E02               	movwf	(??_main+1)& (0+255),c
   171  007FC8  0E0C               	movlw	12
   172  007FCA  6E01               	movwf	??_main& (0+255),c
   173  007FCC  0E34               	movlw	52
   174  007FCE                     u27:
   175  007FCE  2EE8               	decfsz	wreg,f,c
   176  007FD0  D7FE               	bra	u27
   177  007FD2  2E01               	decfsz	??_main& (0+255),f,c
   178  007FD4  D7FC               	bra	u27
   179  007FD6  2E02               	decfsz	(??_main+1)& (0+255),f,c
   180  007FD8  D7FA               	bra	u27
   181                           
   182                           ;Practica1_Martes_29_01_19.c: 29:             CCPR1L=i;
   183  007FDA  C003  FFBE         	movff	main@i,4030	;volatile
   184                           
   185                           ;Practica1_Martes_29_01_19.c: 30:             CCP1CONbits.DC1B1=1;
   186  007FDE  8ABD               	bsf	4029,5,c	;volatile
   187                           
   188                           ;Practica1_Martes_29_01_19.c: 31:             CCP1CONbits.DC1B0=1;
   189  007FE0  88BD               	bsf	4029,4,c	;volatile
   190                           
   191                           ;Practica1_Martes_29_01_19.c: 33:             LATD=i;
   192  007FE2  C003  FF8C         	movff	main@i,3980	;volatile
   193                           
   194                           ;Practica1_Martes_29_01_19.c: 36:         }
   195  007FE6  0E06               	movlw	6
   196  007FE8  2603               	addwf	main@i,f,c
   197  007FEA  0E00               	movlw	0
   198  007FEC  2204               	addwfc	main@i+1,f,c
   199  007FEE  BE04               	btfsc	main@i+1,7,c
   200  007FF0  D7E9               	goto	l718
   201  007FF2  5004               	movf	main@i+1,w,c
   202  007FF4  E1E3               	bnz	l25
   203  007FF6  0E3F               	movlw	63
   204  007FF8  5C03               	subwf	main@i,w,c
   205  007FFA  B0D8               	btfsc	status,0,c
   206  007FFC  D7DF               	goto	l25
   207  007FFE  D7E2               	goto	l718
   208  008000                     __end_of_main:
   209                           	opt callstack 0
   210  0000                     
   211                           	psect	rparam
   212  0000                     tosu	equ	0xFFF
   213                           tosh	equ	0xFFE
   214                           tosl	equ	0xFFD
   215                           stkptr	equ	0xFFC
   216                           pclatu	equ	0xFFB
   217                           pclath	equ	0xFFA
   218                           pcl	equ	0xFF9
   219                           tblptru	equ	0xFF8
   220                           tblptrh	equ	0xFF7
   221                           tblptrl	equ	0xFF6
   222                           tablat	equ	0xFF5
   223                           prodh	equ	0xFF4
   224                           prodl	equ	0xFF3
   225                           indf0	equ	0xFEF
   226                           postinc0	equ	0xFEE
   227                           postdec0	equ	0xFED
   228                           preinc0	equ	0xFEC
   229                           plusw0	equ	0xFEB
   230                           fsr0h	equ	0xFEA
   231                           fsr0l	equ	0xFE9
   232                           wreg	equ	0xFE8
   233                           indf1	equ	0xFE7
   234                           postinc1	equ	0xFE6
   235                           postdec1	equ	0xFE5
   236                           preinc1	equ	0xFE4
   237                           plusw1	equ	0xFE3
   238                           fsr1h	equ	0xFE2
   239                           fsr1l	equ	0xFE1
   240                           bsr	equ	0xFE0
   241                           indf2	equ	0xFDF
   242                           postinc2	equ	0xFDE
   243                           postdec2	equ	0xFDD
   244                           preinc2	equ	0xFDC
   245                           plusw2	equ	0xFDB
   246                           fsr2h	equ	0xFDA
   247                           fsr2l	equ	0xFD9
   248                           status	equ	0xFD8


Data Sizes:
    Strings     0
    Constant    0
    Data        0
    BSS         0
    Persistent  0
    Stack       0

Auto Spaces:
    Space          Size  Autos    Used
    COMRAM           95      4       4
    BANK0           160      0       0
    BANK1           256      0       0
    BANK2           256      0       0
    BANK3           256      0       0
    BANK4           256      0       0
    BANK5           256      0       0
    BANK6           256      0       0
    BANK7           256      0       0

Pointer List with Targets:

    None.

Critical Paths under _main in COMRAM

    None.

Critical Paths under _main in BANK0

    None.

Critical Paths under _main in BANK1

    None.

Critical Paths under _main in BANK2

    None.

Critical Paths under _main in BANK3

    None.

Critical Paths under _main in BANK4

    None.

Critical Paths under _main in BANK5

    None.

Critical Paths under _main in BANK6

    None.

Critical Paths under _main in BANK7

    None.

Call Graph Tables:

 ---------------------------------------------------------------------------------
 (Depth) Function   	        Calls       Base Space   Used Autos Params    Refs
 ---------------------------------------------------------------------------------
 (0) _main                                                 4     4      0      60
                                              0 COMRAM     4     4      0
 ---------------------------------------------------------------------------------
 Estimated maximum stack depth 0
 ---------------------------------------------------------------------------------

 Call Graph Graphs:

 _main (ROOT)

 Address spaces:
Name               Size   Autos  Total    Cost      Usage
BITCOMRAM           5F      0       0       0        0.0%
EEDATA             100      0       0       0        0.0%
NULL                 0      0       0       0        0.0%
CODE                 0      0       0       0        0.0%
COMRAM              5F      4       4       1        4.2%
STACK                0      0       0       2        0.0%
DATA                 0      0       0       3        0.0%
BITBANK0            A0      0       0       4        0.0%
BANK0               A0      0       0       5        0.0%
BITBANK1           100      0       0       6        0.0%
BANK1              100      0       0       7        0.0%
BITBANK2           100      0       0       8        0.0%
BANK2              100      0       0       9        0.0%
BITBANK3           100      0       0      10        0.0%
BANK3              100      0       0      11        0.0%
BITBANK4           100      0       0      12        0.0%
BANK4              100      0       0      13        0.0%
BITBANK5           100      0       0      14        0.0%
BANK5              100      0       0      15        0.0%
BITBANK6           100      0       0      16        0.0%
BANK6              100      0       0      17        0.0%
BITBANK7           100      0       0      18        0.0%
BANK7              100      0       0      19        0.0%
ABS                  0      0       0      20        0.0%
BIGRAM             7FF      0       0      21        0.0%
BITSFR               0      0       0     200        0.0%
SFR                  0      0       0     200        0.0%


Microchip Technology PIC18 Macro Assembler V2.05 build -831301201 
Symbol Table                                                                                   Thu Jan 31 08:01:33 2019

                     l25 7FBC                       u27 7FCE              __CFG_BORV$3 000000  
           __CFG_CP0$OFF 000000             __CFG_CP1$OFF 000000             __CFG_CP2$OFF 000000  
           __CFG_CP3$OFF 000000                      l718 7FC4             __CFG_CPB$OFF 000000  
                    _PR2 000FCB             __CFG_CPD$OFF 000000             __CFG_BOR$OFF 000000  
                    wreg 000FE8             __CFG_FOSC$HS 000000             __CFG_LVP$OFF 000000  
           __CFG_WDT$OFF 000000                     _LATD 000F8C             __CFG_PWRT$ON 000000  
                   _main 7F9A                     start 0000            __CFG_IESO$OFF 000000  
          __CFG_MCLRE$ON 000000             ___param_bank 000000            __CFG_PLLDIV$1 000000  
                  ?_main 0001                    _T2CON 000FCA            __CFG_USBDIV$1 000000  
                  _TRISD 000F95            __CFG_WRT0$OFF 000000            __CFG_WRT1$OFF 000000  
          __CFG_WRT2$OFF 000000            __CFG_WRT3$OFF 000000           __CFG_EBTR0$OFF 000000  
         __CFG_FCMEN$OFF 000000           __CFG_EBTR1$OFF 000000           __CFG_EBTR2$OFF 000000  
         __CFG_EBTR3$OFF 000000            __CFG_WRTB$OFF 000000            __CFG_WRTC$OFF 000000  
          __CFG_WRTD$OFF 000000           __CFG_EBTRB$OFF 000000                    main@i 0003  
                  status 000FD8           __CFG_ICPRT$OFF 000000          __initialization 7F94  
           __end_of_main 8000                   ??_main 0001            __activetblptr 000000  
        __CFG_CCP2MX$OFF 000000                   _ADCON1 000FC1                   _CCPR1L 000FBE  
         __CFG_XINST$OFF 000000           __CFG_STVREN$ON 000000               __accesstop 0060  
__end_of__initialization 7F94          __CFG_PBADEN$OFF 000000            ___rparam_used 000001  
         __pcstackCOMRAM 0001          __CFG_LPT1OSC$ON 000000                  _CCP1CON 000FBD  
        __CFG_VREGEN$OFF 000000                  __Hparam 0000                  __Lparam 0000  
                __pcinit 7F94                  __ramtop 0800                  __ptext0 7F9A  
   end_of_initialization 7F94                _TRISCbits 000F94              _CCP1CONbits 000FBD  
    start_initialization 7F94         __CFG_WDTPS$32768 000000                 __Hrparam 0000  
               __Lrparam 0000            __size_of_main 0066    __CFG_CPUDIV$OSC1_PLL2 000000  
