

Microchip MPLAB XC8 Assembler V2.05 build -831301201 
                                                                                               Tue Feb 19 17:01:51 2019

Microchip MPLAB XC8 C Compiler v2.05 (Free license) build 20181220022703 Og1 
     1                           	processor	18F4550
     2                           	fnconf	rparam,??,?,0
     3                           	opt	pw 120
     4                           	opt	flic
     5                           	psect	idataCOMRAM,global,class=CODE,delta=1,noexec
     6                           	psect	nvCOMRAM,global,class=COMRAM,space=1,delta=1,noexec
     7                           	psect	cinit,global,reloc=2,class=CODE,delta=1
     8                           	psect	bssCOMRAM,global,class=COMRAM,space=1,delta=1,noexec
     9                           	psect	dataCOMRAM,global,class=COMRAM,space=1,delta=1,noexec
    10                           	psect	cstackCOMRAM,global,class=COMRAM,space=1,delta=1,noexec
    11                           	psect	text0,global,reloc=2,class=CODE,delta=1
    12                           	psect	text1,global,reloc=2,class=CODE,delta=1
    13                           	psect	text2,global,reloc=2,class=CODE,delta=1
    14                           	psect	text3,global,reloc=2,class=CODE,delta=1
    15                           	psect	intsave_regs,global,class=BIGRAM,space=1,delta=1,noexec
    16                           	psect	rparam,global,class=COMRAM,space=1,delta=1,noexec
    17  0000                     
    18                           ; Version 2.05
    19                           ; Generated 20/12/2018 GMT
    20                           ; 
    21                           ; Copyright © 2018, Microchip Technology Inc. and its subsidiaries ("Microchip")
    22                           ; All rights reserved.
    23                           ; 
    24                           ; This software is developed by Microchip Technology Inc. and its subsidiaries ("Microch
      +                          ip").
    25                           ; 
    26                           ; Redistribution and use in source and binary forms, with or without modification, are
    27                           ; permitted provided that the following conditions are met:
    28                           ; 
    29                           ;     1. Redistributions of source code must retain the above copyright notice, this lis
      +                          t of
    30                           ;        conditions and the following disclaimer.
    31                           ; 
    32                           ;     2. Redistributions in binary form must reproduce the above copyright notice, this 
      +                          list
    33                           ;        of conditions and the following disclaimer in the documentation and/or other
    34                           ;        materials provided with the distribution.
    35                           ; 
    36                           ;     3. Microchip's name may not be used to endorse or promote products derived from th
      +                          is
    37                           ;        software without specific prior written permission.
    38                           ; 
    39                           ; THIS SOFTWARE IS PROVIDED BY MICROCHIP "AS IS" AND ANY EXPRESS OR IMPLIED WARRANTIES,
    40                           ; INCLUDING, BUT NOT LIMITED TO, THE IMPLIED WARRANTIES OF MERCHANTABILITY AND FITNESS F
      +                          OR
    41                           ; PURPOSE ARE DISCLAIMED.  IN NO EVENT SHALL MICROCHIP BE LIABLE FOR ANY DIRECT, INDIREC
      +                          T,
    42                           ; INCIDENTAL, SPECIAL, EXEMPLARY, OR CONSEQUENTIAL DAMAGES (INCLUDING BUT NOT LIMITED TO
    43                           ; PROCUREMENT OF SUBSTITUTE GOODS OR SERVICES; LOSS OF USE, DATA OR PROFITS; OR BUSINESS
    44                           ; INTERRUPTION) HOWSOEVER CAUSED AND ON ANY THEORY OF LIABILITY, WHETHER IN CONTRACT, ST
      +                          RICT
    45                           ; LIABILITY, OR TORT (INCLUDING NEGLIGENCE OR OTHERWISE) ARISING IN ANY WAY OUT OF THE U
      +                          SE OF
    46                           ; THIS SOFTWARE, EVEN IF ADVISED OF THE POSSIBILITY OF SUCH DAMAGE.
    47                           ; 
    48                           ; 
    49                           ; Code-generator required, PIC18F4550 Definitions
    50                           ; 
    51                           ; SFR Addresses
    52  0000                     
    53                           	psect	idataCOMRAM
    54  007D5E                     __pidataCOMRAM:
    55                           	opt callstack 0
    56                           
    57                           ;initializer for _Tabla
    58  007D5E  7E                 	db	126
    59  007D5F  30                 	db	48
    60  007D60  6D                 	db	109
    61  007D61  79                 	db	121
    62  007D62  33                 	db	51
    63  007D63  5B                 	db	91
    64  007D64  5F                 	db	95
    65  007D65  71                 	db	113
    66  007D66  FF                 	db	255
    67  007D67  F3                 	db	243
    68                           
    69                           	psect	nvCOMRAM
    70  00001D                     __pnvCOMRAM:
    71                           	opt callstack 0
    72  00001D                     _unidadesS1:
    73                           	opt callstack 0
    74  00001D                     	ds	2
    75  0000                     _LATAbits	set	3977
    76  0000                     _PORTBbits	set	3969
    77  0000                     _LATBbits	set	3978
    78  0000                     _LATD	set	3980
    79  0000                     _TRISAbits	set	3986
    80  0000                     _TRISBbits	set	3987
    81  0000                     _TRISD	set	3989
    82  0000                     _ADCON1	set	4033
    83                           
    84                           ; #config settings
    85  0000                     
    86                           	psect	cinit
    87  007D68                     __pcinit:
    88                           	opt callstack 0
    89  007D68                     start_initialization:
    90                           	opt callstack 0
    91  007D68                     __initialization:
    92                           	opt callstack 0
    93                           
    94                           ; Initialize objects allocated to COMRAM (10 bytes)
    95                           ; load TBLPTR registers with __pidataCOMRAM
    96  007D68  0E5E               	movlw	low __pidataCOMRAM
    97  007D6A  6EF6               	movwf	tblptrl,c
    98  007D6C  0E7D               	movlw	high __pidataCOMRAM
    99  007D6E  6EF7               	movwf	tblptrh,c
   100  007D70  0E00               	movlw	low (__pidataCOMRAM shr (0+16))
   101  007D72  6EF8               	movwf	tblptru,c
   102  007D74  EE00  F001         	lfsr	0,__pdataCOMRAM
   103  007D78  EE10 F00A          	lfsr	1,10
   104  007D7C                     copy_data0:
   105  007D7C  0009               	tblrd		*+
   106  007D7E  CFF5 FFEE          	movff	tablat,postinc0
   107  007D82  50E5               	movf	postdec1,w,c
   108  007D84  50E1               	movf	fsr1l,w,c
   109  007D86  E1FA               	bnz	copy_data0
   110                           
   111                           ; Clear objects allocated to COMRAM (8 bytes)
   112  007D88  EE00  F015         	lfsr	0,__pbssCOMRAM
   113  007D8C  0E08               	movlw	8
   114  007D8E                     clear_0:
   115  007D8E  6AEE               	clrf	postinc0,c
   116  007D90  06E8               	decf	wreg,f,c
   117  007D92  E1FD               	bnz	clear_0
   118  007D94                     end_of_initialization:
   119                           	opt callstack 0
   120  007D94                     __end_of__initialization:
   121                           	opt callstack 0
   122  007D94  0100               	movlb	0
   123  007D96  EF5B  F03F         	goto	_main	;jump to C main() function
   124                           
   125                           	psect	bssCOMRAM
   126  000015                     __pbssCOMRAM:
   127                           	opt callstack 0
   128  000015                     _regreso:
   129                           	opt callstack 0
   130  000015                     	ds	2
   131  000017                     _Decenas2:
   132                           	opt callstack 0
   133  000017                     	ds	2
   134  000019                     _Decenas1:
   135                           	opt callstack 0
   136  000019                     	ds	2
   137  00001B                     _unidadesS2:
   138                           	opt callstack 0
   139  00001B                     	ds	2
   140                           
   141                           	psect	dataCOMRAM
   142  000001                     __pdataCOMRAM:
   143                           	opt callstack 0
   144  000001                     _Tabla:
   145                           	opt callstack 0
   146  000001                     	ds	10
   147                           
   148                           	psect	cstackCOMRAM
   149  00000B                     __pcstackCOMRAM:
   150                           	opt callstack 0
   151  00000B                     ??_display:
   152  00000B                     ?_seleccion:
   153                           	opt callstack 0
   154                           
   155                           ; 2 bytes @ 0x0
   156  00000B                     	ds	1
   157  00000C                     display@veces:
   158                           	opt callstack 0
   159                           
   160                           ; 1 bytes @ 0x1
   161  00000C                     	ds	1
   162  00000D                     ??_seleccion:
   163  00000D                     conteo@condicion2:
   164                           	opt callstack 0
   165                           
   166                           ; 2 bytes @ 0x2
   167  00000D                     	ds	2
   168  00000F                     seleccion@DATO:
   169                           	opt callstack 0
   170                           
   171                           ; 2 bytes @ 0x4
   172  00000F                     	ds	2
   173  000011                     ??_main:
   174                           
   175                           ; 1 bytes @ 0x6
   176  000011                     	ds	2
   177  000013                     main@cont:
   178                           	opt callstack 0
   179                           
   180                           ; 2 bytes @ 0x8
   181  000013                     	ds	2
   182                           
   183 ;;
   184 ;;Main: autosize = 0, tempsize = 2, incstack = 0, save=0
   185 ;;
   186 ;; *************** function _main *****************
   187 ;; Defined at:
   188 ;;		line 20 in file "PRACTICA4_17_02_19.c"
   189 ;; Parameters:    Size  Location     Type
   190 ;;		None
   191 ;; Auto vars:     Size  Location     Type
   192 ;;  cont            2    8[COMRAM] short 
   193 ;; Return value:  Size  Location     Type
   194 ;;                  1    wreg      void 
   195 ;; Registers used:
   196 ;;		wreg, fsr2l, fsr2h, status,2, status,0, cstack
   197 ;; Tracked objects:
   198 ;;		On entry : 0/0
   199 ;;		On exit  : 0/0
   200 ;;		Unchanged: 0/0
   201 ;; Data sizes:     COMRAM   BANK0   BANK1   BANK2   BANK3   BANK4   BANK5   BANK6   BANK7
   202 ;;      Params:         0       0       0       0       0       0       0       0       0
   203 ;;      Locals:         2       0       0       0       0       0       0       0       0
   204 ;;      Temps:          2       0       0       0       0       0       0       0       0
   205 ;;      Totals:         4       0       0       0       0       0       0       0       0
   206 ;;Total ram usage:        4 bytes
   207 ;; Hardware stack levels required when called:    1
   208 ;; This function calls:
   209 ;;		_conteo
   210 ;;		_display
   211 ;;		_seleccion
   212 ;; This function is called by:
   213 ;;		Startup code after reset
   214 ;; This function uses a non-reentrant model
   215 ;;
   216                           
   217                           	psect	text0
   218  007EB6                     __ptext0:
   219                           	opt callstack 0
   220  007EB6                     _main:
   221                           	opt callstack 30
   222                           
   223                           ;PRACTICA4_17_02_19.c: 21:     ADCON1=0x0F;
   224                           
   225                           ;incstack = 0
   226  007EB6  0E0F               	movlw	15
   227  007EB8  6EC1               	movwf	4033,c	;volatile
   228                           
   229                           ;PRACTICA4_17_02_19.c: 22:     TRISD=0x00;
   230  007EBA  0E00               	movlw	0
   231  007EBC  6E95               	movwf	3989,c	;volatile
   232                           
   233                           ;PRACTICA4_17_02_19.c: 23:     TRISBbits.RB0=0;
   234  007EBE  9093               	bcf	3987,0,c	;volatile
   235                           
   236                           ;PRACTICA4_17_02_19.c: 24:     TRISBbits.RB1=0;
   237  007EC0  9293               	bcf	3987,1,c	;volatile
   238                           
   239                           ;PRACTICA4_17_02_19.c: 25:     TRISBbits.RB2=0;
   240  007EC2  9493               	bcf	3987,2,c	;volatile
   241                           
   242                           ;PRACTICA4_17_02_19.c: 26:     TRISBbits.RB3=0;
   243  007EC4  9693               	bcf	3987,3,c	;volatile
   244                           
   245                           ;PRACTICA4_17_02_19.c: 27:     TRISAbits.RA0=1;
   246  007EC6  8092               	bsf	3986,0,c	;volatile
   247                           
   248                           ;PRACTICA4_17_02_19.c: 28:     TRISAbits.RA1=1;
   249  007EC8  8292               	bsf	3986,1,c	;volatile
   250                           
   251                           ;PRACTICA4_17_02_19.c: 30:     TRISBbits.RB7=1;
   252  007ECA  8E93               	bsf	3987,7,c	;volatile
   253                           
   254                           ;PRACTICA4_17_02_19.c: 31:     TRISBbits.RB4=1;
   255  007ECC  8893               	bsf	3987,4,c	;volatile
   256                           
   257                           ;PRACTICA4_17_02_19.c: 32:     short int cont=0;
   258  007ECE  0E00               	movlw	0
   259  007ED0  6E14               	movwf	main@cont+1,c
   260  007ED2  0E00               	movlw	0
   261  007ED4  6E13               	movwf	main@cont,c
   262                           
   263                           ;PRACTICA4_17_02_19.c: 33:     LATD=0x00;
   264  007ED6  0E00               	movlw	0
   265  007ED8  6E8C               	movwf	3980,c	;volatile
   266                           
   267                           ;PRACTICA4_17_02_19.c: 34:     LATBbits.LATB0=0;
   268  007EDA  908A               	bcf	3978,0,c	;volatile
   269                           
   270                           ;PRACTICA4_17_02_19.c: 35:     LATBbits.LATB1=0;
   271  007EDC  928A               	bcf	3978,1,c	;volatile
   272                           
   273                           ;PRACTICA4_17_02_19.c: 36:     LATBbits.LATB2=0;
   274  007EDE  948A               	bcf	3978,2,c	;volatile
   275                           
   276                           ;PRACTICA4_17_02_19.c: 37:     LATBbits.LATB3=0;
   277  007EE0  968A               	bcf	3978,3,c	;volatile
   278                           
   279                           ;PRACTICA4_17_02_19.c: 39:     unidadesS1=seleccion();
   280  007EE2  ECCD  F03E         	call	_seleccion	;wreg free
   281  007EE6  C00B  F01D         	movff	?_seleccion,_unidadesS1
   282  007EEA  C00C  F01E         	movff	?_seleccion+1,_unidadesS1+1
   283                           
   284                           ;PRACTICA4_17_02_19.c: 40:     if(unidadesS1>9){
   285  007EEE  BE1E               	btfsc	_unidadesS1+1,7,c
   286  007EF0  D00A               	goto	l942
   287  007EF2  501E               	movf	_unidadesS1+1,w,c
   288  007EF4  E104               	bnz	u190
   289  007EF6  0E0A               	movlw	10
   290  007EF8  5C1D               	subwf	_unidadesS1,w,c
   291  007EFA  A0D8               	btfss	status,0,c
   292  007EFC  D004               	goto	l942
   293  007EFE                     u190:
   294                           
   295                           ;PRACTICA4_17_02_19.c: 41:         unidadesS1=9;
   296  007EFE  0E00               	movlw	0
   297  007F00  6E1E               	movwf	_unidadesS1+1,c
   298  007F02  0E09               	movlw	9
   299  007F04  6E1D               	movwf	_unidadesS1,c
   300  007F06                     l942:
   301                           
   302                           ;PRACTICA4_17_02_19.c: 43:     display(45);
   303  007F06  0E2D               	movlw	45
   304  007F08  EC10  F03F         	call	_display
   305                           
   306                           ;PRACTICA4_17_02_19.c: 44:     _delay((unsigned long)((1000)*(8000000/4000.0)));
   307  007F0C  0E0B               	movlw	11
   308  007F0E  6E12               	movwf	(??_main+1)& (0+255),c
   309  007F10  0E26               	movlw	38
   310  007F12  6E11               	movwf	??_main& (0+255),c
   311  007F14  0E5E               	movlw	94
   312  007F16                     u287:
   313  007F16  2EE8               	decfsz	wreg,f,c
   314  007F18  D7FE               	bra	u287
   315  007F1A  2E11               	decfsz	??_main& (0+255),f,c
   316  007F1C  D7FC               	bra	u287
   317  007F1E  2E12               	decfsz	(??_main+1)& (0+255),f,c
   318  007F20  D7FA               	bra	u287
   319                           
   320                           ;PRACTICA4_17_02_19.c: 45:     unidadesS2=seleccion();
   321  007F22  ECCD  F03E         	call	_seleccion	;wreg free
   322  007F26  C00B  F01B         	movff	?_seleccion,_unidadesS2
   323  007F2A  C00C  F01C         	movff	?_seleccion+1,_unidadesS2+1
   324                           
   325                           ;PRACTICA4_17_02_19.c: 46:     if(unidadesS2>5){
   326  007F2E  BE1C               	btfsc	_unidadesS2+1,7,c
   327  007F30  D00A               	goto	l952
   328  007F32  501C               	movf	_unidadesS2+1,w,c
   329  007F34  E104               	bnz	u200
   330  007F36  0E06               	movlw	6
   331  007F38  5C1B               	subwf	_unidadesS2,w,c
   332  007F3A  A0D8               	btfss	status,0,c
   333  007F3C  D004               	goto	l952
   334  007F3E                     u200:
   335                           
   336                           ;PRACTICA4_17_02_19.c: 47:         unidadesS2=5;
   337  007F3E  0E00               	movlw	0
   338  007F40  6E1C               	movwf	_unidadesS2+1,c
   339  007F42  0E05               	movlw	5
   340  007F44  6E1B               	movwf	_unidadesS2,c
   341  007F46                     l952:
   342                           
   343                           ;PRACTICA4_17_02_19.c: 49:     _delay((unsigned long)((1000)*(8000000/4000.0)));
   344  007F46  0E0B               	movlw	11
   345  007F48  6E12               	movwf	(??_main+1)& (0+255),c
   346  007F4A  0E26               	movlw	38
   347  007F4C  6E11               	movwf	??_main& (0+255),c
   348  007F4E  0E5E               	movlw	94
   349  007F50                     u297:
   350  007F50  2EE8               	decfsz	wreg,f,c
   351  007F52  D7FE               	bra	u297
   352  007F54  2E11               	decfsz	??_main& (0+255),f,c
   353  007F56  D7FC               	bra	u297
   354  007F58  2E12               	decfsz	(??_main+1)& (0+255),f,c
   355  007F5A  D7FA               	bra	u297
   356                           
   357                           ;PRACTICA4_17_02_19.c: 50:     Decenas1=seleccion();
   358  007F5C  ECCD  F03E         	call	_seleccion	;wreg free
   359  007F60  C00B  F019         	movff	?_seleccion,_Decenas1
   360  007F64  C00C  F01A         	movff	?_seleccion+1,_Decenas1+1
   361                           
   362                           ;PRACTICA4_17_02_19.c: 51:     if(Decenas1>9){
   363  007F68  BE1A               	btfsc	_Decenas1+1,7,c
   364  007F6A  D00A               	goto	l960
   365  007F6C  501A               	movf	_Decenas1+1,w,c
   366  007F6E  E104               	bnz	u210
   367  007F70  0E0A               	movlw	10
   368  007F72  5C19               	subwf	_Decenas1,w,c
   369  007F74  A0D8               	btfss	status,0,c
   370  007F76  D004               	goto	l960
   371  007F78                     u210:
   372                           
   373                           ;PRACTICA4_17_02_19.c: 52:         Decenas1=9;
   374  007F78  0E00               	movlw	0
   375  007F7A  6E1A               	movwf	_Decenas1+1,c
   376  007F7C  0E09               	movlw	9
   377  007F7E  6E19               	movwf	_Decenas1,c
   378  007F80                     l960:
   379                           
   380                           ;PRACTICA4_17_02_19.c: 54:     _delay((unsigned long)((100)*(8000000/4000.0)));
   381  007F80  0E02               	movlw	2
   382  007F82  6E12               	movwf	(??_main+1)& (0+255),c
   383  007F84  0E04               	movlw	4
   384  007F86  6E11               	movwf	??_main& (0+255),c
   385  007F88  0EBA               	movlw	186
   386  007F8A                     u307:
   387  007F8A  2EE8               	decfsz	wreg,f,c
   388  007F8C  D7FE               	bra	u307
   389  007F8E  2E11               	decfsz	??_main& (0+255),f,c
   390  007F90  D7FC               	bra	u307
   391  007F92  2E12               	decfsz	(??_main+1)& (0+255),f,c
   392  007F94  D7FA               	bra	u307
   393  007F96  D000               	nop2	
   394                           
   395                           ;PRACTICA4_17_02_19.c: 55:     Decenas2=seleccion();
   396  007F98  ECCD  F03E         	call	_seleccion	;wreg free
   397  007F9C  C00B  F017         	movff	?_seleccion,_Decenas2
   398  007FA0  C00C  F018         	movff	?_seleccion+1,_Decenas2+1
   399                           
   400                           ;PRACTICA4_17_02_19.c: 56:     if(Decenas2>5){
   401  007FA4  BE18               	btfsc	_Decenas2+1,7,c
   402  007FA6  D00A               	goto	l968
   403  007FA8  5018               	movf	_Decenas2+1,w,c
   404  007FAA  E104               	bnz	u220
   405  007FAC  0E06               	movlw	6
   406  007FAE  5C17               	subwf	_Decenas2,w,c
   407  007FB0  A0D8               	btfss	status,0,c
   408  007FB2  D004               	goto	l968
   409  007FB4                     u220:
   410                           
   411                           ;PRACTICA4_17_02_19.c: 57:         Decenas2=5;
   412  007FB4  0E00               	movlw	0
   413  007FB6  6E18               	movwf	_Decenas2+1,c
   414  007FB8  0E05               	movlw	5
   415  007FBA  6E17               	movwf	_Decenas2,c
   416  007FBC                     l968:
   417                           
   418                           ;PRACTICA4_17_02_19.c: 59:     _delay((unsigned long)((1000)*(8000000/4000.0)));
   419  007FBC  0E0B               	movlw	11
   420  007FBE  6E12               	movwf	(??_main+1)& (0+255),c
   421  007FC0  0E26               	movlw	38
   422  007FC2  6E11               	movwf	??_main& (0+255),c
   423  007FC4  0E5E               	movlw	94
   424  007FC6                     u317:
   425  007FC6  2EE8               	decfsz	wreg,f,c
   426  007FC8  D7FE               	bra	u317
   427  007FCA  2E11               	decfsz	??_main& (0+255),f,c
   428  007FCC  D7FC               	bra	u317
   429  007FCE  2E12               	decfsz	(??_main+1)& (0+255),f,c
   430  007FD0  D7FA               	bra	u317
   431  007FD2                     l970:
   432                           
   433                           ;PRACTICA4_17_02_19.c: 64:         if(PORTBbits.RB7==0 && PORTBbits.RB4==1){
   434  007FD2  AE81               	btfss	3969,7,c	;volatile
   435  007FD4  A881               	btfss	3969,4,c	;volatile
   436  007FD6  D004               	goto	l976
   437                           
   438                           ;PRACTICA4_17_02_19.c: 65:             cont=1;
   439  007FD8  0E00               	movlw	0
   440  007FDA  6E14               	movwf	main@cont+1,c
   441  007FDC  0E01               	movlw	1
   442  007FDE  6E13               	movwf	main@cont,c
   443  007FE0                     l976:
   444                           
   445                           ;PRACTICA4_17_02_19.c: 67:         if(PORTBbits.RB7==1 && PORTBbits.RB4==0){
   446  007FE0  BE81               	btfsc	3969,7,c	;volatile
   447  007FE2  B881               	btfsc	3969,4,c	;volatile
   448  007FE4  D004               	goto	l982
   449                           
   450                           ;PRACTICA4_17_02_19.c: 68:             cont=2;
   451  007FE6  0E00               	movlw	0
   452  007FE8  6E14               	movwf	main@cont+1,c
   453  007FEA  0E02               	movlw	2
   454  007FEC  6E13               	movwf	main@cont,c
   455  007FEE                     l982:
   456                           
   457                           ;PRACTICA4_17_02_19.c: 70:         if(cont==1){
   458  007FEE  0413               	decf	main@cont,w,c
   459  007FF0  1014               	iorwf	main@cont+1,w,c
   460  007FF2  B4D8               	btfsc	status,2,c
   461                           
   462                           ;PRACTICA4_17_02_19.c: 71:         conteo();
   463  007FF4  ECE7  F03E         	call	_conteo	;wreg free
   464                           
   465                           ;PRACTICA4_17_02_19.c: 73:         display(45);
   466  007FF8  0E2D               	movlw	45
   467  007FFA  EC10  F03F         	call	_display
   468  007FFE  D7E9               	goto	l970
   469  008000                     __end_of_main:
   470                           	opt callstack 0
   471                           
   472 ;; *************** function _seleccion *****************
   473 ;; Defined at:
   474 ;;		line 149 in file "PRACTICA4_17_02_19.c"
   475 ;; Parameters:    Size  Location     Type
   476 ;;		None
   477 ;; Auto vars:     Size  Location     Type
   478 ;;  DATO            2    4[COMRAM] short 
   479 ;; Return value:  Size  Location     Type
   480 ;;                  2    0[COMRAM] int 
   481 ;; Registers used:
   482 ;;		wreg, status,2, status,0
   483 ;; Tracked objects:
   484 ;;		On entry : 0/0
   485 ;;		On exit  : 0/0
   486 ;;		Unchanged: 0/0
   487 ;; Data sizes:     COMRAM   BANK0   BANK1   BANK2   BANK3   BANK4   BANK5   BANK6   BANK7
   488 ;;      Params:         2       0       0       0       0       0       0       0       0
   489 ;;      Locals:         2       0       0       0       0       0       0       0       0
   490 ;;      Temps:          2       0       0       0       0       0       0       0       0
   491 ;;      Totals:         6       0       0       0       0       0       0       0       0
   492 ;;Total ram usage:        6 bytes
   493 ;; Hardware stack levels used:    1
   494 ;; This function calls:
   495 ;;		Nothing
   496 ;; This function is called by:
   497 ;;		_main
   498 ;; This function uses a non-reentrant model
   499 ;;
   500                           
   501                           	psect	text1
   502  007D9A                     __ptext1:
   503                           	opt callstack 0
   504  007D9A                     _seleccion:
   505                           	opt callstack 30
   506                           
   507                           ;PRACTICA4_17_02_19.c: 150:    int short DATO=0;
   508                           
   509                           ;incstack = 0
   510  007D9A  0E00               	movlw	0
   511  007D9C  6E10               	movwf	seleccion@DATO+1,c
   512  007D9E  0E00               	movlw	0
   513  007DA0  6E0F               	movwf	seleccion@DATO,c
   514  007DA2                     l900:
   515                           
   516                           ;PRACTICA4_17_02_19.c: 152:         if(LATAbits.LATA0==0){
   517  007DA2  B089               	btfsc	3977,0,c	;volatile
   518  007DA4  D002               	goto	l904
   519                           
   520                           ;PRACTICA4_17_02_19.c: 153:             DATO++;
   521  007DA6  4A0F               	infsnz	seleccion@DATO,f,c
   522  007DA8  2A10               	incf	seleccion@DATO+1,f,c
   523  007DAA                     l904:
   524                           
   525                           ;PRACTICA4_17_02_19.c: 155:         _delay((unsigned long)((500)*(8000000/4000.0)));
   526  007DAA  0E06               	movlw	6
   527  007DAC  6E0E               	movwf	(??_seleccion+1)& (0+255),c
   528  007DAE  0E13               	movlw	19
   529  007DB0  6E0D               	movwf	??_seleccion& (0+255),c
   530  007DB2  0EAE               	movlw	174
   531  007DB4                     u327:
   532  007DB4  2EE8               	decfsz	wreg,f,c
   533  007DB6  D7FE               	bra	u327
   534  007DB8  2E0D               	decfsz	??_seleccion& (0+255),f,c
   535  007DBA  D7FC               	bra	u327
   536  007DBC  2E0E               	decfsz	(??_seleccion+1)& (0+255),f,c
   537  007DBE  D7FA               	bra	u327
   538                           
   539                           ;PRACTICA4_17_02_19.c: 156:         if(PORTBbits.RB4==0){
   540  007DC0  B881               	btfsc	3969,4,c	;volatile
   541  007DC2  D7EF               	goto	l900
   542                           
   543                           ;PRACTICA4_17_02_19.c: 160:     return DATO;
   544  007DC4  C00F  F00B         	movff	seleccion@DATO,?_seleccion
   545  007DC8  C010  F00C         	movff	seleccion@DATO+1,?_seleccion+1
   546  007DCC  0012               	return		;funcret
   547  007DCE                     __end_of_seleccion:
   548                           	opt callstack 0
   549                           
   550 ;; *************** function _display *****************
   551 ;; Defined at:
   552 ;;		line 125 in file "PRACTICA4_17_02_19.c"
   553 ;; Parameters:    Size  Location     Type
   554 ;;  veces           1    wreg     unsigned char 
   555 ;; Auto vars:     Size  Location     Type
   556 ;;  veces           1    1[COMRAM] unsigned char 
   557 ;; Return value:  Size  Location     Type
   558 ;;                  1    wreg      void 
   559 ;; Registers used:
   560 ;;		wreg, fsr2l, fsr2h, status,2, status,0
   561 ;; Tracked objects:
   562 ;;		On entry : 0/0
   563 ;;		On exit  : 0/0
   564 ;;		Unchanged: 0/0
   565 ;; Data sizes:     COMRAM   BANK0   BANK1   BANK2   BANK3   BANK4   BANK5   BANK6   BANK7
   566 ;;      Params:         0       0       0       0       0       0       0       0       0
   567 ;;      Locals:         1       0       0       0       0       0       0       0       0
   568 ;;      Temps:          1       0       0       0       0       0       0       0       0
   569 ;;      Totals:         2       0       0       0       0       0       0       0       0
   570 ;;Total ram usage:        2 bytes
   571 ;; Hardware stack levels used:    1
   572 ;; This function calls:
   573 ;;		Nothing
   574 ;; This function is called by:
   575 ;;		_main
   576 ;; This function uses a non-reentrant model
   577 ;;
   578                           
   579                           	psect	text2
   580  007E20                     __ptext2:
   581                           	opt callstack 0
   582  007E20                     _display:
   583                           	opt callstack 30
   584                           
   585                           ;incstack = 0
   586                           ;display@veces stored from wreg
   587  007E20  6E0C               	movwf	display@veces,c
   588                           
   589                           ;PRACTICA4_17_02_19.c: 126:     while(veces){
   590  007E22  D045               	goto	l792
   591  007E24                     l762:
   592                           
   593                           ;PRACTICA4_17_02_19.c: 127:         LATD=Tabla[unidadesS1];
   594  007E24  0E01               	movlw	low _Tabla
   595  007E26  241D               	addwf	_unidadesS1,w,c
   596  007E28  6ED9               	movwf	fsr2l,c
   597  007E2A  0E00               	movlw	high _Tabla
   598  007E2C  201E               	addwfc	_unidadesS1+1,w,c
   599  007E2E  6EDA               	movwf	fsr2h,c
   600  007E30  50DF               	movf	indf2,w,c
   601  007E32  6E8C               	movwf	3980,c	;volatile
   602                           
   603                           ;PRACTICA4_17_02_19.c: 128:         LATBbits.LATB3=1;
   604  007E34  868A               	bsf	3978,3,c	;volatile
   605                           
   606                           ;PRACTICA4_17_02_19.c: 129:         _delay((unsigned long)((5)*(8000000/4000.0)));
   607  007E36  0E0D               	movlw	13
   608  007E38  6E0B               	movwf	??_display& (0+255),c
   609  007E3A  0EFC               	movlw	252
   610  007E3C                     u337:
   611  007E3C  2EE8               	decfsz	wreg,f,c
   612  007E3E  D7FE               	bra	u337
   613  007E40  2E0B               	decfsz	??_display& (0+255),f,c
   614  007E42  D7FC               	bra	u337
   615                           
   616                           ;PRACTICA4_17_02_19.c: 130:         LATBbits.LATB3=0;
   617  007E44  968A               	bcf	3978,3,c	;volatile
   618                           
   619                           ;PRACTICA4_17_02_19.c: 132:         LATD=Tabla[unidadesS2];
   620  007E46  0E01               	movlw	low _Tabla
   621  007E48  241B               	addwf	_unidadesS2,w,c
   622  007E4A  6ED9               	movwf	fsr2l,c
   623  007E4C  0E00               	movlw	high _Tabla
   624  007E4E  201C               	addwfc	_unidadesS2+1,w,c
   625  007E50  6EDA               	movwf	fsr2h,c
   626  007E52  50DF               	movf	indf2,w,c
   627  007E54  6E8C               	movwf	3980,c	;volatile
   628                           
   629                           ;PRACTICA4_17_02_19.c: 133:         LATBbits.LATB2=1;
   630  007E56  848A               	bsf	3978,2,c	;volatile
   631                           
   632                           ;PRACTICA4_17_02_19.c: 134:         _delay((unsigned long)((5)*(8000000/4000.0)));
   633  007E58  0E0D               	movlw	13
   634  007E5A  6E0B               	movwf	??_display& (0+255),c
   635  007E5C  0EFC               	movlw	252
   636  007E5E                     u347:
   637  007E5E  2EE8               	decfsz	wreg,f,c
   638  007E60  D7FE               	bra	u347
   639  007E62  2E0B               	decfsz	??_display& (0+255),f,c
   640  007E64  D7FC               	bra	u347
   641                           
   642                           ;PRACTICA4_17_02_19.c: 135:         LATBbits.LATB2=0;
   643  007E66  948A               	bcf	3978,2,c	;volatile
   644                           
   645                           ;PRACTICA4_17_02_19.c: 137:         LATD=Tabla[Decenas1];
   646  007E68  0E01               	movlw	low _Tabla
   647  007E6A  2419               	addwf	_Decenas1,w,c
   648  007E6C  6ED9               	movwf	fsr2l,c
   649  007E6E  0E00               	movlw	high _Tabla
   650  007E70  201A               	addwfc	_Decenas1+1,w,c
   651  007E72  6EDA               	movwf	fsr2h,c
   652  007E74  50DF               	movf	indf2,w,c
   653  007E76  6E8C               	movwf	3980,c	;volatile
   654                           
   655                           ;PRACTICA4_17_02_19.c: 138:         LATBbits.LATB1=1;
   656  007E78  828A               	bsf	3978,1,c	;volatile
   657                           
   658                           ;PRACTICA4_17_02_19.c: 139:         _delay((unsigned long)((5)*(8000000/4000.0)));
   659  007E7A  0E0D               	movlw	13
   660  007E7C  6E0B               	movwf	??_display& (0+255),c
   661  007E7E  0EFC               	movlw	252
   662  007E80                     u357:
   663  007E80  2EE8               	decfsz	wreg,f,c
   664  007E82  D7FE               	bra	u357
   665  007E84  2E0B               	decfsz	??_display& (0+255),f,c
   666  007E86  D7FC               	bra	u357
   667                           
   668                           ;PRACTICA4_17_02_19.c: 140:         LATBbits.LATB1=0;
   669  007E88  928A               	bcf	3978,1,c	;volatile
   670                           
   671                           ;PRACTICA4_17_02_19.c: 142:         LATD=Tabla[Decenas2];
   672  007E8A  0E01               	movlw	low _Tabla
   673  007E8C  2417               	addwf	_Decenas2,w,c
   674  007E8E  6ED9               	movwf	fsr2l,c
   675  007E90  0E00               	movlw	high _Tabla
   676  007E92  2018               	addwfc	_Decenas2+1,w,c
   677  007E94  6EDA               	movwf	fsr2h,c
   678  007E96  50DF               	movf	indf2,w,c
   679  007E98  6E8C               	movwf	3980,c	;volatile
   680                           
   681                           ;PRACTICA4_17_02_19.c: 143:         LATBbits.LATB0=1;
   682  007E9A  808A               	bsf	3978,0,c	;volatile
   683                           
   684                           ;PRACTICA4_17_02_19.c: 144:         _delay((unsigned long)((5)*(8000000/4000.0)));
   685  007E9C  0E0D               	movlw	13
   686  007E9E  6E0B               	movwf	??_display& (0+255),c
   687  007EA0  0EFC               	movlw	252
   688  007EA2                     u367:
   689  007EA2  2EE8               	decfsz	wreg,f,c
   690  007EA4  D7FE               	bra	u367
   691  007EA6  2E0B               	decfsz	??_display& (0+255),f,c
   692  007EA8  D7FC               	bra	u367
   693                           
   694                           ;PRACTICA4_17_02_19.c: 145:         LATBbits.LATB0=0;
   695  007EAA  908A               	bcf	3978,0,c	;volatile
   696                           
   697                           ;PRACTICA4_17_02_19.c: 146:         veces--;
   698  007EAC  060C               	decf	display@veces,f,c
   699  007EAE                     l792:
   700                           
   701                           ;PRACTICA4_17_02_19.c: 126:     while(veces){
   702  007EAE  500C               	movf	display@veces,w,c
   703  007EB0  B4D8               	btfsc	status,2,c
   704  007EB2  0012               	return	
   705  007EB4  D7B7               	goto	l762
   706  007EB6                     __end_of_display:
   707                           	opt callstack 0
   708                           
   709 ;; *************** function _conteo *****************
   710 ;; Defined at:
   711 ;;		line 77 in file "PRACTICA4_17_02_19.c"
   712 ;; Parameters:    Size  Location     Type
   713 ;;		None
   714 ;; Auto vars:     Size  Location     Type
   715 ;;  condicion2      2    2[COMRAM] short 
   716 ;;  condicion       2    0        short 
   717 ;; Return value:  Size  Location     Type
   718 ;;                  1    wreg      void 
   719 ;; Registers used:
   720 ;;		wreg, status,2, status,0
   721 ;; Tracked objects:
   722 ;;		On entry : 0/0
   723 ;;		On exit  : 0/0
   724 ;;		Unchanged: 0/0
   725 ;; Data sizes:     COMRAM   BANK0   BANK1   BANK2   BANK3   BANK4   BANK5   BANK6   BANK7
   726 ;;      Params:         0       0       0       0       0       0       0       0       0
   727 ;;      Locals:         4       0       0       0       0       0       0       0       0
   728 ;;      Temps:          0       0       0       0       0       0       0       0       0
   729 ;;      Totals:         4       0       0       0       0       0       0       0       0
   730 ;;Total ram usage:        4 bytes
   731 ;; Hardware stack levels used:    1
   732 ;; This function calls:
   733 ;;		Nothing
   734 ;; This function is called by:
   735 ;;		_main
   736 ;; This function uses a non-reentrant model
   737 ;;
   738                           
   739                           	psect	text3
   740  007DCE                     __ptext3:
   741                           	opt callstack 0
   742  007DCE                     _conteo:
   743                           	opt callstack 30
   744                           
   745                           ;PRACTICA4_17_02_19.c: 79:     short int condicion2=0;
   746                           
   747                           ;incstack = 0
   748  007DCE  0E00               	movlw	0
   749  007DD0  6E0E               	movwf	conteo@condicion2+1,c
   750  007DD2  0E00               	movlw	0
   751  007DD4  6E0D               	movwf	conteo@condicion2,c
   752                           
   753                           ;PRACTICA4_17_02_19.c: 81:     unidadesS1--;
   754  007DD6  061D               	decf	_unidadesS1,f,c
   755  007DD8  A0D8               	btfss	status,0,c
   756  007DDA  061E               	decf	_unidadesS1+1,f,c
   757                           
   758                           ;PRACTICA4_17_02_19.c: 82:     if(unidadesS1<0){
   759  007DDC  AE1E               	btfss	_unidadesS1+1,7,c
   760  007DDE  0012               	return	
   761                           
   762                           ;PRACTICA4_17_02_19.c: 83:         unidadesS1=9;
   763  007DE0  0E00               	movlw	0
   764  007DE2  6E1E               	movwf	_unidadesS1+1,c
   765  007DE4  0E09               	movlw	9
   766  007DE6  6E1D               	movwf	_unidadesS1,c
   767                           
   768                           ;PRACTICA4_17_02_19.c: 84:         unidadesS2--;
   769  007DE8  061B               	decf	_unidadesS2,f,c
   770  007DEA  A0D8               	btfss	status,0,c
   771  007DEC  061C               	decf	_unidadesS2+1,f,c
   772                           
   773                           ;PRACTICA4_17_02_19.c: 85:         if(unidadesS2<0){
   774  007DEE  AE1C               	btfss	_unidadesS2+1,7,c
   775  007DF0  0012               	return	
   776                           
   777                           ;PRACTICA4_17_02_19.c: 86:             unidadesS2=5;
   778  007DF2  0E00               	movlw	0
   779  007DF4  6E1C               	movwf	_unidadesS2+1,c
   780  007DF6  0E05               	movlw	5
   781  007DF8  6E1B               	movwf	_unidadesS2,c
   782                           
   783                           ;PRACTICA4_17_02_19.c: 87:             Decenas1--;
   784  007DFA  0619               	decf	_Decenas1,f,c
   785  007DFC  A0D8               	btfss	status,0,c
   786  007DFE  061A               	decf	_Decenas1+1,f,c
   787                           
   788                           ;PRACTICA4_17_02_19.c: 88:             if(Decenas1<0){
   789  007E00  AE1A               	btfss	_Decenas1+1,7,c
   790  007E02  0012               	return	
   791                           
   792                           ;PRACTICA4_17_02_19.c: 89:                 Decenas1=9;
   793  007E04  0E00               	movlw	0
   794  007E06  6E1A               	movwf	_Decenas1+1,c
   795  007E08  0E09               	movlw	9
   796  007E0A  6E19               	movwf	_Decenas1,c
   797                           
   798                           ;PRACTICA4_17_02_19.c: 90:                 Decenas2--;
   799  007E0C  0617               	decf	_Decenas2,f,c
   800  007E0E  A0D8               	btfss	status,0,c
   801  007E10  0618               	decf	_Decenas2+1,f,c
   802                           
   803                           ;PRACTICA4_17_02_19.c: 91:                 if(Decenas2<0){
   804  007E12  AE18               	btfss	_Decenas2+1,7,c
   805  007E14  0012               	return	
   806                           
   807                           ;PRACTICA4_17_02_19.c: 92:                     Decenas2=0;
   808  007E16  0E00               	movlw	0
   809  007E18  6E18               	movwf	_Decenas2+1,c
   810  007E1A  0E00               	movlw	0
   811  007E1C  6E17               	movwf	_Decenas2,c
   812  007E1E  0012               	return	
   813  007E20                     __end_of_conteo:
   814                           	opt callstack 0
   815  0000                     
   816                           	psect	rparam
   817  0000                     tosu	equ	0xFFF
   818                           tosh	equ	0xFFE
   819                           tosl	equ	0xFFD
   820                           stkptr	equ	0xFFC
   821                           pclatu	equ	0xFFB
   822                           pclath	equ	0xFFA
   823                           pcl	equ	0xFF9
   824                           tblptru	equ	0xFF8
   825                           tblptrh	equ	0xFF7
   826                           tblptrl	equ	0xFF6
   827                           tablat	equ	0xFF5
   828                           prodh	equ	0xFF4
   829                           prodl	equ	0xFF3
   830                           indf0	equ	0xFEF
   831                           postinc0	equ	0xFEE
   832                           postdec0	equ	0xFED
   833                           preinc0	equ	0xFEC
   834                           plusw0	equ	0xFEB
   835                           fsr0h	equ	0xFEA
   836                           fsr0l	equ	0xFE9
   837                           wreg	equ	0xFE8
   838                           indf1	equ	0xFE7
   839                           postinc1	equ	0xFE6
   840                           postdec1	equ	0xFE5
   841                           preinc1	equ	0xFE4
   842                           plusw1	equ	0xFE3
   843                           fsr1h	equ	0xFE2
   844                           fsr1l	equ	0xFE1
   845                           bsr	equ	0xFE0
   846                           indf2	equ	0xFDF
   847                           postinc2	equ	0xFDE
   848                           postdec2	equ	0xFDD
   849                           preinc2	equ	0xFDC
   850                           plusw2	equ	0xFDB
   851                           fsr2h	equ	0xFDA
   852                           fsr2l	equ	0xFD9
   853                           status	equ	0xFD8


Data Sizes:
    Strings     0
    Constant    0
    Data        10
    BSS         8
    Persistent  2
    Stack       0

Auto Spaces:
    Space          Size  Autos    Used
    COMRAM           95     10      30
    BANK0           160      0       0
    BANK1           256      0       0
    BANK2           256      0       0
    BANK3           256      0       0
    BANK4           256      0       0
    BANK5           256      0       0
    BANK6           256      0       0
    BANK7           256      0       0

Pointer List with Targets:

    None.

Critical Paths under _main in COMRAM

    _main->_seleccion

Critical Paths under _main in BANK0

    None.

Critical Paths under _main in BANK1

    None.

Critical Paths under _main in BANK2

    None.

Critical Paths under _main in BANK3

    None.

Critical Paths under _main in BANK4

    None.

Critical Paths under _main in BANK5

    None.

Critical Paths under _main in BANK6

    None.

Critical Paths under _main in BANK7

    None.

Call Graph Tables:

 ---------------------------------------------------------------------------------
 (Depth) Function   	        Calls       Base Space   Used Autos Params    Refs
 ---------------------------------------------------------------------------------
 (0) _main                                                 4     4      0      64
                                              6 COMRAM     4     4      0
                             _conteo
                            _display
                          _seleccion
 ---------------------------------------------------------------------------------
 (1) _seleccion                                            6     4      2      24
                                              0 COMRAM     6     4      2
 ---------------------------------------------------------------------------------
 (1) _display                                              2     2      0      15
                                              0 COMRAM     2     2      0
 ---------------------------------------------------------------------------------
 (1) _conteo                                               4     4      0       0
                                              0 COMRAM     4     4      0
 ---------------------------------------------------------------------------------
 Estimated maximum stack depth 1
 ---------------------------------------------------------------------------------

 Call Graph Graphs:

 _main (ROOT)
   _conteo
   _display
   _seleccion

 Address spaces:
Name               Size   Autos  Total    Cost      Usage
BIGRAM             7FF      0       0      21        0.0%
EEDATA             100      0       0       0        0.0%
BITBANK7           100      0       0      18        0.0%
BANK7              100      0       0      19        0.0%
BITBANK6           100      0       0      16        0.0%
BANK6              100      0       0      17        0.0%
BITBANK5           100      0       0      14        0.0%
BANK5              100      0       0      15        0.0%
BITBANK4           100      0       0      12        0.0%
BANK4              100      0       0      13        0.0%
BITBANK3           100      0       0      10        0.0%
BANK3              100      0       0      11        0.0%
BITBANK2           100      0       0       8        0.0%
BANK2              100      0       0       9        0.0%
BITBANK1           100      0       0       6        0.0%
BANK1              100      0       0       7        0.0%
BITBANK0            A0      0       0       4        0.0%
BANK0               A0      0       0       5        0.0%
BITCOMRAM           5F      0       0       0        0.0%
COMRAM              5F      A      1E       1       31.6%
BITSFR               0      0       0     200        0.0%
SFR                  0      0       0     200        0.0%
STACK                0      0       0       2        0.0%
NULL                 0      0       0       0        0.0%
ABS                  0      0      1E      20        0.0%
DATA                 0      0      1E       3        0.0%
CODE                 0      0       0       0        0.0%


Microchip Technology PIC18 Macro Assembler V2.05 build -831301201 
Symbol Table                                                                                   Tue Feb 19 17:01:51 2019

            __CFG_BORV$3 000000             __CFG_CP0$OFF 000000             __CFG_CP1$OFF 000000  
           __CFG_CP2$OFF 000000             __CFG_CP3$OFF 000000                      l900 7DA2  
                    l904 7DAA                      l762 7E24                      l942 7F06  
                    l792 7EAE                      l960 7F80                      l952 7F46  
                    l970 7FD2                      l982 7FEE                      l976 7FE0  
                    l968 7FBC             __CFG_CPB$OFF 000000                      u200 7F3E  
                    u210 7F78                      u220 7FB4                      u307 7F8A  
                    u317 7FC6                      u190 7EFE                      u327 7DB4  
                    u337 7E3C             __CFG_CPD$OFF 000000                      u347 7E5E  
                    u357 7E80                      u367 7EA2                      u287 7F16  
                    u297 7F50             __CFG_BOR$OFF 000000                      wreg 000FE8  
           __CFG_FOSC$HS 000000             __CFG_LVP$OFF 000000             __CFG_WDT$OFF 000000  
                   _LATD 000F8C             __CFG_PWRT$ON 000000                     _main 7EB6  
                   indf2 000FDF                     fsr1l 000FE1                     fsr2l 000FD9  
                   start 0000            __CFG_IESO$OFF 000000            __CFG_MCLRE$ON 000000  
           ___param_bank 000000            __CFG_PLLDIV$1 000000                    ?_main 000B  
          __CFG_USBDIV$1 000000                    _TRISD 000F95            __CFG_WRT0$OFF 000000  
          __CFG_WRT1$OFF 000000            __CFG_WRT2$OFF 000000            __CFG_WRT3$OFF 000000  
                  _Tabla 0001           __CFG_EBTR0$OFF 000000           __CFG_FCMEN$OFF 000000  
         __CFG_EBTR1$OFF 000000           __CFG_EBTR2$OFF 000000           __CFG_EBTR3$OFF 000000  
          __CFG_WRTB$OFF 000000          __end_of_display 7EB6            __CFG_WRTC$OFF 000000  
          __CFG_WRTD$OFF 000000             display@veces 000C           __CFG_EBTRB$OFF 000000  
                  tablat 000FF5                    status 000FD8           __CFG_ICPRT$OFF 000000  
        __initialization 7D68             __end_of_main 8000                   ??_main 0011  
          __activetblptr 000000          __CFG_CCP2MX$OFF 000000                   _ADCON1 000FC1  
         __CFG_XINST$OFF 000000           __CFG_STVREN$ON 000000                   _conteo 7DCE  
                 clear_0 7D8E                ??_display 000B             __pdataCOMRAM 0001  
                 tblptrh 000FF7                   tblptrl 000FF6                   tblptru 000FF8  
             __accesstop 0060  __end_of__initialization 7D94          __CFG_PBADEN$OFF 000000  
          ___rparam_used 000001           __pcstackCOMRAM 000B          __CFG_LPT1OSC$ON 000000  
       conteo@condicion2 000D               __pnvCOMRAM 001D       __size_of_seleccion 0034  
                ?_conteo 000B          __CFG_VREGEN$OFF 000000                  __Hparam 0000  
                __Lparam 0000          __size_of_conteo 0052                  __pcinit 7D68  
                __ramtop 0800                  __ptext0 7EB6                  __ptext1 7D9A  
                __ptext2 7E20                  __ptext3 7DCE                  _display 7E20  
                _regreso 0015     end_of_initialization 7D94        __end_of_seleccion 7DCE  
          seleccion@DATO 000F                  postdec1 000FE5                  postinc0 000FEE  
              _PORTBbits 000F81               _unidadesS1 001D               _unidadesS2 001B  
              _TRISAbits 000F92                _TRISBbits 000F93            __pidataCOMRAM 7D5E  
         __end_of_conteo 7E20      start_initialization 7D68                 ??_conteo 000B  
            __pbssCOMRAM 0015                 ?_display 000B                 _LATAbits 000F89  
               _LATBbits 000F8A                _seleccion 7D9A         __CFG_WDTPS$32768 000000  
               _Decenas1 0019                 _Decenas2 0017                copy_data0 7D7C  
             ?_seleccion 000B                 __Hrparam 0000                 __Lrparam 0000  
       __size_of_display 0096            __size_of_main 014A                 main@cont 0013  
  __CFG_CPUDIV$OSC1_PLL2 000000              ??_seleccion 000D  
