

Microchip MPLAB XC8 Assembler V2.05 build -831301201 
                                                                                               Thu May 30 15:30:49 2019

Microchip MPLAB XC8 C Compiler v2.05 (Free license) build 20181220022703 Og1 
     1                           	processor	18F4550
     2                           	fnconf	rparam,??,?,0
     3                           	opt	pw 120
     4                           	opt	flic
     5                           	psect	cinit,global,reloc=2,class=CODE,delta=1
     6                           	psect	cstackCOMRAM,global,class=COMRAM,space=1,delta=1,noexec
     7                           	psect	text0,global,reloc=2,class=CODE,delta=1
     8                           	psect	intsave_regs,global,class=BIGRAM,space=1,delta=1,noexec
     9                           	psect	rparam,global,class=COMRAM,space=1,delta=1,noexec
    10  0000                     
    11                           ; Version 2.05
    12                           ; Generated 20/12/2018 GMT
    13                           ; 
    14                           ; Copyright © 2018, Microchip Technology Inc. and its subsidiaries ("Microchip")
    15                           ; All rights reserved.
    16                           ; 
    17                           ; This software is developed by Microchip Technology Inc. and its subsidiaries ("Microch
      +                          ip").
    18                           ; 
    19                           ; Redistribution and use in source and binary forms, with or without modification, are
    20                           ; permitted provided that the following conditions are met:
    21                           ; 
    22                           ;     1. Redistributions of source code must retain the above copyright notice, this lis
      +                          t of
    23                           ;        conditions and the following disclaimer.
    24                           ; 
    25                           ;     2. Redistributions in binary form must reproduce the above copyright notice, this 
      +                          list
    26                           ;        of conditions and the following disclaimer in the documentation and/or other
    27                           ;        materials provided with the distribution.
    28                           ; 
    29                           ;     3. Microchip's name may not be used to endorse or promote products derived from th
      +                          is
    30                           ;        software without specific prior written permission.
    31                           ; 
    32                           ; THIS SOFTWARE IS PROVIDED BY MICROCHIP "AS IS" AND ANY EXPRESS OR IMPLIED WARRANTIES,
    33                           ; INCLUDING, BUT NOT LIMITED TO, THE IMPLIED WARRANTIES OF MERCHANTABILITY AND FITNESS F
      +                          OR
    34                           ; PURPOSE ARE DISCLAIMED.  IN NO EVENT SHALL MICROCHIP BE LIABLE FOR ANY DIRECT, INDIREC
      +                          T,
    35                           ; INCIDENTAL, SPECIAL, EXEMPLARY, OR CONSEQUENTIAL DAMAGES (INCLUDING BUT NOT LIMITED TO
    36                           ; PROCUREMENT OF SUBSTITUTE GOODS OR SERVICES; LOSS OF USE, DATA OR PROFITS; OR BUSINESS
    37                           ; INTERRUPTION) HOWSOEVER CAUSED AND ON ANY THEORY OF LIABILITY, WHETHER IN CONTRACT, ST
      +                          RICT
    38                           ; LIABILITY, OR TORT (INCLUDING NEGLIGENCE OR OTHERWISE) ARISING IN ANY WAY OUT OF THE U
      +                          SE OF
    39                           ; THIS SOFTWARE, EVEN IF ADVISED OF THE POSSIBILITY OF SUCH DAMAGE.
    40                           ; 
    41                           ; 
    42                           ; Code-generator required, PIC18F4550 Definitions
    43                           ; 
    44                           ; SFR Addresses
    45  0000                     _LATDbits	set	3980
    46  0000                     _TRISDbits	set	3989
    47  0000                     _ADCON1	set	4033
    48                           
    49                           ; #config settings
    50  0000                     
    51                           	psect	cinit
    52  007FC2                     __pcinit:
    53                           	opt callstack 0
    54  007FC2                     start_initialization:
    55                           	opt callstack 0
    56  007FC2                     __initialization:
    57                           	opt callstack 0
    58  007FC2                     end_of_initialization:
    59                           	opt callstack 0
    60  007FC2                     __end_of__initialization:
    61                           	opt callstack 0
    62  007FC2  0100               	movlb	0
    63  007FC4  EFE4  F03F         	goto	_main	;jump to C main() function
    64                           
    65                           	psect	cstackCOMRAM
    66  000001                     __pcstackCOMRAM:
    67                           	opt callstack 0
    68  000001                     ??_main:
    69                           
    70                           ; 1 bytes @ 0x0
    71  000001                     	ds	2
    72                           
    73 ;;
    74 ;;Main: autosize = 0, tempsize = 2, incstack = 0, save=0
    75 ;;
    76 ;; *************** function _main *****************
    77 ;; Defined at:
    78 ;;		line 14 in file "Practica1.c"
    79 ;; Parameters:    Size  Location     Type
    80 ;;		None
    81 ;; Auto vars:     Size  Location     Type
    82 ;;		None
    83 ;; Return value:  Size  Location     Type
    84 ;;                  1    wreg      void 
    85 ;; Registers used:
    86 ;;		wreg, status,2, status,0
    87 ;; Tracked objects:
    88 ;;		On entry : 0/0
    89 ;;		On exit  : 0/0
    90 ;;		Unchanged: 0/0
    91 ;; Data sizes:     COMRAM   BANK0   BANK1   BANK2   BANK3   BANK4   BANK5   BANK6   BANK7
    92 ;;      Params:         0       0       0       0       0       0       0       0       0
    93 ;;      Locals:         0       0       0       0       0       0       0       0       0
    94 ;;      Temps:          2       0       0       0       0       0       0       0       0
    95 ;;      Totals:         2       0       0       0       0       0       0       0       0
    96 ;;Total ram usage:        2 bytes
    97 ;; This function calls:
    98 ;;		Nothing
    99 ;; This function is called by:
   100 ;;		Startup code after reset
   101 ;; This function uses a non-reentrant model
   102 ;;
   103                           
   104                           	psect	text0
   105  007FC8                     __ptext0:
   106                           	opt callstack 0
   107  007FC8                     _main:
   108                           	opt callstack 31
   109                           
   110                           ;Practica1.c: 15:     ADCON1=0x0F;
   111                           
   112                           ;incstack = 0
   113  007FC8  0E0F               	movlw	15
   114  007FCA  6EC1               	movwf	4033,c	;volatile
   115                           
   116                           ;Practica1.c: 16:     TRISDbits.TRISD0=0;
   117  007FCC  9095               	bcf	3989,0,c	;volatile
   118                           
   119                           ;Practica1.c: 17:     LATDbits.LATD0=0;
   120  007FCE  908C               	bcf	3980,0,c	;volatile
   121  007FD0                     l698:
   122                           
   123                           ;Practica1.c: 19:         LATDbits.LATD0=~LATDbits.LATD0;
   124  007FD0  A08C               	btfss	3980,0,c	;volatile
   125  007FD2  D002               	goto	u10
   126  007FD4  0E01               	movlw	1
   127  007FD6  D001               	goto	u16
   128  007FD8                     u10:
   129  007FD8  0E00               	movlw	0
   130  007FDA                     u16:
   131  007FDA  0AFF               	xorlw	255
   132  007FDC  6E01               	movwf	??_main& (0+255),c
   133  007FDE  508C               	movf	3980,w,c	;volatile
   134  007FE0  1801               	xorwf	??_main,w,c
   135  007FE2  0BFE               	andlw	-2
   136  007FE4  1801               	xorwf	??_main,w,c
   137  007FE6  6E8C               	movwf	3980,c	;volatile
   138                           
   139                           ;Practica1.c: 20:         _delay((unsigned long)((500)*(12000000/4000.0)));
   140  007FE8  0E08               	movlw	8
   141  007FEA  6E02               	movwf	(??_main+1)& (0+255),c
   142  007FEC  0E9D               	movlw	157
   143  007FEE  6E01               	movwf	??_main& (0+255),c
   144  007FF0  0E06               	movlw	6
   145  007FF2                     u27:
   146  007FF2  2EE8               	decfsz	wreg,f,c
   147  007FF4  D7FE               	bra	u27
   148  007FF6  2E01               	decfsz	??_main& (0+255),f,c
   149  007FF8  D7FC               	bra	u27
   150  007FFA  2E02               	decfsz	(??_main+1)& (0+255),f,c
   151  007FFC  D7FA               	bra	u27
   152  007FFE  D7E8               	goto	l698
   153  008000                     __end_of_main:
   154                           	opt callstack 0
   155  0000                     
   156                           	psect	rparam
   157  0000                     tosu	equ	0xFFF
   158                           tosh	equ	0xFFE
   159                           tosl	equ	0xFFD
   160                           stkptr	equ	0xFFC
   161                           pclatu	equ	0xFFB
   162                           pclath	equ	0xFFA
   163                           pcl	equ	0xFF9
   164                           tblptru	equ	0xFF8
   165                           tblptrh	equ	0xFF7
   166                           tblptrl	equ	0xFF6
   167                           tablat	equ	0xFF5
   168                           prodh	equ	0xFF4
   169                           prodl	equ	0xFF3
   170                           indf0	equ	0xFEF
   171                           postinc0	equ	0xFEE
   172                           postdec0	equ	0xFED
   173                           preinc0	equ	0xFEC
   174                           plusw0	equ	0xFEB
   175                           fsr0h	equ	0xFEA
   176                           fsr0l	equ	0xFE9
   177                           wreg	equ	0xFE8
   178                           indf1	equ	0xFE7
   179                           postinc1	equ	0xFE6
   180                           postdec1	equ	0xFE5
   181                           preinc1	equ	0xFE4
   182                           plusw1	equ	0xFE3
   183                           fsr1h	equ	0xFE2
   184                           fsr1l	equ	0xFE1
   185                           bsr	equ	0xFE0
   186                           indf2	equ	0xFDF
   187                           postinc2	equ	0xFDE
   188                           postdec2	equ	0xFDD
   189                           preinc2	equ	0xFDC
   190                           plusw2	equ	0xFDB
   191                           fsr2h	equ	0xFDA
   192                           fsr2l	equ	0xFD9
   193                           status	equ	0xFD8


Data Sizes:
    Strings     0
    Constant    0
    Data        0
    BSS         0
    Persistent  0
    Stack       0

Auto Spaces:
    Space          Size  Autos    Used
    COMRAM           95      2       2
    BANK0           160      0       0
    BANK1           256      0       0
    BANK2           256      0       0
    BANK3           256      0       0
    BANK4           256      0       0
    BANK5           256      0       0
    BANK6           256      0       0
    BANK7           256      0       0

Pointer List with Targets:

    None.

Critical Paths under _main in COMRAM

    None.

Critical Paths under _main in BANK0

    None.

Critical Paths under _main in BANK1

    None.

Critical Paths under _main in BANK2

    None.

Critical Paths under _main in BANK3

    None.

Critical Paths under _main in BANK4

    None.

Critical Paths under _main in BANK5

    None.

Critical Paths under _main in BANK6

    None.

Critical Paths under _main in BANK7

    None.

Call Graph Tables:

 ---------------------------------------------------------------------------------
 (Depth) Function   	        Calls       Base Space   Used Autos Params    Refs
 ---------------------------------------------------------------------------------
 (0) _main                                                 2     2      0       0
                                              0 COMRAM     2     2      0
 ---------------------------------------------------------------------------------
 Estimated maximum stack depth 0
 ---------------------------------------------------------------------------------

 Call Graph Graphs:

 _main (ROOT)

 Address spaces:
Name               Size   Autos  Total    Cost      Usage
BITCOMRAM           5F      0       0       0        0.0%
EEDATA             100      0       0       0        0.0%
NULL                 0      0       0       0        0.0%
CODE                 0      0       0       0        0.0%
COMRAM              5F      2       2       1        2.1%
STACK                0      0       0       2        0.0%
DATA                 0      0       0       3        0.0%
BITBANK0            A0      0       0       4        0.0%
BANK0               A0      0       0       5        0.0%
BITBANK1           100      0       0       6        0.0%
BANK1              100      0       0       7        0.0%
BITBANK2           100      0       0       8        0.0%
BANK2              100      0       0       9        0.0%
BITBANK3           100      0       0      10        0.0%
BANK3              100      0       0      11        0.0%
BITBANK4           100      0       0      12        0.0%
BANK4              100      0       0      13        0.0%
BITBANK5           100      0       0      14        0.0%
BANK5              100      0       0      15        0.0%
BITBANK6           100      0       0      16        0.0%
BANK6              100      0       0      17        0.0%
BITBANK7           100      0       0      18        0.0%
BANK7              100      0       0      19        0.0%
ABS                  0      0       0      20        0.0%
BIGRAM             7FF      0       0      21        0.0%
BITSFR               0      0       0     200        0.0%
SFR                  0      0       0     200        0.0%


Microchip Technology PIC18 Macro Assembler V2.05 build -831301201 
Symbol Table                                                                                   Thu May 30 15:30:49 2019

                     u10 7FD8                       u16 7FDA                       u27 7FF2  
            __CFG_BORV$3 000000             __CFG_CP0$OFF 000000             __CFG_CP1$OFF 000000  
           __CFG_CP2$OFF 000000             __CFG_CP3$OFF 000000                      l698 7FD0  
           __CFG_CPB$OFF 000000             __CFG_CPD$OFF 000000             __CFG_BOR$OFF 000000  
                    wreg 000FE8             __CFG_FOSC$HS 000000             __CFG_LVP$OFF 000000  
           __CFG_WDT$OFF 000000                     _main 7FC8                     start 0000  
          __CFG_IESO$OFF 000000            __CFG_MCLRE$ON 000000             ___param_bank 000000  
          __CFG_PLLDIV$1 000000                    ?_main 0001            __CFG_USBDIV$1 000000  
          __CFG_PWRT$OFF 000000            __CFG_WRT0$OFF 000000            __CFG_WRT1$OFF 000000  
          __CFG_WRT2$OFF 000000            __CFG_WRT3$OFF 000000           __CFG_EBTR0$OFF 000000  
         __CFG_FCMEN$OFF 000000           __CFG_EBTR1$OFF 000000           __CFG_EBTR2$OFF 000000  
         __CFG_EBTR3$OFF 000000            __CFG_WRTB$OFF 000000            __CFG_WRTC$OFF 000000  
          __CFG_WRTD$OFF 000000           __CFG_EBTRB$OFF 000000           __CFG_ICPRT$OFF 000000  
        __initialization 7FC2             __end_of_main 8000                   ??_main 0001  
          __activetblptr 000000          __CFG_CCP2MX$OFF 000000                   _ADCON1 000FC1  
         __CFG_XINST$OFF 000000           __CFG_STVREN$ON 000000               __accesstop 0060  
__end_of__initialization 7FC2          __CFG_PBADEN$OFF 000000            ___rparam_used 000001  
         __pcstackCOMRAM 0001          __CFG_LPT1OSC$ON 000000          __CFG_VREGEN$OFF 000000  
                __Hparam 0000                  __Lparam 0000                  __pcinit 7FC2  
                __ramtop 0800                  __ptext0 7FC8     end_of_initialization 7FC2  
              _TRISDbits 000F95      start_initialization 7FC2                 _LATDbits 000F8C  
       __CFG_WDTPS$32768 000000                 __Hrparam 0000                 __Lrparam 0000  
          __size_of_main 0038    __CFG_CPUDIV$OSC1_PLL2 000000  
