

Microchip MPLAB XC8 Assembler V2.05 build -831301201 
                                                                                               Sat Apr 06 00:36:52 2019

Microchip MPLAB XC8 C Compiler v2.05 (Free license) build 20181220022703 Og1 
     1                           	processor	18F4550
     2                           	fnconf	rparam,??,?,0
     3                           	opt	pw 120
     4                           	opt	flic
     5                           	psect	cinit,global,reloc=2,class=CODE,delta=1
     6                           	psect	bssCOMRAM,global,class=COMRAM,space=1,delta=1,noexec
     7                           	psect	cstackCOMRAM,global,class=COMRAM,space=1,delta=1,noexec
     8                           	psect	text0,global,reloc=2,class=CODE,delta=1
     9                           	psect	intsave_regs,global,class=BIGRAM,space=1,delta=1,noexec
    10                           	psect	rparam,global,class=COMRAM,space=1,delta=1,noexec
    11  0000                     
    12                           ; Version 2.05
    13                           ; Generated 20/12/2018 GMT
    14                           ; 
    15                           ; Copyright © 2018, Microchip Technology Inc. and its subsidiaries ("Microchip")
    16                           ; All rights reserved.
    17                           ; 
    18                           ; This software is developed by Microchip Technology Inc. and its subsidiaries ("Microch
      +                          ip").
    19                           ; 
    20                           ; Redistribution and use in source and binary forms, with or without modification, are
    21                           ; permitted provided that the following conditions are met:
    22                           ; 
    23                           ;     1. Redistributions of source code must retain the above copyright notice, this lis
      +                          t of
    24                           ;        conditions and the following disclaimer.
    25                           ; 
    26                           ;     2. Redistributions in binary form must reproduce the above copyright notice, this 
      +                          list
    27                           ;        of conditions and the following disclaimer in the documentation and/or other
    28                           ;        materials provided with the distribution.
    29                           ; 
    30                           ;     3. Microchip's name may not be used to endorse or promote products derived from th
      +                          is
    31                           ;        software without specific prior written permission.
    32                           ; 
    33                           ; THIS SOFTWARE IS PROVIDED BY MICROCHIP "AS IS" AND ANY EXPRESS OR IMPLIED WARRANTIES,
    34                           ; INCLUDING, BUT NOT LIMITED TO, THE IMPLIED WARRANTIES OF MERCHANTABILITY AND FITNESS F
      +                          OR
    35                           ; PURPOSE ARE DISCLAIMED.  IN NO EVENT SHALL MICROCHIP BE LIABLE FOR ANY DIRECT, INDIREC
      +                          T,
    36                           ; INCIDENTAL, SPECIAL, EXEMPLARY, OR CONSEQUENTIAL DAMAGES (INCLUDING BUT NOT LIMITED TO
    37                           ; PROCUREMENT OF SUBSTITUTE GOODS OR SERVICES; LOSS OF USE, DATA OR PROFITS; OR BUSINESS
    38                           ; INTERRUPTION) HOWSOEVER CAUSED AND ON ANY THEORY OF LIABILITY, WHETHER IN CONTRACT, ST
      +                          RICT
    39                           ; LIABILITY, OR TORT (INCLUDING NEGLIGENCE OR OTHERWISE) ARISING IN ANY WAY OUT OF THE U
      +                          SE OF
    40                           ; THIS SOFTWARE, EVEN IF ADVISED OF THE POSSIBILITY OF SUCH DAMAGE.
    41                           ; 
    42                           ; 
    43                           ; Code-generator required, PIC18F4550 Definitions
    44                           ; 
    45                           ; SFR Addresses
    46  0000                     _LATB	set	3978
    47  0000                     _PORTBbits	set	3969
    48  0000                     _PORTB	set	3969
    49  0000                     _PORTD	set	3971
    50  0000                     _TRISB	set	3987
    51  0000                     _INTCON2bits	set	4081
    52  0000                     _CCP1CONbits	set	4029
    53  0000                     _CCPR1L	set	4030
    54  0000                     _T2CONbits	set	4042
    55  0000                     _T2CON	set	4042
    56  0000                     _PR2	set	4043
    57  0000                     _CCP1CON	set	4029
    58  0000                     _TRISCbits	set	3988
    59  0000                     _ADCON1	set	4033
    60  0000                     _OSCCONbits	set	4051
    61  0000                     _PORTDbits	set	3971
    62  0000                     _TRISDbits	set	3989
    63                           
    64                           ; #config settings
    65  0000                     
    66                           	psect	cinit
    67  007FBE                     __pcinit:
    68                           	opt callstack 0
    69  007FBE                     start_initialization:
    70                           	opt callstack 0
    71  007FBE                     __initialization:
    72                           	opt callstack 0
    73                           
    74                           ; Clear objects allocated to COMRAM (4 bytes)
    75  007FBE  6A04               	clrf	(__pbssCOMRAM+3)& (0+255),c
    76  007FC0  6A03               	clrf	(__pbssCOMRAM+2)& (0+255),c
    77  007FC2  6A02               	clrf	(__pbssCOMRAM+1)& (0+255),c
    78  007FC4  6A01               	clrf	__pbssCOMRAM& (0+255),c
    79  007FC6                     end_of_initialization:
    80                           	opt callstack 0
    81  007FC6                     __end_of__initialization:
    82                           	opt callstack 0
    83  007FC6  0E00               	movlw	low (__Lmediumconst shr (0+16))
    84  007FC8  6EF8               	movwf	tblptru,c
    85  007FCA  0100               	movlb	0
    86  007FCC  EFE8  F03F         	goto	_main	;jump to C main() function
    87                           
    88                           	psect	bssCOMRAM
    89  000001                     __pbssCOMRAM:
    90                           	opt callstack 0
    91  000001                     _valor:
    92                           	opt callstack 0
    93  000001                     	ds	4
    94                           
    95                           	psect	cstackCOMRAM
    96  000000                     __pcstackCOMRAM:
    97                           	opt callstack 0
    98  000000                     
    99                           ; 1 bytes @ 0x0
   100 ;;
   101 ;;Main: autosize = 0, tempsize = 0, incstack = 0, save=0
   102 ;;
   103 ;; *************** function _main *****************
   104 ;; Defined at:
   105 ;;		line 15 in file "Practica10_05_04_19.c"
   106 ;; Parameters:    Size  Location     Type
   107 ;;		None
   108 ;; Auto vars:     Size  Location     Type
   109 ;;		None
   110 ;; Return value:  Size  Location     Type
   111 ;;                  1    wreg      void 
   112 ;; Registers used:
   113 ;;		wreg, status,2
   114 ;; Tracked objects:
   115 ;;		On entry : 0/0
   116 ;;		On exit  : 0/0
   117 ;;		Unchanged: 0/0
   118 ;; Data sizes:     COMRAM   BANK0   BANK1   BANK2   BANK3   BANK4   BANK5   BANK6   BANK7
   119 ;;      Params:         0       0       0       0       0       0       0       0       0
   120 ;;      Locals:         0       0       0       0       0       0       0       0       0
   121 ;;      Temps:          0       0       0       0       0       0       0       0       0
   122 ;;      Totals:         0       0       0       0       0       0       0       0       0
   123 ;;Total ram usage:        0 bytes
   124 ;; This function calls:
   125 ;;		Nothing
   126 ;; This function is called by:
   127 ;;		Startup code after reset
   128 ;; This function uses a non-reentrant model
   129 ;;
   130                           
   131                           	psect	text0
   132  007FD0                     __ptext0:
   133                           	opt callstack 0
   134  007FD0                     _main:
   135                           	opt callstack 31
   136                           
   137                           ;Practica10_05_04_19.c: 16:     OSCCONbits.SCS=0b00;
   138                           
   139                           ;incstack = 0
   140  007FD0  0EFC               	movlw	-4
   141  007FD2  16D3               	andwf	4051,f,c	;volatile
   142                           
   143                           ;Practica10_05_04_19.c: 17:     ADCON1=0x0F;
   144  007FD4  0E0F               	movlw	15
   145  007FD6  6EC1               	movwf	4033,c	;volatile
   146                           
   147                           ;Practica10_05_04_19.c: 19:     TRISCbits.TRISC2=0;
   148  007FD8  9494               	bcf	3988,2,c	;volatile
   149                           
   150                           ;Practica10_05_04_19.c: 20:     CCP1CON=0x0C;
   151  007FDA  0E0C               	movlw	12
   152  007FDC  6EBD               	movwf	4029,c	;volatile
   153                           
   154                           ;Practica10_05_04_19.c: 21:     PR2=187;
   155  007FDE  0EBB               	movlw	187
   156  007FE0  6ECB               	movwf	4043,c	;volatile
   157                           
   158                           ;Practica10_05_04_19.c: 22:     T2CON=0b00000111;
   159  007FE2  0E07               	movlw	7
   160  007FE4  6ECA               	movwf	4042,c	;volatile
   161                           
   162                           ;Practica10_05_04_19.c: 23:      T2CONbits.TOUTPS=0b0011;
   163  007FE6  50CA               	movf	4042,w,c	;volatile
   164  007FE8  0B87               	andlw	-121
   165  007FEA  0918               	iorlw	24
   166  007FEC  6ECA               	movwf	4042,c	;volatile
   167                           
   168                           ;Practica10_05_04_19.c: 24:     CCPR1L=0x00;
   169  007FEE  0E00               	movlw	0
   170  007FF0  6EBE               	movwf	4030,c	;volatile
   171                           
   172                           ;Practica10_05_04_19.c: 25:     CCP1CONbits.DC1B1=0;
   173  007FF2  9ABD               	bcf	4029,5,c	;volatile
   174                           
   175                           ;Practica10_05_04_19.c: 26:     CCP1CONbits.DC1B0=0;
   176  007FF4  98BD               	bcf	4029,4,c	;volatile
   177  007FF6                     l70:
   178                           
   179                           ;Practica10_05_04_19.c: 29:     CCPR1L=0b01011101;
   180  007FF6  0E5D               	movlw	93
   181  007FF8  6EBE               	movwf	4030,c	;volatile
   182                           
   183                           ;Practica10_05_04_19.c: 30:     CCP1CONbits.DC1B1=1;
   184  007FFA  8ABD               	bsf	4029,5,c	;volatile
   185                           
   186                           ;Practica10_05_04_19.c: 31:     CCP1CONbits.DC1B0=1;
   187  007FFC  88BD               	bsf	4029,4,c	;volatile
   188  007FFE  D7FB               	goto	l70
   189  008000                     __end_of_main:
   190                           	opt callstack 0
   191  0000                     
   192                           	psect	rparam
   193  0000                     tosu	equ	0xFFF
   194                           tosh	equ	0xFFE
   195                           tosl	equ	0xFFD
   196                           stkptr	equ	0xFFC
   197                           pclatu	equ	0xFFB
   198                           pclath	equ	0xFFA
   199                           pcl	equ	0xFF9
   200                           tblptru	equ	0xFF8
   201                           tblptrh	equ	0xFF7
   202                           tblptrl	equ	0xFF6
   203                           tablat	equ	0xFF5
   204                           prodh	equ	0xFF4
   205                           prodl	equ	0xFF3
   206                           indf0	equ	0xFEF
   207                           postinc0	equ	0xFEE
   208                           postdec0	equ	0xFED
   209                           preinc0	equ	0xFEC
   210                           plusw0	equ	0xFEB
   211                           fsr0h	equ	0xFEA
   212                           fsr0l	equ	0xFE9
   213                           wreg	equ	0xFE8
   214                           indf1	equ	0xFE7
   215                           postinc1	equ	0xFE6
   216                           postdec1	equ	0xFE5
   217                           preinc1	equ	0xFE4
   218                           plusw1	equ	0xFE3
   219                           fsr1h	equ	0xFE2
   220                           fsr1l	equ	0xFE1
   221                           bsr	equ	0xFE0
   222                           indf2	equ	0xFDF
   223                           postinc2	equ	0xFDE
   224                           postdec2	equ	0xFDD
   225                           preinc2	equ	0xFDC
   226                           plusw2	equ	0xFDB
   227                           fsr2h	equ	0xFDA
   228                           fsr2l	equ	0xFD9
   229                           status	equ	0xFD8


Data Sizes:
    Strings     0
    Constant    0
    Data        0
    BSS         4
    Persistent  0
    Stack       0

Auto Spaces:
    Space          Size  Autos    Used
    COMRAM           95      0       4
    BANK0           160      0       0
    BANK1           256      0       0
    BANK2           256      0       0
    BANK3           256      0       0
    BANK4           256      0       0
    BANK5           256      0       0
    BANK6           256      0       0
    BANK7           256      0       0

Pointer List with Targets:

    None.

Critical Paths under _main in COMRAM

    None.

Critical Paths under _main in BANK0

    None.

Critical Paths under _main in BANK1

    None.

Critical Paths under _main in BANK2

    None.

Critical Paths under _main in BANK3

    None.

Critical Paths under _main in BANK4

    None.

Critical Paths under _main in BANK5

    None.

Critical Paths under _main in BANK6

    None.

Critical Paths under _main in BANK7

    None.

Call Graph Tables:

 ---------------------------------------------------------------------------------
 (Depth) Function   	        Calls       Base Space   Used Autos Params    Refs
 ---------------------------------------------------------------------------------
 (0) _main                                                 0     0      0       0
 ---------------------------------------------------------------------------------
 Estimated maximum stack depth 0
 ---------------------------------------------------------------------------------

 Call Graph Graphs:

 _main (ROOT)

 Address spaces:
Name               Size   Autos  Total    Cost      Usage
BIGRAM             7FF      0       0      21        0.0%
EEDATA             100      0       0       0        0.0%
BITBANK7           100      0       0      18        0.0%
BANK7              100      0       0      19        0.0%
BITBANK6           100      0       0      16        0.0%
BANK6              100      0       0      17        0.0%
BITBANK5           100      0       0      14        0.0%
BANK5              100      0       0      15        0.0%
BITBANK4           100      0       0      12        0.0%
BANK4              100      0       0      13        0.0%
BITBANK3           100      0       0      10        0.0%
BANK3              100      0       0      11        0.0%
BITBANK2           100      0       0       8        0.0%
BANK2              100      0       0       9        0.0%
BITBANK1           100      0       0       6        0.0%
BANK1              100      0       0       7        0.0%
BITBANK0            A0      0       0       4        0.0%
BANK0               A0      0       0       5        0.0%
BITCOMRAM           5F      0       0       0        0.0%
COMRAM              5F      0       4       1        4.2%
BITSFR               0      0       0     200        0.0%
SFR                  0      0       0     200        0.0%
STACK                0      0       0       2        0.0%
NULL                 0      0       0       0        0.0%
ABS                  0      0       4      20        0.0%
DATA                 0      0       4       3        0.0%
CODE                 0      0       0       0        0.0%


Microchip Technology PIC18 Macro Assembler V2.05 build -831301201 
Symbol Table                                                                                   Sat Apr 06 00:36:52 2019

                     l70 7FF6              __CFG_BORV$3 000000             __CFG_CP0$OFF 000000  
           __CFG_CP1$OFF 000000             __CFG_CP2$OFF 000000             __CFG_CP3$OFF 000000  
           __CFG_CPB$OFF 000000                      _PR2 000FCB             __CFG_CPD$OFF 000000  
           __CFG_BOR$OFF 000000             __CFG_FOSC$HS 000000             __CFG_LVP$OFF 000000  
           __CFG_WDT$OFF 000000                     _LATB 000F8A             __CFG_PWRT$ON 000000  
                   _main 7FD0                     start 0000            __CFG_IESO$OFF 000000  
          __CFG_MCLRE$ON 000000             ___param_bank 000000            __CFG_PLLDIV$1 000000  
                  ?_main 0000                    _T2CON 000FCA                    _PORTB 000F81  
                  _PORTD 000F83            __CFG_USBDIV$1 000000                    _TRISB 000F93  
          __CFG_WRT0$OFF 000000            __CFG_WRT1$OFF 000000            __CFG_WRT2$OFF 000000  
          __CFG_WRT3$OFF 000000           __CFG_EBTR0$OFF 000000           __CFG_FCMEN$OFF 000000  
         __CFG_EBTR1$OFF 000000           __CFG_EBTR2$OFF 000000           __CFG_EBTR3$OFF 000000  
          __CFG_WRTB$OFF 000000            __CFG_WRTC$OFF 000000            __CFG_WRTD$OFF 000000  
         __CFG_EBTRB$OFF 000000                    _valor 0001           __CFG_ICPRT$OFF 000000  
        __initialization 7FBE             __end_of_main 8000                   ??_main 0000  
          __activetblptr 000002          __CFG_CCP2MX$OFF 000000                   _ADCON1 000FC1  
                 _CCPR1L 000FBE           __CFG_XINST$OFF 000000           __CFG_STVREN$ON 000000  
                 tblptru 000FF8               __accesstop 0060  __end_of__initialization 7FC6  
        __CFG_PBADEN$OFF 000000            ___rparam_used 000001           __pcstackCOMRAM 0000  
        __CFG_LPT1OSC$ON 000000                  _CCP1CON 000FBD          __CFG_VREGEN$OFF 000000  
                __Hparam 0000                  __Lparam 0000                  __pcinit 7FBE  
                __ramtop 0800                  __ptext0 7FD0                _T2CONbits 000FCA  
   end_of_initialization 7FC6            __Lmediumconst 0000                _PORTBbits 000F81  
              _PORTDbits 000F83                _TRISCbits 000F94                _TRISDbits 000F95  
            _CCP1CONbits 000FBD      start_initialization 7FBE              __pbssCOMRAM 0001  
       __CFG_WDTPS$32768 000000              _INTCON2bits 000FF1                 __Hrparam 0000  
               __Lrparam 0000            __size_of_main 0030    __CFG_CPUDIV$OSC1_PLL2 000000  
             _OSCCONbits 000FD3  
