

Microchip Technology PIC18 LITE Macro Assembler V1.32 build 58300 
                                                                                               Thu Nov 15 08:58:56 2018

Microchip Technology Omniscient Code Generator (Lite mode) build 58300
     1                           	processor	18F4550
     2                           	fnconf	rparam,??,?,0
     3                           	opt	pw 120
     4                           	opt	lm
     5                           	psect	text0,global,reloc=2,class=CODE,delta=1
     6                           	psect	cinit,global,reloc=2,class=CODE,delta=1
     7                           	psect	cstackCOMRAM,global,class=COMRAM,space=1,delta=1
     8                           	psect	intsave_regs,global,class=BIGRAM,space=1,delta=1
     9                           	psect	rparam,global,class=COMRAM,space=1,delta=1
    10  0000                     _ADCON0	set	4034
    11  0000                     _ADCON2	set	4032
    12  0000                     _CCP1CON	set	4029
    13  0000                     _CCP1CONbits	set	4029
    14  0000                     _CCPR1L	set	4030
    15  0000                     _PR2	set	4043
    16  0000                     _T2CON	set	4042
    17  0000                     _TRISCbits	set	3988
    18                           
    19                           ; 0 bytes @ 0x0
    20 ;;
    21 ;;Main: autosize = 0, tempsize = 0, incstack = 0, save=0
    22 ;;
    23 ;; *************** function _main *****************
    24 ;; Defined at:
    25 ;;		line 16 in file "PWMCristrian.c"
    26 ;; Parameters:    Size  Location     Type
    27 ;;		None
    28 ;; Auto vars:     Size  Location     Type
    29 ;;		None
    30 ;; Return value:  Size  Location     Type
    31 ;;		None               void
    32 ;; Registers used:
    33 ;;		wreg, status,2
    34 ;; Tracked objects:
    35 ;;		On entry : 0/0
    36 ;;		On exit  : 0/0
    37 ;;		Unchanged: 0/0
    38 ;; Data sizes:     COMRAM   BANK0   BANK1   BANK2   BANK3   BANK4   BANK5   BANK6   BANK7
    39 ;;      Params:         0       0       0       0       0       0       0       0       0
    40 ;;      Locals:         0       0       0       0       0       0       0       0       0
    41 ;;      Temps:          0       0       0       0       0       0       0       0       0
    42 ;;      Totals:         0       0       0       0       0       0       0       0       0
    43 ;;Total ram usage:        0 bytes
    44 ;; This function calls:
    45 ;;		Nothing
    46 ;; This function is called by:
    47 ;;		Startup code after reset
    48 ;; This function uses a non-reentrant model
    49 ;;
    50                           
    51                           	psect	text0
    52  007FE0                     __ptext0:
    53                           	opt stack 0
    54  007FE0                     _main:
    55                           	opt stack 31
    56                           
    57                           ;PWMCristrian.c: 18: ADCON2=0b00001110;
    58                           
    59                           ;incstack = 0
    60  007FE0  0E0E               	movlw	14
    61  007FE2  6EC0               	movwf	4032,c	;volatile
    62                           
    63                           ;PWMCristrian.c: 19: ADCON0=0b00000000;
    64  007FE4  0E00               	movlw	0
    65  007FE6  6EC2               	movwf	4034,c	;volatile
    66                           
    67                           ;PWMCristrian.c: 22: PR2=0x61;
    68  007FE8  0E61               	movlw	97
    69  007FEA  6ECB               	movwf	4043,c	;volatile
    70                           
    71                           ;PWMCristrian.c: 23: TRISCbits.RC2=0;
    72  007FEC  9494               	bcf	3988,2,c	;volatile
    73                           
    74                           ;PWMCristrian.c: 24: CCP1CON=0x0C;
    75  007FEE  0E0C               	movlw	12
    76  007FF0  6EBD               	movwf	4029,c	;volatile
    77                           
    78                           ;PWMCristrian.c: 25: T2CON=0x07;
    79  007FF2  0E07               	movlw	7
    80  007FF4  6ECA               	movwf	4042,c	;volatile
    81                           
    82                           ;PWMCristrian.c: 27: CCPR1L=0x29;
    83  007FF6  0E29               	movlw	41
    84  007FF8  6EBE               	movwf	4030,c	;volatile
    85                           
    86                           ;PWMCristrian.c: 29: CCP1CONbits.DC1B1=0;
    87  007FFA  9ABD               	bcf	4029,5,c	;volatile
    88                           
    89                           ;PWMCristrian.c: 30: CCP1CONbits.DC1B0=0;
    90  007FFC  98BD               	bcf	4029,4,c	;volatile
    91  007FFE                     l19:
    92  007FFE  D7FF               	goto	l19
    93  008000                     __end_of_main:
    94                           	opt stack 0
    95  0000                     
    96                           	psect	cinit
    97  007FDA                     __pcinit:
    98                           	opt stack 0
    99  007FDA                     start_initialization:
   100                           	opt stack 0
   101  007FDA                     __initialization:
   102                           	opt stack 0
   103  007FDA                     end_of_initialization:
   104                           	opt stack 0
   105  007FDA                     __end_of__initialization:
   106                           	opt stack 0
   107  007FDA  0100               	movlb	0
   108  007FDC  EFF0  F03F         	goto	_main	;jump to C main() function
   109                           
   110                           	psect	cstackCOMRAM
   111  000000                     __pcstackCOMRAM:
   112                           	opt stack 0
   113  000000                     
   114                           	psect	rparam


Data Sizes:
    Strings     0
    Constant    0
    Data        0
    BSS         0
    Persistent  0
    Stack       0

Auto Spaces:
    Space          Size  Autos    Used
    COMRAM           95      0       0
    BANK0           160      0       0
    BANK1           256      0       0
    BANK2           256      0       0
    BANK3           256      0       0
    BANK4           256      0       0
    BANK5           256      0       0
    BANK6           256      0       0
    BANK7           256      0       0

Pointer List with Targets:

    None.

Critical Paths under _main in COMRAM

    None.

Critical Paths under _main in BANK0

    None.

Critical Paths under _main in BANK1

    None.

Critical Paths under _main in BANK2

    None.

Critical Paths under _main in BANK3

    None.

Critical Paths under _main in BANK4

    None.

Critical Paths under _main in BANK5

    None.

Critical Paths under _main in BANK6

    None.

Critical Paths under _main in BANK7

    None.

Call Graph Tables:

 ---------------------------------------------------------------------------------
 (Depth) Function   	        Calls       Base Space   Used Autos Params    Refs
 ---------------------------------------------------------------------------------
 (0) _main                                                 0     0      0       0
 ---------------------------------------------------------------------------------
 Estimated maximum stack depth 0
 ---------------------------------------------------------------------------------

 Call Graph Graphs:

 _main (ROOT)

 Address spaces:
Name               Size   Autos  Total    Cost      Usage
BITCOMRAM           5F      0       0       0        0.0%
EEDATA             100      0       0       0        0.0%
NULL                 0      0       0       0        0.0%
CODE                 0      0       0       0        0.0%
COMRAM              5F      0       0       1        0.0%
STACK                0      0       0       2        0.0%
DATA                 0      0       0       3        0.0%
BITBANK0            A0      0       0       4        0.0%
BANK0               A0      0       0       5        0.0%
BITBANK1           100      0       0       6        0.0%
BANK1              100      0       0       7        0.0%
BITBANK2           100      0       0       8        0.0%
BANK2              100      0       0       9        0.0%
BITBANK3           100      0       0      10        0.0%
BANK3              100      0       0      11        0.0%
BITBANK4           100      0       0      12        0.0%
BANK4              100      0       0      13        0.0%
BITBANK5           100      0       0      14        0.0%
BANK5              100      0       0      15        0.0%
BITBANK6           100      0       0      16        0.0%
BANK6              100      0       0      17        0.0%
BITBANK7           100      0       0      18        0.0%
BANK7              100      0       0      19        0.0%
ABS                  0      0       0      20        0.0%
BIGRAM             7FF      0       0      21        0.0%
BITSFR               0      0       0      40        0.0%
SFR                  0      0       0      40        0.0%


Microchip Technology PIC18 Macro Assembler V1.32 build 58300 
Symbol Table                                                                                   Thu Nov 15 08:58:56 2018

                     l19 7FFE              __CFG_BORV$3 000000       __CFG_FOSC$XTPLL_XT 000000  
           __CFG_CP0$OFF 000000             __CFG_CP1$OFF 000000             __CFG_CP2$OFF 000000  
           __CFG_CP3$OFF 000000             __CFG_CPB$OFF 000000                      _PR2 000FCB  
           __CFG_CPD$OFF 000000             __CFG_BOR$OFF 000000             __CFG_LVP$OFF 000000  
           __CFG_WDT$OFF 000000             __CFG_PWRT$ON 000000                     _main 7FE0  
                   start 0000            __CFG_IESO$OFF 000000            __CFG_MCLRE$ON 000000  
          __CFG_PLLDIV$1 000000                    ?_main 0000                    _T2CON 000FCA  
          __CFG_USBDIV$1 000000            __CFG_WRT0$OFF 000000            __CFG_WRT1$OFF 000000  
          __CFG_WRT2$OFF 000000            __CFG_WRT3$OFF 000000           __CFG_EBTR0$OFF 000000  
         __CFG_FCMEN$OFF 000000           __CFG_EBTR1$OFF 000000           __CFG_EBTR2$OFF 000000  
         __CFG_EBTR3$OFF 000000            __CFG_WRTB$OFF 000000            __CFG_WRTC$OFF 000000  
          __CFG_WRTD$OFF 000000           __CFG_EBTRB$OFF 000000           __CFG_ICPRT$OFF 000000  
        __initialization 7FDA             __end_of_main 8000                   ??_main 0000  
          __activetblptr 000000          __CFG_CCP2MX$OFF 000000                   _ADCON0 000FC2  
                 _ADCON2 000FC0                   _CCPR1L 000FBE           __CFG_XINST$OFF 000000  
             __accesstop 0060  __end_of__initialization 7FDA          __CFG_PBADEN$OFF 000000  
         __pcstackCOMRAM 0000                  _CCP1CON 000FBD          __CFG_VREGEN$OFF 000000  
                __Hparam 0000                  __Lparam 0000          __CFG_STVREN$OFF 000000  
                __pcinit 7FDA                  __ramtop 0800                  __ptext0 7FE0  
   end_of_initialization 7FDA                _TRISCbits 000F94              _CCP1CONbits 000FBD  
    start_initialization 7FDA         __CFG_LPT1OSC$OFF 000000         __CFG_WDTPS$32768 000000  
               __Hrparam 0000                 __Lrparam 0000            __size_of_main 0020  
  __CFG_CPUDIV$OSC1_PLL2 000000  
