

Microchip Technology PIC18 LITE Macro Assembler V1.32 build 58300 
                                                                                               Thu Sep 13 08:42:16 2018

Microchip Technology Omniscient Code Generator (Lite mode) build 58300
     1                           	processor	18F4550
     2                           	fnconf	rparam,??,?,0
     3                           	opt	pw 120
     4                           	opt	lm
     5                           	psect	text0,global,reloc=2,class=CODE,delta=1
     6                           	psect	cinit,global,reloc=2,class=CODE,delta=1
     7                           	psect	cstackCOMRAM,global,class=COMRAM,space=1,delta=1
     8                           	psect	intsave_regs,global,class=BIGRAM,space=1,delta=1
     9                           	psect	rparam,global,class=COMRAM,space=1,delta=1
    10  0000                     _ADCON1	set	4033
    11  0000                     _INTCON2bits	set	4081
    12  0000                     _INTCON3bits	set	4080
    13  0000                     _INTCONbits	set	4082
    14  0000                     _PORTD	set	3971
    15  0000                     _RCONbits	set	4048
    16  0000                     _TRISB	set	3987
    17  0000                     _TRISD	set	3989
    18                           
    19                           ; 0 bytes @ 0x0
    20 ;;
    21 ;;Main: autosize = 0, tempsize = 0, incstack = 0, save=0
    22 ;;
    23 ;; *************** function _main *****************
    24 ;; Defined at:
    25 ;;		line 17 in file "Interrupciones.c"
    26 ;; Parameters:    Size  Location     Type
    27 ;;		None
    28 ;; Auto vars:     Size  Location     Type
    29 ;;		None
    30 ;; Return value:  Size  Location     Type
    31 ;;		None               void
    32 ;; Registers used:
    33 ;;		wreg, status,2
    34 ;; Tracked objects:
    35 ;;		On entry : 0/0
    36 ;;		On exit  : 0/0
    37 ;;		Unchanged: 0/0
    38 ;; Data sizes:     COMRAM   BANK0   BANK1   BANK2   BANK3   BANK4   BANK5   BANK6   BANK7
    39 ;;      Params:         0       0       0       0       0       0       0       0       0
    40 ;;      Locals:         0       0       0       0       0       0       0       0       0
    41 ;;      Temps:          0       0       0       0       0       0       0       0       0
    42 ;;      Totals:         0       0       0       0       0       0       0       0       0
    43 ;;Total ram usage:        0 bytes
    44 ;; This function calls:
    45 ;;		Nothing
    46 ;; This function is called by:
    47 ;;		Startup code after reset
    48 ;; This function uses a non-reentrant model
    49 ;;
    50                           
    51                           	psect	text0
    52  007FDE                     __ptext0:
    53                           	opt stack 0
    54  007FDE                     _main:
    55                           	opt stack 31
    56                           
    57                           ;Interrupciones.c: 18: ADCON1=0b00001111;
    58                           
    59                           ;incstack = 0
    60  007FDE  0E0F               	movlw	15
    61  007FE0  6EC1               	movwf	4033,c	;volatile
    62                           
    63                           ;Interrupciones.c: 19: TRISB=0b00000011;
    64  007FE2  0E03               	movlw	3
    65  007FE4  6E93               	movwf	3987,c	;volatile
    66                           
    67                           ;Interrupciones.c: 20: TRISD=0b00000000;
    68  007FE6  0E00               	movlw	0
    69  007FE8  6E95               	movwf	3989,c	;volatile
    70                           
    71                           ;Interrupciones.c: 21: PORTD=0b11000011;
    72  007FEA  0EC3               	movlw	195
    73  007FEC  6E83               	movwf	3971,c	;volatile
    74                           
    75                           ;Interrupciones.c: 22: INTCON2bits.INTEDG0=0;
    76  007FEE  9CF1               	bcf	intcon2,6,c	;volatile
    77                           
    78                           ;Interrupciones.c: 23: INTCON2bits.INTEDG1=0;
    79  007FF0  9AF1               	bcf	intcon2,5,c	;volatile
    80                           
    81                           ;Interrupciones.c: 24: INTCONbits.INT0E=1;
    82  007FF2  88F2               	bsf	intcon,4,c	;volatile
    83                           
    84                           ;Interrupciones.c: 25: INTCON3bits.INT1IE=1;
    85  007FF4  86F0               	bsf	intcon3,3,c	;volatile
    86                           
    87                           ;Interrupciones.c: 26: INTCON3bits.INT1IP=1;
    88  007FF6  8CF0               	bsf	intcon3,6,c	;volatile
    89                           
    90                           ;Interrupciones.c: 27: INTCONbits.GIE=1;
    91  007FF8  8EF2               	bsf	intcon,7,c	;volatile
    92                           
    93                           ;Interrupciones.c: 28: INTCONbits.PEIE=1;
    94  007FFA  8CF2               	bsf	intcon,6,c	;volatile
    95                           
    96                           ;Interrupciones.c: 29: RCONbits.IPEN=0;
    97  007FFC  9ED0               	bcf	4048,7,c	;volatile
    98  007FFE                     l19:
    99  007FFE  D7FF               	goto	l19
   100  008000                     __end_of_main:
   101                           	opt stack 0
   102  0000                     intcon	equ	0xFF2
   103                           intcon2	equ	0xFF1
   104                           intcon3	equ	0xFF0
   105                           
   106                           	psect	cinit
   107  007FD8                     __pcinit:
   108                           	opt stack 0
   109  007FD8                     start_initialization:
   110                           	opt stack 0
   111  007FD8                     __initialization:
   112                           	opt stack 0
   113  007FD8                     end_of_initialization:
   114                           	opt stack 0
   115  007FD8                     __end_of__initialization:
   116                           	opt stack 0
   117  007FD8  0100               	movlb	0
   118  007FDA  EFEF  F03F         	goto	_main	;jump to C main() function
   119                           intcon	equ	0xFF2
   120                           intcon2	equ	0xFF1
   121                           intcon3	equ	0xFF0
   122                           
   123                           	psect	cstackCOMRAM
   124  000000                     __pcstackCOMRAM:
   125                           	opt stack 0
   126  000000                     intcon	equ	0xFF2
   127                           intcon2	equ	0xFF1
   128                           intcon3	equ	0xFF0
   129                           intcon	equ	0xFF2
   130                           intcon2	equ	0xFF1
   131                           intcon3	equ	0xFF0
   132                           
   133                           	psect	rparam
   134  0000                     intcon	equ	0xFF2
   135                           intcon2	equ	0xFF1
   136                           intcon3	equ	0xFF0


Data Sizes:
    Strings     0
    Constant    0
    Data        0
    BSS         0
    Persistent  0
    Stack       0

Auto Spaces:
    Space          Size  Autos    Used
    COMRAM           95      0       0
    BANK0           160      0       0
    BANK1           256      0       0
    BANK2           256      0       0
    BANK3           256      0       0
    BANK4           256      0       0
    BANK5           256      0       0
    BANK6           256      0       0
    BANK7           256      0       0

Pointer List with Targets:

    None.

Critical Paths under _main in COMRAM

    None.

Critical Paths under _main in BANK0

    None.

Critical Paths under _main in BANK1

    None.

Critical Paths under _main in BANK2

    None.

Critical Paths under _main in BANK3

    None.

Critical Paths under _main in BANK4

    None.

Critical Paths under _main in BANK5

    None.

Critical Paths under _main in BANK6

    None.

Critical Paths under _main in BANK7

    None.

Call Graph Tables:

 ---------------------------------------------------------------------------------
 (Depth) Function   	        Calls       Base Space   Used Autos Params    Refs
 ---------------------------------------------------------------------------------
 (0) _main                                                 0     0      0       0
 ---------------------------------------------------------------------------------
 Estimated maximum stack depth 0
 ---------------------------------------------------------------------------------

 Call Graph Graphs:

 _main (ROOT)

 Address spaces:
Name               Size   Autos  Total    Cost      Usage
BITCOMRAM           5F      0       0       0        0.0%
EEDATA             100      0       0       0        0.0%
NULL                 0      0       0       0        0.0%
CODE                 0      0       0       0        0.0%
COMRAM              5F      0       0       1        0.0%
STACK                0      0       0       2        0.0%
DATA                 0      0       0       3        0.0%
BITBANK0            A0      0       0       4        0.0%
BANK0               A0      0       0       5        0.0%
BITBANK1           100      0       0       6        0.0%
BANK1              100      0       0       7        0.0%
BITBANK2           100      0       0       8        0.0%
BANK2              100      0       0       9        0.0%
BITBANK3           100      0       0      10        0.0%
BANK3              100      0       0      11        0.0%
BITBANK4           100      0       0      12        0.0%
BANK4              100      0       0      13        0.0%
BITBANK5           100      0       0      14        0.0%
BANK5              100      0       0      15        0.0%
BITBANK6           100      0       0      16        0.0%
BANK6              100      0       0      17        0.0%
BITBANK7           100      0       0      18        0.0%
BANK7              100      0       0      19        0.0%
ABS                  0      0       0      20        0.0%
BIGRAM             7FF      0       0      21        0.0%
BITSFR               0      0       0      40        0.0%
SFR                  0      0       0      40        0.0%


Microchip Technology PIC18 Macro Assembler V1.32 build 58300 
Symbol Table                                                                                   Thu Sep 13 08:42:16 2018

                     l19 7FFE              __CFG_BORV$3 000000       __CFG_FOSC$XTPLL_XT 000000  
           __CFG_CP0$OFF 000000             __CFG_CP1$OFF 000000             __CFG_CP2$OFF 000000  
           __CFG_CP3$OFF 000000             __CFG_CPB$OFF 000000             __CFG_CPD$OFF 000000  
           __CFG_BOR$OFF 000000             __CFG_LVP$OFF 000000             __CFG_WDT$OFF 000000  
           __CFG_PWRT$ON 000000                     _main 7FDE                     start 0000  
          __CFG_IESO$OFF 000000            __CFG_PLLDIV$1 000000                    ?_main 0000  
                  _PORTD 000F83            __CFG_USBDIV$1 000000                    _TRISB 000F93  
                  _TRISD 000F95            __CFG_WRT0$OFF 000000            __CFG_WRT1$OFF 000000  
          __CFG_WRT2$OFF 000000            __CFG_WRT3$OFF 000000           __CFG_EBTR0$OFF 000000  
         __CFG_FCMEN$OFF 000000           __CFG_EBTR1$OFF 000000           __CFG_EBTR2$OFF 000000  
         __CFG_EBTR3$OFF 000000            __CFG_WRTB$OFF 000000            __CFG_WRTC$OFF 000000  
          __CFG_WRTD$OFF 000000           __CFG_EBTRB$OFF 000000           __CFG_ICPRT$OFF 000000  
         __CFG_MCLRE$OFF 000000          __initialization 7FD8             __end_of_main 8000  
                 ??_main 0000            __activetblptr 000000          __CFG_CCP2MX$OFF 000000  
                 _ADCON1 000FC1           __CFG_XINST$OFF 000000               __accesstop 0060  
__end_of__initialization 7FD8          __CFG_PBADEN$OFF 000000           __pcstackCOMRAM 0000  
        __CFG_VREGEN$OFF 000000                  __Hparam 0000                  __Lparam 0000  
        __CFG_STVREN$OFF 000000                  __pcinit 7FD8                  __ramtop 0800  
                __ptext0 7FDE     end_of_initialization 7FD8      start_initialization 7FD8  
       __CFG_LPT1OSC$OFF 000000                 _RCONbits 000FD0         __CFG_WDTPS$32768 000000  
            _INTCON2bits 000FF1              _INTCON3bits 000FF0                 __Hrparam 0000  
               __Lrparam 0000            __size_of_main 0022    __CFG_CPUDIV$OSC1_PLL2 000000  
             _INTCONbits 000FF2  
