

Microchip MPLAB XC8 Assembler V2.05 build -831301201 
                                                                                               Fri May 10 23:31:25 2019

Microchip MPLAB XC8 C Compiler v2.05 (Free license) build 20181220022703 Og1 
     1                           	processor	18F4550
     2                           	fnconf	rparam,??,?,0
     3                           	opt	pw 120
     4                           	opt	flic
     5                           	psect	cinit,global,reloc=2,class=CODE,delta=1
     6                           	psect	bssCOMRAM,global,class=COMRAM,space=1,delta=1,noexec
     7                           	psect	cstackCOMRAM,global,class=COMRAM,space=1,delta=1,noexec
     8                           	psect	text0,global,reloc=2,class=CODE,delta=1
     9                           	psect	text1,global,reloc=2,class=CODE,delta=1
    10                           	psect	intcode,global,reloc=2,class=CODE,delta=1
    11                           	psect	intcode_body,global,reloc=2,class=CODE,delta=1
    12                           	psect	intsave_regs,global,class=BIGRAM,space=1,delta=1,noexec
    13                           	psect	rparam,global,class=COMRAM,space=1,delta=1,noexec
    14                           	psect	temp,global,ovrld,common,class=COMRAM,space=1,delta=1
    15  0000                     
    16                           ; Version 2.05
    17                           ; Generated 20/12/2018 GMT
    18                           ; 
    19                           ; Copyright © 2018, Microchip Technology Inc. and its subsidiaries ("Microchip")
    20                           ; All rights reserved.
    21                           ; 
    22                           ; This software is developed by Microchip Technology Inc. and its subsidiaries ("Microch
      +                          ip").
    23                           ; 
    24                           ; Redistribution and use in source and binary forms, with or without modification, are
    25                           ; permitted provided that the following conditions are met:
    26                           ; 
    27                           ;     1. Redistributions of source code must retain the above copyright notice, this lis
      +                          t of
    28                           ;        conditions and the following disclaimer.
    29                           ; 
    30                           ;     2. Redistributions in binary form must reproduce the above copyright notice, this 
      +                          list
    31                           ;        of conditions and the following disclaimer in the documentation and/or other
    32                           ;        materials provided with the distribution.
    33                           ; 
    34                           ;     3. Microchip's name may not be used to endorse or promote products derived from th
      +                          is
    35                           ;        software without specific prior written permission.
    36                           ; 
    37                           ; THIS SOFTWARE IS PROVIDED BY MICROCHIP "AS IS" AND ANY EXPRESS OR IMPLIED WARRANTIES,
    38                           ; INCLUDING, BUT NOT LIMITED TO, THE IMPLIED WARRANTIES OF MERCHANTABILITY AND FITNESS F
      +                          OR
    39                           ; PURPOSE ARE DISCLAIMED.  IN NO EVENT SHALL MICROCHIP BE LIABLE FOR ANY DIRECT, INDIREC
      +                          T,
    40                           ; INCIDENTAL, SPECIAL, EXEMPLARY, OR CONSEQUENTIAL DAMAGES (INCLUDING BUT NOT LIMITED TO
    41                           ; PROCUREMENT OF SUBSTITUTE GOODS OR SERVICES; LOSS OF USE, DATA OR PROFITS; OR BUSINESS
    42                           ; INTERRUPTION) HOWSOEVER CAUSED AND ON ANY THEORY OF LIABILITY, WHETHER IN CONTRACT, ST
      +                          RICT
    43                           ; LIABILITY, OR TORT (INCLUDING NEGLIGENCE OR OTHERWISE) ARISING IN ANY WAY OUT OF THE U
      +                          SE OF
    44                           ; THIS SOFTWARE, EVEN IF ADVISED OF THE POSSIBILITY OF SUCH DAMAGE.
    45                           ; 
    46                           ; 
    47                           ; Code-generator required, PIC18F4550 Definitions
    48                           ; 
    49                           ; SFR Addresses
    50  0000                     _SSPSTATbits	set	4039
    51  0000                     _SSPBUF	set	4041
    52  0000                     _SSPCON1bits	set	4038
    53  0000                     _ADCON1	set	4033
    54  0000                     _TRISBbits	set	3987
    55  0000                     _SSPCON2	set	4037
    56  0000                     _SSPCON1	set	4038
    57  0000                     _SSPADD	set	4040
    58  0000                     _SSPSTAT	set	4039
    59  0000                     _SSPM3	set	32307
    60  0000                     _BF	set	32312
    61  0000                     _SSPIE	set	31979
    62  0000                     _SSPIF	set	31987
    63  0000                     _PEIE	set	32662
    64  0000                     _GIE	set	32663
    65                           
    66                           ; #config settings
    67  0000                     
    68                           	psect	cinit
    69  000086                     __pcinit:
    70                           	opt callstack 0
    71  000086                     start_initialization:
    72                           	opt callstack 0
    73  000086                     __initialization:
    74                           	opt callstack 0
    75                           
    76                           ; Clear objects allocated to COMRAM (24 bytes)
    77  000086  EE00  F001         	lfsr	0,__pbssCOMRAM
    78  00008A  0E18               	movlw	24
    79  00008C                     clear_0:
    80  00008C  6AEE               	clrf	postinc0,c
    81  00008E  06E8               	decf	wreg,f,c
    82  000090  E1FD               	bnz	clear_0
    83  000092                     end_of_initialization:
    84                           	opt callstack 0
    85  000092                     __end_of__initialization:
    86                           	opt callstack 0
    87  000092  901B               	bcf	int$flags,0,c	;clear compiler interrupt flag (level 1)
    88  000094  921B               	bcf	int$flags,1,c	;clear compiler interrupt flag (level 2)
    89  000096  0100               	movlb	0
    90  000098  EF4E  F000         	goto	_main	;jump to C main() function
    91                           
    92                           	psect	bssCOMRAM
    93  000001                     __pbssCOMRAM:
    94                           	opt callstack 0
    95  000001                     _Mas:
    96                           	opt callstack 0
    97  000001                     	ds	6
    98  000007                     _Jac:
    99                           	opt callstack 0
   100  000007                     	ds	6
   101  00000D                     _nor:
   102                           	opt callstack 0
   103  00000D                     	ds	6
   104  000013                     _temp:
   105                           	opt callstack 0
   106  000013                     	ds	2
   107  000015                     _output:
   108                           	opt callstack 0
   109  000015                     	ds	2
   110  000017                     _input:
   111                           	opt callstack 0
   112  000017                     	ds	2
   113                           
   114                           	psect	cstackCOMRAM
   115  000019                     __pcstackCOMRAM:
   116                           	opt callstack 0
   117  000019                     I2C_Slave_Init@address:
   118                           	opt callstack 0
   119                           
   120                           ; 2 bytes @ 0x0
   121  000019                     	ds	2
   122  00001B                     
   123                           ; 1 bytes @ 0x2
   124 ;;
   125 ;;Main: autosize = 0, tempsize = 0, incstack = 0, save=0
   126 ;;
   127 ;; *************** function _main *****************
   128 ;; Defined at:
   129 ;;		line 16 in file "I2C_Slave_P3.c"
   130 ;; Parameters:    Size  Location     Type
   131 ;;		None
   132 ;; Auto vars:     Size  Location     Type
   133 ;;		None
   134 ;; Return value:  Size  Location     Type
   135 ;;                  1    wreg      void 
   136 ;; Registers used:
   137 ;;		wreg, status,2, cstack
   138 ;; Tracked objects:
   139 ;;		On entry : 0/0
   140 ;;		On exit  : 0/0
   141 ;;		Unchanged: 0/0
   142 ;; Data sizes:     COMRAM   BANK0   BANK1   BANK2   BANK3   BANK4   BANK5   BANK6   BANK7
   143 ;;      Params:         0       0       0       0       0       0       0       0       0
   144 ;;      Locals:         0       0       0       0       0       0       0       0       0
   145 ;;      Temps:          0       0       0       0       0       0       0       0       0
   146 ;;      Totals:         0       0       0       0       0       0       0       0       0
   147 ;;Total ram usage:        0 bytes
   148 ;; Hardware stack levels required when called:    2
   149 ;; This function calls:
   150 ;;		_I2C_Slave_Init
   151 ;; This function is called by:
   152 ;;		Startup code after reset
   153 ;; This function uses a non-reentrant model
   154 ;;
   155                           
   156                           	psect	text0
   157  00009C                     __ptext0:
   158                           	opt callstack 0
   159  00009C                     _main:
   160                           	opt callstack 29
   161                           
   162                           ;I2C_Slave_P3.c: 17:     I2C_Slave_Init(0x30);
   163                           
   164                           ;incstack = 0
   165  00009C  0E00               	movlw	0
   166  00009E  6E1A               	movwf	I2C_Slave_Init@address+1,c
   167  0000A0  0E30               	movlw	48
   168  0000A2  6E19               	movwf	I2C_Slave_Init@address,c
   169  0000A4  EC34  F000         	call	_I2C_Slave_Init	;wreg free
   170                           
   171                           ;I2C_Slave_P3.c: 18:     ADCON1=0x0F;
   172  0000A8  0E0F               	movlw	15
   173  0000AA  6EC1               	movwf	4033,c	;volatile
   174  0000AC                     l50:
   175                           
   176                           ;I2C_Slave_P3.c: 20:     }
   177  0000AC  D7FF               	goto	l50
   178  0000AE                     __end_of_main:
   179                           	opt callstack 0
   180                           
   181 ;; *************** function _I2C_Slave_Init *****************
   182 ;; Defined at:
   183 ;;		line 1 in file "./I2C_Slave.h"
   184 ;; Parameters:    Size  Location     Type
   185 ;;  address         2    0[COMRAM] short 
   186 ;; Auto vars:     Size  Location     Type
   187 ;;		None
   188 ;; Return value:  Size  Location     Type
   189 ;;                  1    wreg      void 
   190 ;; Registers used:
   191 ;;		wreg, status,2
   192 ;; Tracked objects:
   193 ;;		On entry : 0/0
   194 ;;		On exit  : 0/0
   195 ;;		Unchanged: 0/0
   196 ;; Data sizes:     COMRAM   BANK0   BANK1   BANK2   BANK3   BANK4   BANK5   BANK6   BANK7
   197 ;;      Params:         2       0       0       0       0       0       0       0       0
   198 ;;      Locals:         0       0       0       0       0       0       0       0       0
   199 ;;      Temps:          0       0       0       0       0       0       0       0       0
   200 ;;      Totals:         2       0       0       0       0       0       0       0       0
   201 ;;Total ram usage:        2 bytes
   202 ;; Hardware stack levels used:    1
   203 ;; Hardware stack levels required when called:    1
   204 ;; This function calls:
   205 ;;		Nothing
   206 ;; This function is called by:
   207 ;;		_main
   208 ;; This function uses a non-reentrant model
   209 ;;
   210                           
   211                           	psect	text1
   212  000068                     __ptext1:
   213                           	opt callstack 0
   214  000068                     _I2C_Slave_Init:
   215                           	opt callstack 29
   216                           
   217                           ;./I2C_Slave.h: 1: void I2C_Slave_Init(short address);./I2C_Slave.h: 2: {;./I2C_Slave.h:
      +                           3:     SSPSTAT = 0x80;
   218                           
   219                           ;incstack = 0
   220  000068  0E80               	movlw	128
   221  00006A  6EC7               	movwf	4039,c	;volatile
   222                           
   223                           ;./I2C_Slave.h: 4:     SSPADD = address;
   224  00006C  C019  FFC8         	movff	I2C_Slave_Init@address,4040	;volatile
   225                           
   226                           ;./I2C_Slave.h: 5:     SSPCON1 = 0x36;
   227  000070  0E36               	movlw	54
   228  000072  6EC6               	movwf	4038,c	;volatile
   229                           
   230                           ;./I2C_Slave.h: 6:     SSPCON2 = 0x01;
   231  000074  0E01               	movlw	1
   232  000076  6EC5               	movwf	4037,c	;volatile
   233                           
   234                           ;./I2C_Slave.h: 7:     TRISBbits.TRISB1 = 1;
   235  000078  8293               	bsf	3987,1,c	;volatile
   236                           
   237                           ;./I2C_Slave.h: 8:     TRISBbits.TRISB0 = 1;
   238  00007A  8093               	bsf	3987,0,c	;volatile
   239                           
   240                           ;./I2C_Slave.h: 9:     GIE = 1;
   241  00007C  8EF2               	bsf	4082,7,c	;volatile
   242                           
   243                           ;./I2C_Slave.h: 10:     PEIE = 1;
   244  00007E  8CF2               	bsf	4082,6,c	;volatile
   245                           
   246                           ;./I2C_Slave.h: 11:     SSPIF = 0;
   247  000080  969E               	bcf	3998,3,c	;volatile
   248                           
   249                           ;./I2C_Slave.h: 12:     SSPIE = 1;
   250  000082  869D               	bsf	3997,3,c	;volatile
   251  000084  0012               	return		;funcret
   252  000086                     __end_of_I2C_Slave_Init:
   253                           	opt callstack 0
   254                           
   255 ;; *************** function _isr *****************
   256 ;; Defined at:
   257 ;;		line 22 in file "I2C_Slave_P3.c"
   258 ;; Parameters:    Size  Location     Type
   259 ;;		None
   260 ;; Auto vars:     Size  Location     Type
   261 ;;		None
   262 ;; Return value:  Size  Location     Type
   263 ;;                  1    wreg      void 
   264 ;; Registers used:
   265 ;;		None
   266 ;; Tracked objects:
   267 ;;		On entry : 0/0
   268 ;;		On exit  : 0/0
   269 ;;		Unchanged: 0/0
   270 ;; Data sizes:     COMRAM   BANK0   BANK1   BANK2   BANK3   BANK4   BANK5   BANK6   BANK7
   271 ;;      Params:         0       0       0       0       0       0       0       0       0
   272 ;;      Locals:         0       0       0       0       0       0       0       0       0
   273 ;;      Temps:          0       0       0       0       0       0       0       0       0
   274 ;;      Totals:         0       0       0       0       0       0       0       0       0
   275 ;;Total ram usage:        0 bytes
   276 ;; Hardware stack levels used:    1
   277 ;; This function calls:
   278 ;;		Nothing
   279 ;; This function is called by:
   280 ;;		Interrupt level 2
   281 ;; This function uses a non-reentrant model
   282 ;;
   283                           
   284                           	psect	intcode
   285  000008                     __pintcode:
   286                           	opt callstack 0
   287  000008                     _isr:
   288                           	opt callstack 29
   289                           
   290                           ;incstack = 0
   291  000008  821B               	bsf	btemp,1,c	;set compiler interrupt flag (level 2)
   292  00000A  ED09  F000         	call	int_func,f	;refresh shadow registers
   293                           
   294                           	psect	intcode_body
   295  000012                     __pintcode_body:
   296                           	opt callstack 29
   297  000012                     int_func:
   298                           	opt callstack 29
   299  000012  0006               	pop		; remove dummy address from shadow register refresh
   300                           
   301                           ;I2C_Slave_P3.c: 23:     if(SSPIF == 1){
   302  000014  A69E               	btfss	3998,3,c	;volatile
   303  000016  D026               	goto	i2l71
   304                           
   305                           ;I2C_Slave_P3.c: 24:        SSPCON1bits.CKP = 0;
   306  000018  98C6               	bcf	4038,4,c	;volatile
   307                           
   308                           ;I2C_Slave_P3.c: 25:        if((SSPCON1bits.SSPOV) || (SSPCON1bits.WCOL)){
   309  00001A  BCC6               	btfsc	4038,6,c	;volatile
   310  00001C  D002               	goto	i2u3_40
   311  00001E  AEC6               	btfss	4038,7,c	;volatile
   312  000020  D006               	goto	i2l59
   313  000022                     i2u3_40:
   314                           
   315                           ;I2C_Slave_P3.c: 26:             temp = SSPBUF;
   316  000022  CFC9 F013          	movff	4041,_temp	;volatile
   317  000026  6A14               	clrf	_temp+1,c
   318                           
   319                           ;I2C_Slave_P3.c: 27:             SSPCON1bits.SSPOV = 0;
   320  000028  9CC6               	bcf	4038,6,c	;volatile
   321                           
   322                           ;I2C_Slave_P3.c: 28:             SSPCON1bits.WCOL = 0;
   323  00002A  9EC6               	bcf	4038,7,c	;volatile
   324                           
   325                           ;I2C_Slave_P3.c: 29:             SSPCON1bits.CKP = 1;
   326  00002C  88C6               	bsf	4038,4,c	;volatile
   327  00002E                     i2l59:
   328                           
   329                           ;I2C_Slave_P3.c: 31:         if(!SSPSTATbits.D_nA && !SSPSTATbits.R_nW) {
   330  00002E  AAC7               	btfss	4039,5,c	;volatile
   331  000030  B4C7               	btfsc	4039,2,c	;volatile
   332  000032  D00B               	goto	i2l62
   333                           
   334                           ;I2C_Slave_P3.c: 32:             temp = SSPBUF;
   335  000034  CFC9 F013          	movff	4041,_temp	;volatile
   336  000038  6A14               	clrf	_temp+1,c
   337  00003A                     i2l63:
   338  00003A  A0C7               	btfss	4039,0,c	;volatile
   339  00003C  D7FE               	goto	i2l63
   340                           
   341                           ;I2C_Slave_P3.c: 34:             input = SSPBUF;
   342  00003E  CFC9 F017          	movff	4041,_input	;volatile
   343  000042  6A18               	clrf	_input+1,c
   344                           
   345                           ;I2C_Slave_P3.c: 35:             SSPCON1bits.CKP = 1;
   346  000044  88C6               	bsf	4038,4,c	;volatile
   347                           
   348                           ;I2C_Slave_P3.c: 36:             SSPM3 = 0;
   349  000046  96C6               	bcf	4038,3,c	;volatile
   350                           
   351                           ;I2C_Slave_P3.c: 37:         }
   352  000048  D00C               	goto	i2u9_40
   353  00004A                     i2l62:
   354  00004A  AAC7               	btfss	4039,5,c	;volatile
   355  00004C  A4C7               	btfss	4039,2,c	;volatile
   356  00004E  D009               	goto	i2u9_40
   357                           
   358                           ;I2C_Slave_P3.c: 39:             temp = SSPBUF;
   359  000050  CFC9 F013          	movff	4041,_temp	;volatile
   360  000054  6A14               	clrf	_temp+1,c
   361                           
   362                           ;I2C_Slave_P3.c: 40:             BF = 0;
   363  000056  90C7               	bcf	4039,0,c	;volatile
   364                           
   365                           ;I2C_Slave_P3.c: 41:             SSPBUF = output ;
   366  000058  C015  FFC9         	movff	_output,4041	;volatile
   367                           
   368                           ;I2C_Slave_P3.c: 42:             SSPCON1bits.CKP = 1;
   369  00005C  88C6               	bsf	4038,4,c	;volatile
   370  00005E                     i2l68:
   371  00005E  B0C7               	btfsc	4039,0,c	;volatile
   372  000060  D7FE               	goto	i2l68
   373  000062                     i2u9_40:
   374                           
   375                           ;I2C_Slave_P3.c: 46:        SSPIF = 0;
   376  000062  969E               	bcf	3998,3,c	;volatile
   377  000064                     i2l71:
   378  000064  921B               	bcf	btemp,1,c	;clear compiler interrupt flag (level 2)
   379  000066  0011               	retfie		f
   380  000068                     __end_of_isr:
   381                           	opt callstack 0
   382  0000                     
   383                           	psect	rparam
   384  0000                     
   385                           	psect	temp
   386  00001B                     btemp:
   387                           	opt callstack 0
   388  00001B                     	ds	1
   389  0000                     int$flags	set	btemp
   390  0000                     wtemp8	set	btemp+1
   391  0000                     ttemp5	set	btemp+1
   392  0000                     ttemp6	set	btemp+4
   393  0000                     ttemp7	set	btemp+8
   394                           tosu	equ	0xFFF
   395                           tosh	equ	0xFFE
   396                           tosl	equ	0xFFD
   397                           stkptr	equ	0xFFC
   398                           pclatu	equ	0xFFB
   399                           pclath	equ	0xFFA
   400                           pcl	equ	0xFF9
   401                           tblptru	equ	0xFF8
   402                           tblptrh	equ	0xFF7
   403                           tblptrl	equ	0xFF6
   404                           tablat	equ	0xFF5
   405                           prodh	equ	0xFF4
   406                           prodl	equ	0xFF3
   407                           indf0	equ	0xFEF
   408                           postinc0	equ	0xFEE
   409                           postdec0	equ	0xFED
   410                           preinc0	equ	0xFEC
   411                           plusw0	equ	0xFEB
   412                           fsr0h	equ	0xFEA
   413                           fsr0l	equ	0xFE9
   414                           wreg	equ	0xFE8
   415                           indf1	equ	0xFE7
   416                           postinc1	equ	0xFE6
   417                           postdec1	equ	0xFE5
   418                           preinc1	equ	0xFE4
   419                           plusw1	equ	0xFE3
   420                           fsr1h	equ	0xFE2
   421                           fsr1l	equ	0xFE1
   422                           bsr	equ	0xFE0
   423                           indf2	equ	0xFDF
   424                           postinc2	equ	0xFDE
   425                           postdec2	equ	0xFDD
   426                           preinc2	equ	0xFDC
   427                           plusw2	equ	0xFDB
   428                           fsr2h	equ	0xFDA
   429                           fsr2l	equ	0xFD9
   430                           status	equ	0xFD8


Data Sizes:
    Strings     0
    Constant    0
    Data        0
    BSS         24
    Persistent  0
    Stack       0

Auto Spaces:
    Space          Size  Autos    Used
    COMRAM           94      2      26
    BANK0           160      0       0
    BANK1           256      0       0
    BANK2           256      0       0
    BANK3           256      0       0
    BANK4           256      0       0
    BANK5           256      0       0
    BANK6           256      0       0
    BANK7           256      0       0

Pointer List with Targets:

    None.

Critical Paths under _main in COMRAM

    _main->_I2C_Slave_Init

Critical Paths under _isr in COMRAM

    None.

Critical Paths under _main in BANK0

    None.

Critical Paths under _isr in BANK0

    None.

Critical Paths under _main in BANK1

    None.

Critical Paths under _isr in BANK1

    None.

Critical Paths under _main in BANK2

    None.

Critical Paths under _isr in BANK2

    None.

Critical Paths under _main in BANK3

    None.

Critical Paths under _isr in BANK3

    None.

Critical Paths under _main in BANK4

    None.

Critical Paths under _isr in BANK4

    None.

Critical Paths under _main in BANK5

    None.

Critical Paths under _isr in BANK5

    None.

Critical Paths under _main in BANK6

    None.

Critical Paths under _isr in BANK6

    None.

Critical Paths under _main in BANK7

    None.

Critical Paths under _isr in BANK7

    None.

Call Graph Tables:

 ---------------------------------------------------------------------------------
 (Depth) Function   	        Calls       Base Space   Used Autos Params    Refs
 ---------------------------------------------------------------------------------
 (0) _main                                                 0     0      0      98
                     _I2C_Slave_Init
 ---------------------------------------------------------------------------------
 (1) _I2C_Slave_Init                                       2     0      2      98
                                              0 COMRAM     2     0      2
 ---------------------------------------------------------------------------------
 Estimated maximum stack depth 1
 ---------------------------------------------------------------------------------
 (Depth) Function   	        Calls       Base Space   Used Autos Params    Refs
 ---------------------------------------------------------------------------------
 (2) _isr                                                  0     0      0       0
 ---------------------------------------------------------------------------------
 Estimated maximum stack depth 2
 ---------------------------------------------------------------------------------

 Call Graph Graphs:

 _main (ROOT)
   _I2C_Slave_Init

 _isr (ROOT)

 Address spaces:
Name               Size   Autos  Total    Cost      Usage
BIGRAM             7FF      0       0      21        0.0%
EEDATA             100      0       0       0        0.0%
BITBANK7           100      0       0      18        0.0%
BANK7              100      0       0      19        0.0%
BITBANK6           100      0       0      16        0.0%
BANK6              100      0       0      17        0.0%
BITBANK5           100      0       0      14        0.0%
BANK5              100      0       0      15        0.0%
BITBANK4           100      0       0      12        0.0%
BANK4              100      0       0      13        0.0%
BITBANK3           100      0       0      10        0.0%
BANK3              100      0       0      11        0.0%
BITBANK2           100      0       0       8        0.0%
BANK2              100      0       0       9        0.0%
BITBANK1           100      0       0       6        0.0%
BANK1              100      0       0       7        0.0%
BITBANK0            A0      0       0       4        0.0%
BANK0               A0      0       0       5        0.0%
BITCOMRAM           5E      0       0       0        0.0%
COMRAM              5E      2      1A       1       27.7%
BITSFR               0      0       0     200        0.0%
SFR                  0      0       0     200        0.0%
STACK                0      0       0       2        0.0%
NULL                 0      0       0       0        0.0%
ABS                  0      0      1A      20        0.0%
DATA                 0      0      1A       3        0.0%
CODE                 0      0       0       0        0.0%


Microchip Technology PIC18 Macro Assembler V2.05 build -831301201 
Symbol Table                                                                                   Fri May 10 23:31:25 2019

            _SSPSTATbits 000FC7                       _BF 007E38                       l50 00AC  
            __CFG_BORV$3 000000             __CFG_CP0$OFF 000000             __CFG_CP1$OFF 000000  
           __CFG_CP2$OFF 000000             __CFG_CP3$OFF 000000                      _GIE 007F97  
           __CFG_CPB$OFF 000000             __CFG_CPD$OFF 000000                      _Jac 0007  
                    _Mas 0001             __CFG_BOR$OFF 000000                      _isr 0008  
                    _nor 000D                      wreg 000FE8             __CFG_FOSC$HS 000000  
           __CFG_LVP$OFF 000000             __CFG_WDT$OFF 000000                     ?_isr 0019  
                   _PEIE 007F96                     i2l62 004A                     i2l63 003A  
                   i2l71 0064                     i2l59 002E                     i2l68 005E  
           __CFG_PWRT$ON 000000                     _main 009C                     _temp 0013  
                   btemp 001B                     start 000E            __CFG_IESO$OFF 000000  
          __CFG_MCLRE$ON 000000             ___param_bank 000000                    ??_isr 0019  
          __CFG_PLLDIV$1 000000                    ?_main 0019            __CFG_USBDIV$1 000000  
                  _SSPM3 007E33                    _SSPIE 007CEB                    _SSPIF 007CF3  
          __CFG_WRT0$OFF 000000            __CFG_WRT1$OFF 000000            __CFG_WRT2$OFF 000000  
          __CFG_WRT3$OFF 000000           __CFG_EBTR0$OFF 000000           __CFG_FCMEN$OFF 000000  
         __CFG_EBTR1$OFF 000000           __CFG_EBTR2$OFF 000000           __CFG_EBTR3$OFF 000000  
          __CFG_WRTB$OFF 000000            __CFG_WRTC$OFF 000000            __CFG_WRTD$OFF 000000  
         __CFG_EBTRB$OFF 000000                    _input 0017                    ttemp5 001C  
                  ttemp6 001F                    ttemp7 0023                    wtemp8 001C  
         __CFG_ICPRT$OFF 000000          __initialization 0086             __end_of_main 00AE  
                 ??_main 001B            __activetblptr 000000          __CFG_CCP2MX$OFF 000000  
                 _ADCON1 000FC1                   i2u3_40 0022                   _SSPADD 000FC8  
                 i2u9_40 0062                   _SSPBUF 000FC9           __CFG_XINST$OFF 000000  
         __CFG_STVREN$ON 000000                   clear_0 008C                   _output 0015  
             __accesstop 0060  __end_of__initialization 0092          __CFG_PBADEN$OFF 000000  
          ___rparam_used 000001           __pcstackCOMRAM 0019  __size_of_I2C_Slave_Init 001E  
        __CFG_LPT1OSC$ON 000000    I2C_Slave_Init@address 0019                  _SSPCON1 000FC6  
                _SSPCON2 000FC5                  _SSPSTAT 000FC7          __CFG_VREGEN$OFF 000000  
                __Hparam 0000                  __Lparam 0000                  __pcinit 0086  
                __ramtop 0800                  __ptext0 009C                  __ptext1 0068  
           __size_of_isr 0060           __pintcode_body 0012     end_of_initialization 0092  
                int_func 0012           _I2C_Slave_Init 0068                  postinc0 000FEE  
              _TRISBbits 000F93   __end_of_I2C_Slave_Init 0086      start_initialization 0086  
            __end_of_isr 0068          ?_I2C_Slave_Init 0019              __pbssCOMRAM 0001  
              __pintcode 0008         __CFG_WDTPS$32768 000000                 __Hrparam 0000  
               __Lrparam 0000         ??_I2C_Slave_Init 001B            __size_of_main 0012  
               int$flags 001B    __CFG_CPUDIV$OSC1_PLL2 000000                 intlevel2 0000  
            _SSPCON1bits 000FC6  
