

Microchip Technology PIC18 LITE Macro Assembler V1.32 build 58300 
                                                                                               Tue Oct 30 08:46:11 2018

Microchip Technology Omniscient Code Generator (Lite mode) build 58300
     1                           	processor	18F4550
     2                           	fnconf	rparam,??,?,0
     3                           	opt	pw 120
     4                           	opt	lm
     5                           	psect	text0,global,reloc=2,class=CODE,delta=1
     6                           	psect	cinit,global,reloc=2,class=CODE,delta=1
     7                           	psect	cstackCOMRAM,global,class=COMRAM,space=1,delta=1
     8                           	psect	intsave_regs,global,class=BIGRAM,space=1,delta=1
     9                           	psect	rparam,global,class=COMRAM,space=1,delta=1
    10  0000                     _ADCON1	set	4033
    11  0000                     _BAUDCONbits	set	4024
    12  0000                     _PIR1bits	set	3998
    13  0000                     _PORTD	set	3971
    14  0000                     _RCREG	set	4014
    15  0000                     _RCSTA	set	4011
    16  0000                     _SPBRG	set	4015
    17  0000                     _TRISCbits	set	3988
    18  0000                     _TRISD	set	3989
    19  0000                     _TXREG	set	4013
    20  0000                     _TXSTA	set	4012
    21  0000                     _TXSTAbits	set	4012
    22                           
    23                           ; 0 bytes @ 0x0
    24 ;;
    25 ;;Main: autosize = 0, tempsize = 0, incstack = 0, save=0
    26 ;;
    27 ;; *************** function _main *****************
    28 ;; Defined at:
    29 ;;		line 16 in file "uartss.c"
    30 ;; Parameters:    Size  Location     Type
    31 ;;		None
    32 ;; Auto vars:     Size  Location     Type
    33 ;;		None
    34 ;; Return value:  Size  Location     Type
    35 ;;		None               void
    36 ;; Registers used:
    37 ;;		wreg, status,2, status,0
    38 ;; Tracked objects:
    39 ;;		On entry : 0/0
    40 ;;		On exit  : 0/0
    41 ;;		Unchanged: 0/0
    42 ;; Data sizes:     COMRAM   BANK0   BANK1   BANK2   BANK3   BANK4   BANK5   BANK6   BANK7
    43 ;;      Params:         0       0       0       0       0       0       0       0       0
    44 ;;      Locals:         0       0       0       0       0       0       0       0       0
    45 ;;      Temps:          0       0       0       0       0       0       0       0       0
    46 ;;      Totals:         0       0       0       0       0       0       0       0       0
    47 ;;Total ram usage:        0 bytes
    48 ;; This function calls:
    49 ;;		Nothing
    50 ;; This function is called by:
    51 ;;		Startup code after reset
    52 ;; This function uses a non-reentrant model
    53 ;;
    54                           
    55                           	psect	text0
    56  007FD4                     __ptext0:
    57                           	opt stack 0
    58  007FD4                     _main:
    59                           	opt stack 31
    60                           
    61                           ;uartss.c: 18: ADCON1=0b00001111;
    62                           
    63                           ;incstack = 0
    64  007FD4  0E0F               	movlw	15
    65  007FD6  6EC1               	movwf	4033,c	;volatile
    66                           
    67                           ;uartss.c: 20: TRISD=0b00000000;
    68  007FD8  0E00               	movlw	0
    69  007FDA  6E95               	movwf	3989,c	;volatile
    70                           
    71                           ;uartss.c: 22: TRISCbits.RC7=1;
    72  007FDC  8E94               	bsf	3988,7,c	;volatile
    73                           
    74                           ;uartss.c: 23: TRISCbits.RC6=0;
    75  007FDE  9C94               	bcf	3988,6,c	;volatile
    76                           
    77                           ;uartss.c: 35: TXSTA=0b00100000;
    78  007FE0  0E20               	movlw	32
    79  007FE2  6EAC               	movwf	4012,c	;volatile
    80                           
    81                           ;uartss.c: 37: BAUDCONbits.BRG16=0;
    82  007FE4  96B8               	bcf	4024,3,c	;volatile
    83                           
    84                           ;uartss.c: 39: SPBRG=77;
    85  007FE6  0E4D               	movlw	77
    86  007FE8  6EAF               	movwf	4015,c	;volatile
    87                           
    88                           ;uartss.c: 43: RCSTA=0b10010000;
    89  007FEA  0E90               	movlw	144
    90  007FEC  6EAB               	movwf	4011,c	;volatile
    91  007FEE                     l28:
    92  007FEE  AA9E               	btfss	3998,5,c	;volatile
    93  007FF0  D7FE               	goto	l28
    94                           
    95                           ;uartss.c: 48: PORTD=RCREG;
    96  007FF2  CFAE FF83          	movff	4014,3971	;volatile
    97  007FF6                     l31:
    98  007FF6  A2AC               	btfss	4012,1,c	;volatile
    99  007FF8  D7FE               	goto	l31
   100                           
   101                           ;uartss.c: 52: TXREG=PORTD +1;
   102  007FFA  2883               	incf	3971,w,c	;volatile
   103  007FFC  6EAD               	movwf	4013,c	;volatile
   104  007FFE  D7F7               	goto	l28
   105  008000                     __end_of_main:
   106                           	opt stack 0
   107  0000                     
   108                           	psect	cinit
   109  007FCE                     __pcinit:
   110                           	opt stack 0
   111  007FCE                     start_initialization:
   112                           	opt stack 0
   113  007FCE                     __initialization:
   114                           	opt stack 0
   115  007FCE                     end_of_initialization:
   116                           	opt stack 0
   117  007FCE                     __end_of__initialization:
   118                           	opt stack 0
   119  007FCE  0100               	movlb	0
   120  007FD0  EFEA  F03F         	goto	_main	;jump to C main() function
   121                           
   122                           	psect	cstackCOMRAM
   123  000000                     __pcstackCOMRAM:
   124                           	opt stack 0
   125  000000                     
   126                           	psect	rparam


Data Sizes:
    Strings     0
    Constant    0
    Data        0
    BSS         0
    Persistent  0
    Stack       0

Auto Spaces:
    Space          Size  Autos    Used
    COMRAM           95      0       0
    BANK0           160      0       0
    BANK1           256      0       0
    BANK2           256      0       0
    BANK3           256      0       0
    BANK4           256      0       0
    BANK5           256      0       0
    BANK6           256      0       0
    BANK7           256      0       0

Pointer List with Targets:

    None.

Critical Paths under _main in COMRAM

    None.

Critical Paths under _main in BANK0

    None.

Critical Paths under _main in BANK1

    None.

Critical Paths under _main in BANK2

    None.

Critical Paths under _main in BANK3

    None.

Critical Paths under _main in BANK4

    None.

Critical Paths under _main in BANK5

    None.

Critical Paths under _main in BANK6

    None.

Critical Paths under _main in BANK7

    None.

Call Graph Tables:

 ---------------------------------------------------------------------------------
 (Depth) Function   	        Calls       Base Space   Used Autos Params    Refs
 ---------------------------------------------------------------------------------
 (0) _main                                                 0     0      0       0
 ---------------------------------------------------------------------------------
 Estimated maximum stack depth 0
 ---------------------------------------------------------------------------------

 Call Graph Graphs:

 _main (ROOT)

 Address spaces:
Name               Size   Autos  Total    Cost      Usage
BITCOMRAM           5F      0       0       0        0.0%
EEDATA             100      0       0       0        0.0%
NULL                 0      0       0       0        0.0%
CODE                 0      0       0       0        0.0%
COMRAM              5F      0       0       1        0.0%
STACK                0      0       0       2        0.0%
DATA                 0      0       0       3        0.0%
BITBANK0            A0      0       0       4        0.0%
BANK0               A0      0       0       5        0.0%
BITBANK1           100      0       0       6        0.0%
BANK1              100      0       0       7        0.0%
BITBANK2           100      0       0       8        0.0%
BANK2              100      0       0       9        0.0%
BITBANK3           100      0       0      10        0.0%
BANK3              100      0       0      11        0.0%
BITBANK4           100      0       0      12        0.0%
BANK4              100      0       0      13        0.0%
BITBANK5           100      0       0      14        0.0%
BANK5              100      0       0      15        0.0%
BITBANK6           100      0       0      16        0.0%
BANK6              100      0       0      17        0.0%
BITBANK7           100      0       0      18        0.0%
BANK7              100      0       0      19        0.0%
ABS                  0      0       0      20        0.0%
BIGRAM             7FF      0       0      21        0.0%
BITSFR               0      0       0      40        0.0%
SFR                  0      0       0      40        0.0%


Microchip Technology PIC18 Macro Assembler V1.32 build 58300 
Symbol Table                                                                                   Tue Oct 30 08:46:11 2018

                     l31 7FF6                       l28 7FEE              __CFG_BORV$3 000000  
     __CFG_FOSC$XTPLL_XT 000000             __CFG_CP0$OFF 000000             __CFG_CP1$OFF 000000  
           __CFG_CP2$OFF 000000             __CFG_CP3$OFF 000000             __CFG_CPB$OFF 000000  
           __CFG_CPD$OFF 000000             __CFG_BOR$OFF 000000             __CFG_LVP$OFF 000000  
           __CFG_WDT$OFF 000000             __CFG_PWRT$ON 000000                     _main 7FD4  
                   start 0000            __CFG_IESO$OFF 000000            __CFG_MCLRE$ON 000000  
          __CFG_PLLDIV$1 000000                    ?_main 0000                    _RCREG 000FAE  
                  _RCSTA 000FAB                    _SPBRG 000FAF                    _PORTD 000F83  
          __CFG_USBDIV$1 000000                    _TRISD 000F95                    _TXREG 000FAD  
                  _TXSTA 000FAC            __CFG_WRT0$OFF 000000            __CFG_WRT1$OFF 000000  
          __CFG_WRT2$OFF 000000            __CFG_WRT3$OFF 000000           __CFG_EBTR0$OFF 000000  
         __CFG_FCMEN$OFF 000000           __CFG_EBTR1$OFF 000000           __CFG_EBTR2$OFF 000000  
         __CFG_EBTR3$OFF 000000            __CFG_WRTB$OFF 000000            __CFG_WRTC$OFF 000000  
          __CFG_WRTD$OFF 000000           __CFG_EBTRB$OFF 000000           __CFG_ICPRT$OFF 000000  
        __initialization 7FCE             __end_of_main 8000                   ??_main 0000  
          __activetblptr 000000          __CFG_CCP2MX$OFF 000000                   _ADCON1 000FC1  
         __CFG_XINST$OFF 000000               __accesstop 0060  __end_of__initialization 7FCE  
        __CFG_PBADEN$OFF 000000           __pcstackCOMRAM 0000          __CFG_VREGEN$OFF 000000  
                __Hparam 0000                  __Lparam 0000          __CFG_STVREN$OFF 000000  
                __pcinit 7FCE                  __ramtop 0800                  __ptext0 7FD4  
   end_of_initialization 7FCE                _TRISCbits 000F94                _TXSTAbits 000FAC  
            _BAUDCONbits 000FB8      start_initialization 7FCE         __CFG_LPT1OSC$OFF 000000  
               _PIR1bits 000F9E         __CFG_WDTPS$32768 000000                 __Hrparam 0000  
               __Lrparam 0000            __size_of_main 002C    __CFG_CPUDIV$OSC1_PLL2 000000  
