

Microchip Technology PIC18 LITE Macro Assembler V1.32 build 58300 
                                                                                               Sun Nov 11 19:12:04 2018

Microchip Technology Omniscient Code Generator (Lite mode) build 58300
     1                           	processor	18F4550
     2                           	fnconf	rparam,??,?,0
     3                           	opt	pw 120
     4                           	opt	lm
     5                           	psect	text0,global,reloc=2,class=CODE,delta=1
     6                           	psect	cinit,global,reloc=2,class=CODE,delta=1
     7                           	psect	cstackCOMRAM,global,class=COMRAM,space=1,delta=1
     8                           	psect	text1,global,reloc=2,class=CODE,delta=1
     9                           	psect	intsave_regs,global,class=BIGRAM,space=1,delta=1
    10                           	psect	rparam,global,class=COMRAM,space=1,delta=1
    11  0000                     _ADCON0	set	4034
    12  0000                     _ADCON2	set	4032
    13  0000                     _CCP1CON	set	4029
    14  0000                     _CCP1CONbits	set	4029
    15  0000                     _CCPR1L	set	4030
    16  0000                     _INTCON2bits	set	4081
    17  0000                     _PORTB	set	3969
    18  0000                     _PORTBbits	set	3969
    19  0000                     _PORTD	set	3971
    20  0000                     _PR2	set	4043
    21  0000                     _T2CON	set	4042
    22  0000                     _TRISB	set	3987
    23  0000                     _TRISCbits	set	3988
    24  0000                     _TRISD	set	3989
    25                           
    26 ;;
    27 ;;Main: autosize = 0, tempsize = 0, incstack = 0, save=0
    28 ;;
    29 ;; *************** function _main *****************
    30 ;; Defined at:
    31 ;;		line 47 in file "TcladoMatricial.c"
    32 ;; Parameters:    Size  Location     Type
    33 ;;		None
    34 ;; Auto vars:     Size  Location     Type
    35 ;;  dato            1    1[COMRAM] unsigned char 
    36 ;; Return value:  Size  Location     Type
    37 ;;		None               void
    38 ;; Registers used:
    39 ;;		wreg, status,2, status,0, cstack
    40 ;; Tracked objects:
    41 ;;		On entry : 0/0
    42 ;;		On exit  : 0/0
    43 ;;		Unchanged: 0/0
    44 ;; Data sizes:     COMRAM   BANK0   BANK1   BANK2   BANK3   BANK4   BANK5   BANK6   BANK7
    45 ;;      Params:         0       0       0       0       0       0       0       0       0
    46 ;;      Locals:         1       0       0       0       0       0       0       0       0
    47 ;;      Temps:          0       0       0       0       0       0       0       0       0
    48 ;;      Totals:         1       0       0       0       0       0       0       0       0
    49 ;;Total ram usage:        1 bytes
    50 ;; Hardware stack levels required when called:    1
    51 ;; This function calls:
    52 ;;		_lectura
    53 ;; This function is called by:
    54 ;;		Startup code after reset
    55 ;; This function uses a non-reentrant model
    56 ;;
    57                           
    58                           	psect	text0
    59  007F22                     __ptext0:
    60                           	opt stack 0
    61  007F22                     _main:
    62                           	opt stack 30
    63                           
    64                           ;TcladoMatricial.c: 49: unsigned char dato = 0;
    65                           
    66                           ;incstack = 0
    67  007F22  0E00               	movlw	0
    68  007F24  6E02               	movwf	main@dato,c
    69                           
    70                           ;TcladoMatricial.c: 50: ADCON2=0b00001110;
    71  007F26  0E0E               	movlw	14
    72  007F28  6EC0               	movwf	4032,c	;volatile
    73                           
    74                           ;TcladoMatricial.c: 51: ADCON0=0b00000000;
    75  007F2A  0E00               	movlw	0
    76  007F2C  6EC2               	movwf	4034,c	;volatile
    77                           
    78                           ;TcladoMatricial.c: 52: INTCON2bits.RBPU=0;
    79  007F2E  9EF1               	bcf	intcon2,7,c	;volatile
    80                           
    81                           ;TcladoMatricial.c: 53: TRISB=0xF0;
    82  007F30  0EF0               	movlw	240
    83  007F32  6E93               	movwf	3987,c	;volatile
    84                           
    85                           ;TcladoMatricial.c: 54: TRISD=0x00;
    86  007F34  0E00               	movlw	0
    87  007F36  6E95               	movwf	3989,c	;volatile
    88                           
    89                           ;TcladoMatricial.c: 56: PR2=0x05;
    90  007F38  0E05               	movlw	5
    91  007F3A  6ECB               	movwf	4043,c	;volatile
    92                           
    93                           ;TcladoMatricial.c: 57: TRISCbits.RC2=0;
    94  007F3C  9494               	bcf	3988,2,c	;volatile
    95                           
    96                           ;TcladoMatricial.c: 58: CCP1CON=0x0C;
    97  007F3E  0E0C               	movlw	12
    98  007F40  6EBD               	movwf	4029,c	;volatile
    99                           
   100                           ;TcladoMatricial.c: 59: T2CON=0x07;
   101  007F42  0E07               	movlw	7
   102  007F44  6ECA               	movwf	4042,c	;volatile
   103  007F46                     
   104                           ;TcladoMatricial.c: 60: CCPR1L=0x00;
   105  007F46  0E00               	movlw	0
   106  007F48                     L3:
   107  007F48  6EBE               	movwf	4030,c	;volatile
   108                           
   109                           ;TcladoMatricial.c: 61: CCP1CONbits.DC1B1=0;
   110  007F4A  9ABD               	bcf	4029,5,c	;volatile
   111  007F4C                     L4:
   112                           
   113                           ;TcladoMatricial.c: 62: CCP1CONbits.DC1B0=0;
   114  007F4C  98BD               	bcf	4029,4,c	;volatile
   115  007F4E                     l723:
   116                           
   117                           ;TcladoMatricial.c: 70: dato = lectura();
   118  007F4E  EC45  F03F         	call	_lectura	;wreg free
   119  007F52  6E02               	movwf	main@dato,c
   120                           
   121                           ;TcladoMatricial.c: 71: switch(dato){
   122  007F54  D032               	goto	l789
   123  007F56                     l725:
   124  007F56  0E01               	movlw	1
   125  007F58  6E83               	movwf	3971,c	;volatile
   126                           
   127                           ;TcladoMatricial.c: 73: CCPR1L=0x00;
   128  007F5A  0E00               	movlw	0
   129  007F5C  D025               	goto	L7
   130  007F5E                     l731:
   131  007F5E  0E02               	movlw	2
   132  007F60  6E83               	movwf	3971,c	;volatile
   133                           
   134                           ;TcladoMatricial.c: 80: CCPR1L=0x01;
   135  007F62  0E01               	movlw	1
   136  007F64  D00D               	goto	L2
   137  007F66                     L1:
   138                           
   139                           ;TcladoMatricial.c: 82: CCP1CONbits.DC1B0=1;}
   140  007F66  88BD               	bsf	4029,4,c	;volatile
   141                           
   142                           ;TcladoMatricial.c: 83: break;
   143  007F68  D7F2               	goto	l723
   144  007F6A                     l737:
   145  007F6A  0E03               	movlw	3
   146  007F6C  6E83               	movwf	3971,c	;volatile
   147                           
   148                           ;TcladoMatricial.c: 86: CCPR1L=0x02;
   149  007F6E  0E02               	movlw	2
   150  007F70  D7EB               	goto	L3
   151  007F72                     l743:
   152  007F72  0E04               	movlw	4
   153  007F74  6E83               	movwf	3971,c	;volatile
   154                           
   155                           ;TcladoMatricial.c: 92: CCPR1L=0x02;
   156  007F76  0E02               	movlw	2
   157  007F78  D00D               	goto	L6
   158  007F7A                     l749:
   159  007F7A  0E05               	movlw	5
   160  007F7C  6E83               	movwf	3971,c	;volatile
   161                           
   162                           ;TcladoMatricial.c: 98: CCPR1L=0x03;
   163  007F7E  0E03               	movlw	3
   164  007F80                     L2:
   165  007F80  6EBE               	movwf	4030,c	;volatile
   166                           
   167                           ;TcladoMatricial.c: 99: CCP1CONbits.DC1B1=0;
   168  007F82  9ABD               	bcf	4029,5,c	;volatile
   169  007F84  D7F0               	goto	L1
   170  007F86                     l755:
   171  007F86  0E06               	movlw	6
   172  007F88  6E83               	movwf	3971,c	;volatile
   173                           
   174                           ;TcladoMatricial.c: 104: CCPR1L=0x03;
   175  007F8A  0E03               	movlw	3
   176  007F8C  D00D               	goto	L7
   177  007F8E                     l761:
   178  007F8E  0E07               	movlw	7
   179  007F90  6E83               	movwf	3971,c	;volatile
   180                           
   181                           ;TcladoMatricial.c: 110: CCPR1L=0x04;
   182  007F92  0E04               	movlw	4
   183  007F94                     L6:
   184  007F94  6EBE               	movwf	4030,c	;volatile
   185                           
   186                           ;TcladoMatricial.c: 111: CCP1CONbits.DC1B1=1;
   187  007F96  8ABD               	bsf	4029,5,c	;volatile
   188  007F98  D7D9               	goto	L4
   189  007F9A                     l767:
   190  007F9A  0E08               	movlw	8
   191  007F9C  6E83               	movwf	3971,c	;volatile
   192                           
   193                           ;TcladoMatricial.c: 116: CCPR1L=0x05;
   194  007F9E  0E05               	movlw	5
   195  007FA0  D7D3               	goto	L3
   196  007FA2                     l773:
   197  007FA2  0E09               	movlw	9
   198  007FA4  6E83               	movwf	3971,c	;volatile
   199                           
   200                           ;TcladoMatricial.c: 122: CCPR1L=0x05;
   201  007FA6  0E05               	movlw	5
   202  007FA8                     L7:
   203  007FA8  6EBE               	movwf	4030,c	;volatile
   204                           
   205                           ;TcladoMatricial.c: 123: CCP1CONbits.DC1B1=1;
   206  007FAA  8ABD               	bsf	4029,5,c	;volatile
   207  007FAC  D7DC               	goto	L1
   208  007FAE                     l779:
   209  007FAE  0E0A               	movlw	10
   210  007FB0  6E83               	movwf	3971,c	;volatile
   211  007FB2  D7C9               	goto	L8
   212  007FB4                     l785:
   213  007FB4  0E0B               	movlw	11
   214  007FB6  6E83               	movwf	3971,c	;volatile
   215                           
   216                           ;TcladoMatricial.c: 134: break;
   217  007FB8  D7CA               	goto	l723
   218  007FBA                     l789:
   219  007FBA  5002               	movf	main@dato,w,c
   220                           
   221                           ; Switch size 1, requested type "space"
   222                           ; Number of cases is 11, Range of values is 49 to 66
   223                           ; switch strategies available:
   224                           ; Name         Instructions Cycles
   225                           ; simple_byte           34    18 (average)
   226                           ;	Chosen strategy is simple_byte
   227  007FBC  0A31               	xorlw	49	; case 49
   228  007FBE  B4D8               	btfsc	status,2,c
   229  007FC0  D7CA               	goto	l725
   230  007FC2  0A03               	xorlw	3	; case 50
   231  007FC4  B4D8               	btfsc	status,2,c
   232  007FC6  D7CB               	goto	l731
   233  007FC8  0A01               	xorlw	1	; case 51
   234  007FCA  B4D8               	btfsc	status,2,c
   235  007FCC  D7CE               	goto	l737
   236  007FCE  0A07               	xorlw	7	; case 52
   237  007FD0  B4D8               	btfsc	status,2,c
   238  007FD2  D7CF               	goto	l743
   239  007FD4  0A01               	xorlw	1	; case 53
   240  007FD6  B4D8               	btfsc	status,2,c
   241  007FD8  D7D0               	goto	l749
   242  007FDA  0A03               	xorlw	3	; case 54
   243  007FDC  B4D8               	btfsc	status,2,c
   244  007FDE  D7D3               	goto	l755
   245  007FE0  0A01               	xorlw	1	; case 55
   246  007FE2  B4D8               	btfsc	status,2,c
   247  007FE4  D7D4               	goto	l761
   248  007FE6  0A0F               	xorlw	15	; case 56
   249  007FE8  B4D8               	btfsc	status,2,c
   250  007FEA  D7D7               	goto	l767
   251  007FEC  0A01               	xorlw	1	; case 57
   252  007FEE  B4D8               	btfsc	status,2,c
   253  007FF0  D7D8               	goto	l773
   254  007FF2  0A78               	xorlw	120	; case 65
   255  007FF4  B4D8               	btfsc	status,2,c
   256  007FF6  D7DB               	goto	l779
   257  007FF8  0A03               	xorlw	3	; case 66
   258  007FFA  B4D8               	btfsc	status,2,c
   259  007FFC  D7DB               	goto	l785
   260  007FFE  D7A7               	goto	l723
   261  008000                     __end_of_main:
   262                           	opt stack 0
   263                           intcon2	equ	0xFF1
   264                           status	equ	0xFD8
   265                           
   266                           	psect	cinit
   267  007E80                     __pcinit:
   268                           	opt stack 0
   269  007E80                     start_initialization:
   270                           	opt stack 0
   271  007E80                     __initialization:
   272                           	opt stack 0
   273  007E80                     end_of_initialization:
   274                           	opt stack 0
   275  007E80                     __end_of__initialization:
   276                           	opt stack 0
   277  007E80  0E00               	movlw	low (__Lmediumconst shr (0+16))
   278  007E82  6EF8               	movwf	tblptru,c
   279  007E84  0100               	movlb	0
   280  007E86  EF91  F03F         	goto	_main	;jump to C main() function
   281                           tblptru	equ	0xFF8
   282                           intcon2	equ	0xFF1
   283                           status	equ	0xFD8
   284                           
   285                           	psect	cstackCOMRAM
   286  000001                     __pcstackCOMRAM:
   287                           	opt stack 0
   288  000001                     lectura@valor:
   289                           	opt stack 0
   290                           
   291                           ; 1 bytes @ 0x0
   292  000001                     	ds	1
   293  000002                     main@dato:
   294                           	opt stack 0
   295                           
   296                           ; 1 bytes @ 0x1
   297  000002                     	ds	1
   298                           tblptru	equ	0xFF8
   299                           intcon2	equ	0xFF1
   300                           status	equ	0xFD8
   301                           
   302 ;; *************** function _lectura *****************
   303 ;; Defined at:
   304 ;;		line 21 in file "TcladoMatricial.c"
   305 ;; Parameters:    Size  Location     Type
   306 ;;		None
   307 ;; Auto vars:     Size  Location     Type
   308 ;;  valor           1    0[COMRAM] unsigned char 
   309 ;; Return value:  Size  Location     Type
   310 ;;                  1    wreg      unsigned char 
   311 ;; Registers used:
   312 ;;		wreg, status,2
   313 ;; Tracked objects:
   314 ;;		On entry : 0/0
   315 ;;		On exit  : 0/0
   316 ;;		Unchanged: 0/0
   317 ;; Data sizes:     COMRAM   BANK0   BANK1   BANK2   BANK3   BANK4   BANK5   BANK6   BANK7
   318 ;;      Params:         0       0       0       0       0       0       0       0       0
   319 ;;      Locals:         1       0       0       0       0       0       0       0       0
   320 ;;      Temps:          0       0       0       0       0       0       0       0       0
   321 ;;      Totals:         1       0       0       0       0       0       0       0       0
   322 ;;Total ram usage:        1 bytes
   323 ;; Hardware stack levels used:    1
   324 ;; This function calls:
   325 ;;		Nothing
   326 ;; This function is called by:
   327 ;;		_main
   328 ;; This function uses a non-reentrant model
   329 ;;
   330                           
   331                           	psect	text1
   332  007E8A                     __ptext1:
   333                           	opt stack 0
   334  007E8A                     _lectura:
   335                           	opt stack 30
   336                           
   337                           ;TcladoMatricial.c: 22: unsigned char valor='0';
   338                           
   339                           ;incstack = 0
   340  007E8A  0E30               	movlw	48
   341  007E8C  6E01               	movwf	lectura@valor,c
   342                           
   343                           ;TcladoMatricial.c: 23: PORTB=0xFE;
   344  007E8E  0EFE               	movlw	254
   345  007E90  6E81               	movwf	3969,c	;volatile
   346                           
   347                           ;TcladoMatricial.c: 24: if(PORTBbits.RB4==0){valor = '*';}
   348  007E92  B881               	btfsc	3969,4,c	;volatile
   349  007E94  D002               	goto	l651
   350  007E96  0E2A               	movlw	42
   351  007E98  6E01               	movwf	lectura@valor,c
   352  007E9A                     l651:
   353                           
   354                           ;TcladoMatricial.c: 25: if(PORTBbits.RB5==0){valor = '0';}
   355  007E9A  BA81               	btfsc	3969,5,c	;volatile
   356  007E9C  D002               	goto	l655
   357  007E9E  0E30               	movlw	48
   358  007EA0  6E01               	movwf	lectura@valor,c
   359  007EA2                     l655:
   360                           
   361                           ;TcladoMatricial.c: 26: if(PORTBbits.RB6==0){valor = '#';}
   362  007EA2  BC81               	btfsc	3969,6,c	;volatile
   363  007EA4  D002               	goto	l659
   364  007EA6  0E23               	movlw	35
   365  007EA8  6E01               	movwf	lectura@valor,c
   366  007EAA                     l659:
   367                           
   368                           ;TcladoMatricial.c: 27: if(PORTBbits.RB7==0){valor = 'D';}
   369  007EAA  BE81               	btfsc	3969,7,c	;volatile
   370  007EAC  D002               	goto	l37
   371  007EAE  0E44               	movlw	68
   372  007EB0  6E01               	movwf	lectura@valor,c
   373  007EB2                     l37:
   374                           
   375                           ;TcladoMatricial.c: 28: PORTB=0xFD;
   376  007EB2  0EFD               	movlw	253
   377  007EB4  6E81               	movwf	3969,c	;volatile
   378                           
   379                           ;TcladoMatricial.c: 29: if(PORTBbits.RB4==0){valor = '7';}
   380  007EB6  B881               	btfsc	3969,4,c	;volatile
   381  007EB8  D002               	goto	l667
   382  007EBA  0E37               	movlw	55
   383  007EBC  6E01               	movwf	lectura@valor,c
   384  007EBE                     l667:
   385                           
   386                           ;TcladoMatricial.c: 30: if(PORTBbits.RB5==0){valor = '8';}
   387  007EBE  BA81               	btfsc	3969,5,c	;volatile
   388  007EC0  D002               	goto	l671
   389  007EC2  0E38               	movlw	56
   390  007EC4  6E01               	movwf	lectura@valor,c
   391  007EC6                     l671:
   392                           
   393                           ;TcladoMatricial.c: 31: if(PORTBbits.RB6==0){valor = '9';}
   394  007EC6  BC81               	btfsc	3969,6,c	;volatile
   395  007EC8  D002               	goto	l675
   396  007ECA  0E39               	movlw	57
   397  007ECC  6E01               	movwf	lectura@valor,c
   398  007ECE                     l675:
   399                           
   400                           ;TcladoMatricial.c: 32: if(PORTBbits.RB7==0){valor = 'C';}
   401  007ECE  BE81               	btfsc	3969,7,c	;volatile
   402  007ED0  D002               	goto	l41
   403  007ED2  0E43               	movlw	67
   404  007ED4  6E01               	movwf	lectura@valor,c
   405  007ED6                     l41:
   406                           
   407                           ;TcladoMatricial.c: 33: PORTB=0xFB;
   408  007ED6  0EFB               	movlw	251
   409  007ED8  6E81               	movwf	3969,c	;volatile
   410                           
   411                           ;TcladoMatricial.c: 34: if(PORTBbits.RB4==0){valor = '4';}
   412  007EDA  B881               	btfsc	3969,4,c	;volatile
   413  007EDC  D002               	goto	l683
   414  007EDE  0E34               	movlw	52
   415  007EE0  6E01               	movwf	lectura@valor,c
   416  007EE2                     l683:
   417                           
   418                           ;TcladoMatricial.c: 35: if(PORTBbits.RB5==0){valor = '5';}
   419  007EE2  BA81               	btfsc	3969,5,c	;volatile
   420  007EE4  D002               	goto	l687
   421  007EE6  0E35               	movlw	53
   422  007EE8  6E01               	movwf	lectura@valor,c
   423  007EEA                     l687:
   424                           
   425                           ;TcladoMatricial.c: 36: if(PORTBbits.RB6==0){valor = '6';}
   426  007EEA  BC81               	btfsc	3969,6,c	;volatile
   427  007EEC  D002               	goto	l691
   428  007EEE  0E36               	movlw	54
   429  007EF0  6E01               	movwf	lectura@valor,c
   430  007EF2                     l691:
   431                           
   432                           ;TcladoMatricial.c: 37: if(PORTBbits.RB7==0){valor = 'B';}
   433  007EF2  BE81               	btfsc	3969,7,c	;volatile
   434  007EF4  D002               	goto	l45
   435  007EF6  0E42               	movlw	66
   436  007EF8  6E01               	movwf	lectura@valor,c
   437  007EFA                     l45:
   438                           
   439                           ;TcladoMatricial.c: 38: PORTB=0xF7;
   440  007EFA  0EF7               	movlw	247
   441  007EFC  6E81               	movwf	3969,c	;volatile
   442                           
   443                           ;TcladoMatricial.c: 39: if(PORTBbits.RB4==0){valor = '1';}
   444  007EFE  B881               	btfsc	3969,4,c	;volatile
   445  007F00  D002               	goto	l699
   446  007F02  0E31               	movlw	49
   447  007F04  6E01               	movwf	lectura@valor,c
   448  007F06                     l699:
   449                           
   450                           ;TcladoMatricial.c: 40: if(PORTBbits.RB5==0){valor = '2';}
   451  007F06  BA81               	btfsc	3969,5,c	;volatile
   452  007F08  D002               	goto	l703
   453  007F0A  0E32               	movlw	50
   454  007F0C  6E01               	movwf	lectura@valor,c
   455  007F0E                     l703:
   456                           
   457                           ;TcladoMatricial.c: 41: if(PORTBbits.RB6==0){valor = '3';}
   458  007F0E  BC81               	btfsc	3969,6,c	;volatile
   459  007F10  D002               	goto	l707
   460  007F12  0E33               	movlw	51
   461  007F14  6E01               	movwf	lectura@valor,c
   462  007F16                     l707:
   463                           
   464                           ;TcladoMatricial.c: 42: if(PORTBbits.RB7==0){valor = 'A';}
   465  007F16  BE81               	btfsc	3969,7,c	;volatile
   466  007F18  D002               	goto	l49
   467  007F1A  0E41               	movlw	65
   468  007F1C  6E01               	movwf	lectura@valor,c
   469  007F1E                     l49:
   470                           
   471                           ;TcladoMatricial.c: 43: return valor;
   472  007F1E  5001               	movf	lectura@valor,w,c
   473  007F20  0012               	return	
   474  007F22                     __end_of_lectura:
   475                           	opt stack 0
   476  0000                     tblptru	equ	0xFF8
   477                           intcon2	equ	0xFF1
   478                           status	equ	0xFD8
   479                           tblptru	equ	0xFF8
   480                           intcon2	equ	0xFF1
   481                           status	equ	0xFD8
   482                           
   483                           	psect	rparam
   484  0000                     tblptru	equ	0xFF8
   485                           intcon2	equ	0xFF1
   486                           status	equ	0xFD8


Data Sizes:
    Strings     0
    Constant    0
    Data        0
    BSS         0
    Persistent  0
    Stack       0

Auto Spaces:
    Space          Size  Autos    Used
    COMRAM           95      2       2
    BANK0           160      0       0
    BANK1           256      0       0
    BANK2           256      0       0
    BANK3           256      0       0
    BANK4           256      0       0
    BANK5           256      0       0
    BANK6           256      0       0
    BANK7           256      0       0

Pointer List with Targets:

    None.

Critical Paths under _main in COMRAM

    _main->_lectura

Critical Paths under _main in BANK0

    None.

Critical Paths under _main in BANK1

    None.

Critical Paths under _main in BANK2

    None.

Critical Paths under _main in BANK3

    None.

Critical Paths under _main in BANK4

    None.

Critical Paths under _main in BANK5

    None.

Critical Paths under _main in BANK6

    None.

Critical Paths under _main in BANK7

    None.

Call Graph Tables:

 ---------------------------------------------------------------------------------
 (Depth) Function   	        Calls       Base Space   Used Autos Params    Refs
 ---------------------------------------------------------------------------------
 (0) _main                                                 1     1      0      30
                                              1 COMRAM     1     1      0
                            _lectura
 ---------------------------------------------------------------------------------
 (1) _lectura                                              1     1      0      15
                                              0 COMRAM     1     1      0
 ---------------------------------------------------------------------------------
 Estimated maximum stack depth 1
 ---------------------------------------------------------------------------------

 Call Graph Graphs:

 _main (ROOT)
   _lectura

 Address spaces:
Name               Size   Autos  Total    Cost      Usage
BITCOMRAM           5F      0       0       0        0.0%
EEDATA             100      0       0       0        0.0%
NULL                 0      0       0       0        0.0%
CODE                 0      0       0       0        0.0%
COMRAM              5F      2       2       1        2.1%
STACK                0      0       0       2        0.0%
DATA                 0      0       0       3        0.0%
BITBANK0            A0      0       0       4        0.0%
BANK0               A0      0       0       5        0.0%
BITBANK1           100      0       0       6        0.0%
BANK1              100      0       0       7        0.0%
BITBANK2           100      0       0       8        0.0%
BANK2              100      0       0       9        0.0%
BITBANK3           100      0       0      10        0.0%
BANK3              100      0       0      11        0.0%
BITBANK4           100      0       0      12        0.0%
BANK4              100      0       0      13        0.0%
BITBANK5           100      0       0      14        0.0%
BANK5              100      0       0      15        0.0%
BITBANK6           100      0       0      16        0.0%
BANK6              100      0       0      17        0.0%
BITBANK7           100      0       0      18        0.0%
BANK7              100      0       0      19        0.0%
ABS                  0      0       0      20        0.0%
BIGRAM             7FF      0       0      21        0.0%
BITSFR               0      0       0      40        0.0%
SFR                  0      0       0      40        0.0%


Microchip Technology PIC18 Macro Assembler V1.32 build 58300 
Symbol Table                                                                                   Sun Nov 11 19:12:04 2018

                     l41 7ED6                       l45 7EFA                       l37 7EB2  
                     l49 7F1E              __CFG_BORV$3 000000       __CFG_FOSC$XTPLL_XT 000000  
           __CFG_CP0$OFF 000000             __CFG_CP1$OFF 000000             __CFG_CP2$OFF 000000  
           __CFG_CP3$OFF 000000                      l703 7F0E                      l707 7F16  
                    l651 7E9A                      l731 7F5E                      l723 7F4E  
                    l725 7F56                      l671 7EC6                      l655 7EA2  
                    l743 7F72                      l761 7F8E                      l737 7F6A  
                    l691 7EF2                      l683 7EE2                      l675 7ECE  
                    l667 7EBE                      l659 7EAA                      l755 7F86  
                    l773 7FA2                      l749 7F7A                      l687 7EEA  
                    l767 7F9A                      l785 7FB4                      l699 7F06  
                    l779 7FAE                      l789 7FBA             __CFG_CPB$OFF 000000  
                    _PR2 000FCB             __CFG_CPD$OFF 000000             __CFG_BOR$OFF 000000  
           __CFG_LVP$OFF 000000             __CFG_WDT$OFF 000000             __CFG_PWRT$ON 000000  
                   _main 7F22                     start 0000            __CFG_IESO$OFF 000000  
          __CFG_MCLRE$ON 000000            __CFG_PLLDIV$1 000000                    ?_main 0001  
                  _T2CON 000FCA                    _PORTB 000F81                    _PORTD 000F83  
          __CFG_USBDIV$1 000000                    _TRISB 000F93                    _TRISD 000F95  
          __CFG_WRT0$OFF 000000            __CFG_WRT1$OFF 000000            __CFG_WRT2$OFF 000000  
          __CFG_WRT3$OFF 000000           __CFG_EBTR0$OFF 000000           __CFG_FCMEN$OFF 000000  
         __CFG_EBTR1$OFF 000000           __CFG_EBTR2$OFF 000000           __CFG_EBTR3$OFF 000000  
          __CFG_WRTB$OFF 000000            __CFG_WRTC$OFF 000000            __CFG_WRTD$OFF 000000  
         __CFG_EBTRB$OFF 000000          __end_of_lectura 7F22                    status 000FD8  
         __CFG_ICPRT$OFF 000000          __initialization 7E80             __end_of_main 8000  
                 ??_main 0002            __activetblptr 000002          __CFG_CCP2MX$OFF 000000  
                 _ADCON0 000FC2                   _ADCON2 000FC0                   _CCPR1L 000FBE  
         __CFG_XINST$OFF 000000                ??_lectura 0001                   tblptru 000FF8  
             __accesstop 0060  __end_of__initialization 7E80          __CFG_PBADEN$OFF 000000  
         __pcstackCOMRAM 0001             lectura@valor 0001                  _CCP1CON 000FBD  
        __CFG_VREGEN$OFF 000000                  __Hparam 0000                  __Lparam 0000  
        __CFG_STVREN$OFF 000000                  __pcinit 7E80                  __ramtop 0800  
                __ptext0 7F22                  __ptext1 7E8A                  _lectura 7E8A  
   end_of_initialization 7E80            __Lmediumconst 0000                _PORTBbits 000F81  
              _TRISCbits 000F94              _CCP1CONbits 000FBD      start_initialization 7E80  
       __CFG_LPT1OSC$OFF 000000                 ?_lectura 0001         __CFG_WDTPS$32768 000000  
            _INTCON2bits 000FF1                 __Hrparam 0000                 __Lrparam 0000  
       __size_of_lectura 0098            __size_of_main 00DE                 main@dato 0002  
  __CFG_CPUDIV$OSC1_PLL2 000000  
