

Microchip Technology PIC18 LITE Macro Assembler V1.32 build 58300 
                                                                                               Sat Nov 03 19:08:23 2018

Microchip Technology Omniscient Code Generator (Lite mode) build 58300
     1                           	processor	18F4550
     2                           	fnconf	rparam,??,?,0
     3                           	opt	pw 120
     4                           	opt	lm
     5                           	psect	text0,global,reloc=2,class=CODE,delta=1
     6                           	psect	cinit,global,reloc=2,class=CODE,delta=1
     7                           	psect	cstackCOMRAM,global,class=COMRAM,space=1,delta=1
     8                           	psect	intsave_regs,global,class=BIGRAM,space=1,delta=1
     9                           	psect	rparam,global,class=COMRAM,space=1,delta=1
    10  0000                     _ADCON1	set	4033
    11  0000                     _PORTB	set	3969
    12  0000                     _PORTD	set	3971
    13  0000                     _TRISB	set	3987
    14  0000                     _TRISD	set	3989
    15                           
    16                           ; 0 bytes @ 0x0
    17 ;;
    18 ;;Main: autosize = 0, tempsize = 0, incstack = 0, save=0
    19 ;;
    20 ;; *************** function _main *****************
    21 ;; Defined at:
    22 ;;		line 15 in file "jueves.c"
    23 ;; Parameters:    Size  Location     Type
    24 ;;		None
    25 ;; Auto vars:     Size  Location     Type
    26 ;;		None
    27 ;; Return value:  Size  Location     Type
    28 ;;		None               void
    29 ;; Registers used:
    30 ;;		wreg, status,2
    31 ;; Tracked objects:
    32 ;;		On entry : 0/0
    33 ;;		On exit  : 0/0
    34 ;;		Unchanged: 0/0
    35 ;; Data sizes:     COMRAM   BANK0   BANK1   BANK2   BANK3   BANK4   BANK5   BANK6   BANK7
    36 ;;      Params:         0       0       0       0       0       0       0       0       0
    37 ;;      Locals:         0       0       0       0       0       0       0       0       0
    38 ;;      Temps:          0       0       0       0       0       0       0       0       0
    39 ;;      Totals:         0       0       0       0       0       0       0       0       0
    40 ;;Total ram usage:        0 bytes
    41 ;; This function calls:
    42 ;;		Nothing
    43 ;; This function is called by:
    44 ;;		Startup code after reset
    45 ;; This function uses a non-reentrant model
    46 ;;
    47                           
    48                           	psect	text0
    49  007FF0                     __ptext0:
    50                           	opt stack 0
    51  007FF0                     _main:
    52                           	opt stack 31
    53                           
    54                           ;jueves.c: 16: ADCON1=0b00001111;
    55                           
    56                           ;incstack = 0
    57  007FF0  0E0F               	movlw	15
    58  007FF2  6EC1               	movwf	4033,c	;volatile
    59                           
    60                           ;jueves.c: 18: TRISB=0b11111111;
    61  007FF4  6893               	setf	3987,c	;volatile
    62                           
    63                           ;jueves.c: 20: TRISD=0b00000000;
    64  007FF6  0E00               	movlw	0
    65  007FF8  6E95               	movwf	3989,c	;volatile
    66  007FFA                     l596:
    67                           
    68                           ;jueves.c: 23: PORTD=PORTB;
    69  007FFA  CF81 FF83          	movff	3969,3971	;volatile
    70  007FFE  D7FD               	goto	l596
    71  008000                     __end_of_main:
    72                           	opt stack 0
    73  0000                     
    74                           	psect	cinit
    75  007FEA                     __pcinit:
    76                           	opt stack 0
    77  007FEA                     start_initialization:
    78                           	opt stack 0
    79  007FEA                     __initialization:
    80                           	opt stack 0
    81  007FEA                     end_of_initialization:
    82                           	opt stack 0
    83  007FEA                     __end_of__initialization:
    84                           	opt stack 0
    85  007FEA  0100               	movlb	0
    86  007FEC  EFF8  F03F         	goto	_main	;jump to C main() function
    87                           
    88                           	psect	cstackCOMRAM
    89  000000                     __pcstackCOMRAM:
    90                           	opt stack 0
    91  000000                     
    92                           	psect	rparam


Data Sizes:
    Strings     0
    Constant    0
    Data        0
    BSS         0
    Persistent  0
    Stack       0

Auto Spaces:
    Space          Size  Autos    Used
    COMRAM           95      0       0
    BANK0           160      0       0
    BANK1           256      0       0
    BANK2           256      0       0
    BANK3           256      0       0
    BANK4           256      0       0
    BANK5           256      0       0
    BANK6           256      0       0
    BANK7           256      0       0

Pointer List with Targets:

    None.

Critical Paths under _main in COMRAM

    None.

Critical Paths under _main in BANK0

    None.

Critical Paths under _main in BANK1

    None.

Critical Paths under _main in BANK2

    None.

Critical Paths under _main in BANK3

    None.

Critical Paths under _main in BANK4

    None.

Critical Paths under _main in BANK5

    None.

Critical Paths under _main in BANK6

    None.

Critical Paths under _main in BANK7

    None.

Call Graph Tables:

 ---------------------------------------------------------------------------------
 (Depth) Function   	        Calls       Base Space   Used Autos Params    Refs
 ---------------------------------------------------------------------------------
 (0) _main                                                 0     0      0       0
 ---------------------------------------------------------------------------------
 Estimated maximum stack depth 0
 ---------------------------------------------------------------------------------

 Call Graph Graphs:

 _main (ROOT)

 Address spaces:
Name               Size   Autos  Total    Cost      Usage
BITCOMRAM           5F      0       0       0        0.0%
EEDATA             100      0       0       0        0.0%
NULL                 0      0       0       0        0.0%
CODE                 0      0       0       0        0.0%
COMRAM              5F      0       0       1        0.0%
STACK                0      0       0       2        0.0%
DATA                 0      0       0       3        0.0%
BITBANK0            A0      0       0       4        0.0%
BANK0               A0      0       0       5        0.0%
BITBANK1           100      0       0       6        0.0%
BANK1              100      0       0       7        0.0%
BITBANK2           100      0       0       8        0.0%
BANK2              100      0       0       9        0.0%
BITBANK3           100      0       0      10        0.0%
BANK3              100      0       0      11        0.0%
BITBANK4           100      0       0      12        0.0%
BANK4              100      0       0      13        0.0%
BITBANK5           100      0       0      14        0.0%
BANK5              100      0       0      15        0.0%
BITBANK6           100      0       0      16        0.0%
BANK6              100      0       0      17        0.0%
BITBANK7           100      0       0      18        0.0%
BANK7              100      0       0      19        0.0%
ABS                  0      0       0      20        0.0%
BIGRAM             7FF      0       0      21        0.0%
BITSFR               0      0       0      40        0.0%
SFR                  0      0       0      40        0.0%


Microchip Technology PIC18 Macro Assembler V1.32 build 58300 
Symbol Table                                                                                   Sat Nov 03 19:08:23 2018

            __CFG_BORV$3 000000       __CFG_FOSC$XTPLL_XT 000000             __CFG_CP0$OFF 000000  
           __CFG_CP1$OFF 000000             __CFG_CP2$OFF 000000             __CFG_CP3$OFF 000000  
                    l596 7FFA             __CFG_CPB$OFF 000000             __CFG_CPD$OFF 000000  
           __CFG_BOR$OFF 000000             __CFG_LVP$OFF 000000             __CFG_WDT$OFF 000000  
           __CFG_PWRT$ON 000000                     _main 7FF0                     start 0000  
          __CFG_IESO$OFF 000000            __CFG_MCLRE$ON 000000            __CFG_PLLDIV$1 000000  
                  ?_main 0000                    _PORTB 000F81                    _PORTD 000F83  
          __CFG_USBDIV$1 000000                    _TRISB 000F93                    _TRISD 000F95  
          __CFG_WRT0$OFF 000000            __CFG_WRT1$OFF 000000            __CFG_WRT2$OFF 000000  
          __CFG_WRT3$OFF 000000           __CFG_EBTR0$OFF 000000           __CFG_FCMEN$OFF 000000  
         __CFG_EBTR1$OFF 000000           __CFG_EBTR2$OFF 000000           __CFG_EBTR3$OFF 000000  
          __CFG_WRTB$OFF 000000            __CFG_WRTC$OFF 000000            __CFG_WRTD$OFF 000000  
         __CFG_EBTRB$OFF 000000           __CFG_ICPRT$OFF 000000          __initialization 7FEA  
           __end_of_main 8000                   ??_main 0000            __activetblptr 000000  
        __CFG_CCP2MX$OFF 000000                   _ADCON1 000FC1           __CFG_XINST$OFF 000000  
             __accesstop 0060  __end_of__initialization 7FEA          __CFG_PBADEN$OFF 000000  
         __pcstackCOMRAM 0000          __CFG_VREGEN$OFF 000000                  __Hparam 0000  
                __Lparam 0000          __CFG_STVREN$OFF 000000                  __pcinit 7FEA  
                __ramtop 0800                  __ptext0 7FF0     end_of_initialization 7FEA  
    start_initialization 7FEA         __CFG_LPT1OSC$OFF 000000         __CFG_WDTPS$32768 000000  
               __Hrparam 0000                 __Lrparam 0000            __size_of_main 0010  
  __CFG_CPUDIV$OSC1_PLL2 000000  
